2023-09-16T19:28:08.802824288Z stderr F I0916 19:28:08.802663       1 serving.go:348] Generated self-signed cert in-memory
2023-09-16T19:28:09.389457138Z stderr F I0916 19:28:09.389257       1 controllermanager.go:178] Version: v1.25.3
2023-09-16T19:28:09.389466439Z stderr F I0916 19:28:09.389349       1 controllermanager.go:180] "Golang settings" GOGC="" GOMAXPROCS="" GOTRACEBACK=""
2023-09-16T19:28:09.391094161Z stderr F I0916 19:28:09.391044       1 dynamic_cafile_content.go:157] "Starting controller" name="request-header::/etc/kubernetes/pki/front-proxy-ca.crt"
2023-09-16T19:28:09.391698906Z stderr F I0916 19:28:09.391661       1 secure_serving.go:210] Serving securely on 127.0.0.1:10257
2023-09-16T19:28:09.392177442Z stderr F I0916 19:28:09.392111       1 leaderelection.go:248] attempting to acquire leader lease kube-system/kube-controller-manager...
2023-09-16T19:28:09.393120412Z stderr F I0916 19:28:09.393079       1 tlsconfig.go:240] "Starting DynamicServingCertificateController"
2023-09-16T19:28:09.393331628Z stderr F I0916 19:28:09.393297       1 dynamic_cafile_content.go:157] "Starting controller" name="client-ca-bundle::/etc/kubernetes/pki/ca.crt"
2023-09-16T19:28:14.174108795Z stderr F E0916 19:28:14.174000       1 leaderelection.go:330] error retrieving resource lock kube-system/kube-controller-manager: leases.coordination.k8s.io "kube-controller-manager" is forbidden: User "system:kube-controller-manager" cannot get resource "leases" in API group "coordination.k8s.io" in the namespace "kube-system"
2023-09-16T19:28:18.46128918Z stderr F I0916 19:28:18.461209       1 leaderelection.go:258] successfully acquired lease kube-system/kube-controller-manager
2023-09-16T19:28:18.46208024Z stderr F I0916 19:28:18.462000       1 event.go:294] "Event occurred" object="kube-system/kube-controller-manager" fieldPath="" kind="Lease" apiVersion="coordination.k8s.io/v1" type="Normal" reason="LeaderElection" message="kind-control-plane_789827bd-9df2-4038-9668-f1b48d72e053 became leader"
2023-09-16T19:28:18.500710855Z stderr F I0916 19:28:18.500594       1 shared_informer.go:255] Waiting for caches to sync for tokens
2023-09-16T19:28:18.551596096Z stderr F I0916 19:28:18.551473       1 controllermanager.go:603] Started "namespace"
2023-09-16T19:28:18.551747008Z stderr F I0916 19:28:18.551685       1 namespace_controller.go:200] Starting namespace controller
2023-09-16T19:28:18.551790211Z stderr F I0916 19:28:18.551757       1 shared_informer.go:255] Waiting for caches to sync for namespace
2023-09-16T19:28:18.556053533Z stderr F I0916 19:28:18.555962       1 controllermanager.go:603] Started "job"
2023-09-16T19:28:18.556168741Z stderr F I0916 19:28:18.556113       1 job_controller.go:196] Starting job controller
2023-09-16T19:28:18.556198243Z stderr F I0916 19:28:18.556169       1 shared_informer.go:255] Waiting for caches to sync for job
2023-09-16T19:28:18.559941626Z stderr F I0916 19:28:18.559861       1 controllermanager.go:603] Started "csrapproving"
2023-09-16T19:28:18.560150042Z stderr F I0916 19:28:18.559977       1 certificate_controller.go:112] Starting certificate controller "csrapproving"
2023-09-16T19:28:18.560165843Z stderr F I0916 19:28:18.560150       1 shared_informer.go:255] Waiting for caches to sync for certificate-csrapproving
2023-09-16T19:28:18.563645206Z stderr F I0916 19:28:18.563581       1 controllermanager.go:603] Started "ttl-after-finished"
2023-09-16T19:28:18.563721411Z stderr F I0916 19:28:18.563683       1 ttlafterfinished_controller.go:109] Starting TTL after finished controller
2023-09-16T19:28:18.563758814Z stderr F I0916 19:28:18.563733       1 shared_informer.go:255] Waiting for caches to sync for TTL after finished
2023-09-16T19:28:18.567792519Z stderr F I0916 19:28:18.567722       1 controllermanager.go:603] Started "replicationcontroller"
2023-09-16T19:28:18.56794283Z stderr F I0916 19:28:18.567854       1 replica_set.go:205] Starting replicationcontroller controller
2023-09-16T19:28:18.56795013Z stderr F I0916 19:28:18.567901       1 shared_informer.go:255] Waiting for caches to sync for ReplicationController
2023-09-16T19:28:18.572026138Z stderr F I0916 19:28:18.571933       1 controllermanager.go:603] Started "podgc"
2023-09-16T19:28:18.572157448Z stderr F I0916 19:28:18.572028       1 gc_controller.go:99] Starting GC controller
2023-09-16T19:28:18.572163449Z stderr F I0916 19:28:18.572139       1 shared_informer.go:255] Waiting for caches to sync for GC
2023-09-16T19:28:18.575832325Z stderr F I0916 19:28:18.575760       1 node_ipam_controller.go:91] Sending events to api server.
2023-09-16T19:28:18.601170238Z stderr F I0916 19:28:18.601089       1 shared_informer.go:262] Caches are synced for tokens
2023-09-16T19:28:28.58334569Z stderr F I0916 19:28:28.583238       1 range_allocator.go:76] Sending events to api server.
2023-09-16T19:28:28.583878032Z stderr F I0916 19:28:28.583804       1 range_allocator.go:110] No Secondary Service CIDR provided. Skipping filtering out secondary service addresses.
2023-09-16T19:28:28.583947437Z stderr F I0916 19:28:28.583904       1 controllermanager.go:603] Started "nodeipam"
2023-09-16T19:28:28.584439376Z stderr F I0916 19:28:28.584384       1 node_ipam_controller.go:154] Starting ipam controller
2023-09-16T19:28:28.584450377Z stderr F I0916 19:28:28.584430       1 shared_informer.go:255] Waiting for caches to sync for node
2023-09-16T19:28:28.589123844Z stderr F I0916 19:28:28.589045       1 controllermanager.go:603] Started "persistentvolume-expander"
2023-09-16T19:28:28.58919865Z stderr F I0916 19:28:28.589158       1 expand_controller.go:340] Starting expand controller
2023-09-16T19:28:28.589220452Z stderr F I0916 19:28:28.589187       1 shared_informer.go:255] Waiting for caches to sync for expand
2023-09-16T19:28:28.593077756Z stderr F I0916 19:28:28.593006       1 controllermanager.go:603] Started "clusterrole-aggregation"
2023-09-16T19:28:28.593189264Z stderr F I0916 19:28:28.593136       1 clusterroleaggregation_controller.go:194] Starting ClusterRoleAggregator
2023-09-16T19:28:28.593216666Z stderr F I0916 19:28:28.593190       1 shared_informer.go:255] Waiting for caches to sync for ClusterRoleAggregator
2023-09-16T19:28:28.597251084Z stderr F I0916 19:28:28.597175       1 controllermanager.go:603] Started "replicaset"
2023-09-16T19:28:28.597383794Z stderr F I0916 19:28:28.597311       1 replica_set.go:205] Starting replicaset controller
2023-09-16T19:28:28.597389995Z stderr F I0916 19:28:28.597325       1 shared_informer.go:255] Waiting for caches to sync for ReplicaSet
2023-09-16T19:28:28.599022723Z stderr F I0916 19:28:28.598936       1 certificate_controller.go:112] Starting certificate controller "csrsigning-kubelet-serving"
2023-09-16T19:28:28.599034424Z stderr F I0916 19:28:28.598951       1 shared_informer.go:255] Waiting for caches to sync for certificate-csrsigning-kubelet-serving
2023-09-16T19:28:28.599038124Z stderr F I0916 19:28:28.598979       1 dynamic_serving_content.go:132] "Starting controller" name="csr-controller::/etc/kubernetes/pki/ca.crt::/etc/kubernetes/pki/ca.key"
2023-09-16T19:28:28.59962157Z stderr F I0916 19:28:28.599542       1 certificate_controller.go:112] Starting certificate controller "csrsigning-kubelet-client"
2023-09-16T19:28:28.599632371Z stderr F I0916 19:28:28.599558       1 shared_informer.go:255] Waiting for caches to sync for certificate-csrsigning-kubelet-client
2023-09-16T19:28:28.599636571Z stderr F I0916 19:28:28.599577       1 dynamic_serving_content.go:132] "Starting controller" name="csr-controller::/etc/kubernetes/pki/ca.crt::/etc/kubernetes/pki/ca.key"
2023-09-16T19:28:28.599857089Z stderr F I0916 19:28:28.599797       1 controllermanager.go:603] Started "csrsigning"
2023-09-16T19:28:28.600085807Z stderr F I0916 19:28:28.600015       1 certificate_controller.go:112] Starting certificate controller "csrsigning-kube-apiserver-client"
2023-09-16T19:28:28.600669453Z stderr F I0916 19:28:28.600542       1 shared_informer.go:255] Waiting for caches to sync for certificate-csrsigning-kube-apiserver-client
2023-09-16T19:28:28.600682254Z stderr F I0916 19:28:28.600043       1 certificate_controller.go:112] Starting certificate controller "csrsigning-legacy-unknown"
2023-09-16T19:28:28.600696455Z stderr F I0916 19:28:28.600567       1 shared_informer.go:255] Waiting for caches to sync for certificate-csrsigning-legacy-unknown
2023-09-16T19:28:28.600699955Z stderr F I0916 19:28:28.600057       1 dynamic_serving_content.go:132] "Starting controller" name="csr-controller::/etc/kubernetes/pki/ca.crt::/etc/kubernetes/pki/ca.key"
2023-09-16T19:28:28.60075666Z stderr F I0916 19:28:28.600100       1 dynamic_serving_content.go:132] "Starting controller" name="csr-controller::/etc/kubernetes/pki/ca.crt::/etc/kubernetes/pki/ca.key"
2023-09-16T19:28:28.601662131Z stderr F I0916 19:28:28.601595       1 controllermanager.go:603] Started "csrcleaner"
2023-09-16T19:28:28.601863547Z stderr F I0916 19:28:28.601615       1 cleaner.go:82] Starting CSR cleaner controller
2023-09-16T19:28:28.605906165Z stderr F I0916 19:28:28.605831       1 controllermanager.go:603] Started "ephemeral-volume"
2023-09-16T19:28:28.606032275Z stderr F I0916 19:28:28.605979       1 controller.go:169] Starting ephemeral volume controller
2023-09-16T19:28:28.606136183Z stderr F I0916 19:28:28.606097       1 shared_informer.go:255] Waiting for caches to sync for ephemeral
2023-09-16T19:28:28.610318412Z stderr F I0916 19:28:28.610250       1 controllermanager.go:603] Started "endpoint"
2023-09-16T19:28:28.610525328Z stderr F I0916 19:28:28.610473       1 endpoints_controller.go:182] Starting endpoint controller
2023-09-16T19:28:28.610603834Z stderr F I0916 19:28:28.610570       1 shared_informer.go:255] Waiting for caches to sync for endpoint
2023-09-16T19:28:28.614783763Z stderr F I0916 19:28:28.614723       1 controllermanager.go:603] Started "endpointslicemirroring"
2023-09-16T19:28:28.614970878Z stderr F I0916 19:28:28.614914       1 endpointslicemirroring_controller.go:216] Starting EndpointSliceMirroring controller
2023-09-16T19:28:28.614979578Z stderr F I0916 19:28:28.614931       1 shared_informer.go:255] Waiting for caches to sync for endpoint_slice_mirroring
2023-09-16T19:28:28.619467731Z stderr F I0916 19:28:28.619359       1 controllermanager.go:603] Started "daemonset"
2023-09-16T19:28:28.619730952Z stderr F I0916 19:28:28.619592       1 daemon_controller.go:291] Starting daemon sets controller
2023-09-16T19:28:28.619798057Z stderr F I0916 19:28:28.619764       1 shared_informer.go:255] Waiting for caches to sync for daemon sets
2023-09-16T19:28:28.6241466Z stderr F I0916 19:28:28.624069       1 controllermanager.go:603] Started "ttl"
2023-09-16T19:28:28.624419721Z stderr F I0916 19:28:28.624359       1 ttl_controller.go:120] Starting TTL controller
2023-09-16T19:28:28.624500027Z stderr F I0916 19:28:28.624460       1 shared_informer.go:255] Waiting for caches to sync for TTL
2023-09-16T19:28:28.629030984Z stderr F I0916 19:28:28.628947       1 controllermanager.go:603] Started "pv-protection"
2023-09-16T19:28:28.629082088Z stderr F I0916 19:28:28.628977       1 pv_protection_controller.go:79] Starting PV protection controller
2023-09-16T19:28:28.629087688Z stderr F I0916 19:28:28.629012       1 shared_informer.go:255] Waiting for caches to sync for PV protection
2023-09-16T19:28:28.779906052Z stderr F I0916 19:28:28.779770       1 controllermanager.go:603] Started "tokencleaner"
2023-09-16T19:28:28.779939455Z stderr F I0916 19:28:28.779858       1 tokencleaner.go:118] Starting token cleaner controller
2023-09-16T19:28:28.779944255Z stderr F I0916 19:28:28.779873       1 shared_informer.go:255] Waiting for caches to sync for token_cleaner
2023-09-16T19:28:28.779947356Z stderr F I0916 19:28:28.779885       1 shared_informer.go:262] Caches are synced for token_cleaner
2023-09-16T19:28:28.930375189Z stderr F I0916 19:28:28.930217       1 controllermanager.go:603] Started "persistentvolume-binder"
2023-09-16T19:28:28.930631709Z stderr F I0916 19:28:28.930541       1 pv_controller_base.go:318] Starting persistent volume controller
2023-09-16T19:28:28.93064551Z stderr F I0916 19:28:28.930567       1 shared_informer.go:255] Waiting for caches to sync for persistent volume
2023-09-16T19:28:28.980147004Z stderr F I0916 19:28:28.980036       1 node_lifecycle_controller.go:497] Controller will reconcile labels.
2023-09-16T19:28:28.980723049Z stderr F I0916 19:28:28.980135       1 controllermanager.go:603] Started "nodelifecycle"
2023-09-16T19:28:28.980736751Z stderr F I0916 19:28:28.980315       1 node_lifecycle_controller.go:532] Sending events to api server.
2023-09-16T19:28:28.980741951Z stderr F I0916 19:28:28.980345       1 node_lifecycle_controller.go:543] Starting node controller
2023-09-16T19:28:28.980746551Z stderr F I0916 19:28:28.980353       1 shared_informer.go:255] Waiting for caches to sync for taint
2023-09-16T19:28:29.129768774Z stderr F E0916 19:28:29.129660       1 core.go:92] Failed to start service controller: WARNING: no cloud provider provided, services of type LoadBalancer will fail
2023-09-16T19:28:29.129788676Z stderr F W0916 19:28:29.129684       1 controllermanager.go:581] Skipping "service"
2023-09-16T19:28:29.279945888Z stderr F I0916 19:28:29.279806       1 controllermanager.go:603] Started "pvc-protection"
2023-09-16T19:28:29.279996392Z stderr F I0916 19:28:29.279851       1 pvc_protection_controller.go:103] "Starting PVC protection controller"
2023-09-16T19:28:29.280002392Z stderr F I0916 19:28:29.279861       1 shared_informer.go:255] Waiting for caches to sync for PVC protection
2023-09-16T19:28:29.430300615Z stderr F I0916 19:28:29.430140       1 controllermanager.go:603] Started "endpointslice"
2023-09-16T19:28:29.430527933Z stderr F I0916 19:28:29.430347       1 endpointslice_controller.go:261] Starting endpoint slice controller
2023-09-16T19:28:29.430542734Z stderr F I0916 19:28:29.430440       1 shared_informer.go:255] Waiting for caches to sync for endpoint_slice
2023-09-16T19:28:29.735665437Z stderr F I0916 19:28:29.735518       1 resource_quota_monitor.go:218] QuotaMonitor created object count evaluator for ingresses.networking.k8s.io
2023-09-16T19:28:29.735696339Z stderr F I0916 19:28:29.735555       1 resource_quota_monitor.go:218] QuotaMonitor created object count evaluator for csistoragecapacities.storage.k8s.io
2023-09-16T19:28:29.735700639Z stderr F I0916 19:28:29.735576       1 resource_quota_monitor.go:218] QuotaMonitor created object count evaluator for jobs.batch
2023-09-16T19:28:29.73570414Z stderr F I0916 19:28:29.735591       1 resource_quota_monitor.go:218] QuotaMonitor created object count evaluator for rolebindings.rbac.authorization.k8s.io
2023-09-16T19:28:29.73570724Z stderr F I0916 19:28:29.735603       1 resource_quota_monitor.go:218] QuotaMonitor created object count evaluator for controllerrevisions.apps
2023-09-16T19:28:29.735750343Z stderr F I0916 19:28:29.735623       1 resource_quota_monitor.go:218] QuotaMonitor created object count evaluator for horizontalpodautoscalers.autoscaling
2023-09-16T19:28:29.735755344Z stderr F W0916 19:28:29.735636       1 shared_informer.go:533] resyncPeriod 15h49m4.545570203s is smaller than resyncCheckPeriod 19h39m12.831268965s and the informer has already started. Changing it to 19h39m12.831268965s
2023-09-16T19:28:29.735758444Z stderr F I0916 19:28:29.735710       1 resource_quota_monitor.go:218] QuotaMonitor created object count evaluator for serviceaccounts
2023-09-16T19:28:29.735782646Z stderr F I0916 19:28:29.735750       1 resource_quota_monitor.go:218] QuotaMonitor created object count evaluator for endpointslices.discovery.k8s.io
2023-09-16T19:28:29.735786446Z stderr F I0916 19:28:29.735766       1 resource_quota_monitor.go:218] QuotaMonitor created object count evaluator for replicasets.apps
2023-09-16T19:28:29.735817249Z stderr F I0916 19:28:29.735782       1 resource_quota_monitor.go:218] QuotaMonitor created object count evaluator for daemonsets.apps
2023-09-16T19:28:29.735821449Z stderr F I0916 19:28:29.735798       1 resource_quota_monitor.go:218] QuotaMonitor created object count evaluator for networkpolicies.networking.k8s.io
2023-09-16T19:28:29.735877953Z stderr F I0916 19:28:29.735836       1 resource_quota_monitor.go:218] QuotaMonitor created object count evaluator for roles.rbac.authorization.k8s.io
2023-09-16T19:28:29.735896555Z stderr F I0916 19:28:29.735855       1 resource_quota_monitor.go:218] QuotaMonitor created object count evaluator for endpoints
2023-09-16T19:28:29.735926457Z stderr F I0916 19:28:29.735877       1 resource_quota_monitor.go:218] QuotaMonitor created object count evaluator for statefulsets.apps
2023-09-16T19:28:29.735930158Z stderr F I0916 19:28:29.735912       1 resource_quota_monitor.go:218] QuotaMonitor created object count evaluator for poddisruptionbudgets.policy
2023-09-16T19:28:29.735974861Z stderr F I0916 19:28:29.735925       1 resource_quota_monitor.go:218] QuotaMonitor created object count evaluator for leases.coordination.k8s.io
2023-09-16T19:28:29.735979361Z stderr F I0916 19:28:29.735942       1 resource_quota_monitor.go:218] QuotaMonitor created object count evaluator for limitranges
2023-09-16T19:28:29.736073269Z stderr F I0916 19:28:29.736018       1 resource_quota_monitor.go:218] QuotaMonitor created object count evaluator for podtemplates
2023-09-16T19:28:29.736654414Z stderr F I0916 19:28:29.736589       1 resource_quota_monitor.go:218] QuotaMonitor created object count evaluator for deployments.apps
2023-09-16T19:28:29.736661015Z stderr F I0916 19:28:29.736608       1 resource_quota_monitor.go:218] QuotaMonitor created object count evaluator for cronjobs.batch
2023-09-16T19:28:29.736714619Z stderr F I0916 19:28:29.736671       1 controllermanager.go:603] Started "resourcequota"
2023-09-16T19:28:29.736788125Z stderr F I0916 19:28:29.736683       1 resource_quota_controller.go:277] Starting resource quota controller
2023-09-16T19:28:29.736795126Z stderr F I0916 19:28:29.736776       1 shared_informer.go:255] Waiting for caches to sync for resource quota
2023-09-16T19:28:29.73684953Z stderr F I0916 19:28:29.736813       1 resource_quota_monitor.go:295] QuotaMonitor running
2023-09-16T19:28:29.980129701Z stderr F I0916 19:28:29.980023       1 garbagecollector.go:154] Starting garbage collector controller
2023-09-16T19:28:29.980277812Z stderr F I0916 19:28:29.980210       1 shared_informer.go:255] Waiting for caches to sync for garbage collector
2023-09-16T19:28:29.980368919Z stderr F I0916 19:28:29.980104       1 controllermanager.go:603] Started "garbagecollector"
2023-09-16T19:28:29.980476727Z stderr F I0916 19:28:29.980229       1 graph_builder.go:291] GraphBuilder running
2023-09-16T19:28:30.230644183Z stderr F I0916 19:28:30.230465       1 controllermanager.go:603] Started "statefulset"
2023-09-16T19:28:30.230767993Z stderr F I0916 19:28:30.230673       1 stateful_set.go:152] Starting stateful set controller
2023-09-16T19:28:30.230778193Z stderr F I0916 19:28:30.230697       1 shared_informer.go:255] Waiting for caches to sync for stateful set
2023-09-16T19:28:30.379660996Z stderr F I0916 19:28:30.379523       1 controllermanager.go:603] Started "cronjob"
2023-09-16T19:28:30.37984871Z stderr F I0916 19:28:30.379760       1 cronjob_controllerv2.go:135] "Starting cronjob controller v2"
2023-09-16T19:28:30.379859011Z stderr F I0916 19:28:30.379776       1 shared_informer.go:255] Waiting for caches to sync for cronjob
2023-09-16T19:28:30.528987633Z stderr F I0916 19:28:30.528881       1 controllermanager.go:603] Started "root-ca-cert-publisher"
2023-09-16T19:28:30.529008434Z stderr F I0916 19:28:30.528914       1 publisher.go:107] Starting root CA certificate configmap publisher
2023-09-16T19:28:30.529066239Z stderr F I0916 19:28:30.528921       1 shared_informer.go:255] Waiting for caches to sync for crt configmap
2023-09-16T19:28:30.679576263Z stderr F I0916 19:28:30.679481       1 controllermanager.go:603] Started "serviceaccount"
2023-09-16T19:28:30.679594064Z stderr F I0916 19:28:30.679513       1 serviceaccounts_controller.go:117] Starting service account controller
2023-09-16T19:28:30.679598065Z stderr F I0916 19:28:30.679519       1 shared_informer.go:255] Waiting for caches to sync for service account
2023-09-16T19:28:30.978681869Z stderr F I0916 19:28:30.978522       1 controllermanager.go:603] Started "horizontalpodautoscaling"
2023-09-16T19:28:30.978749274Z stderr F W0916 19:28:30.978546       1 core.go:232] configure-cloud-routes is set, but no cloud provider specified. Will not configure cloud provider routes.
2023-09-16T19:28:30.978756875Z stderr F W0916 19:28:30.978554       1 controllermanager.go:581] Skipping "route"
2023-09-16T19:28:30.978761775Z stderr F I0916 19:28:30.978591       1 horizontal.go:168] Starting HPA controller
2023-09-16T19:28:30.978766676Z stderr F I0916 19:28:30.978599       1 shared_informer.go:255] Waiting for caches to sync for HPA
2023-09-16T19:28:31.130043857Z stderr F I0916 19:28:31.129902       1 controllermanager.go:603] Started "attachdetach"
2023-09-16T19:28:31.130225671Z stderr F I0916 19:28:31.130169       1 attach_detach_controller.go:328] Starting attach detach controller
2023-09-16T19:28:31.130235171Z stderr F I0916 19:28:31.130186       1 shared_informer.go:255] Waiting for caches to sync for attach detach
2023-09-16T19:28:31.280119549Z stderr F I0916 19:28:31.280004       1 controllermanager.go:603] Started "deployment"
2023-09-16T19:28:31.280185154Z stderr F I0916 19:28:31.280074       1 deployment_controller.go:160] "Starting controller" controller="deployment"
2023-09-16T19:28:31.280190755Z stderr F I0916 19:28:31.280092       1 shared_informer.go:255] Waiting for caches to sync for deployment
2023-09-16T19:28:31.479191995Z stderr F I0916 19:28:31.478987       1 controllermanager.go:603] Started "disruption"
2023-09-16T19:28:31.479220497Z stderr F I0916 19:28:31.479033       1 disruption.go:421] Sending events to api server.
2023-09-16T19:28:31.479240599Z stderr F I0916 19:28:31.479094       1 disruption.go:432] Starting disruption controller
2023-09-16T19:28:31.479247299Z stderr F I0916 19:28:31.479103       1 shared_informer.go:255] Waiting for caches to sync for disruption
2023-09-16T19:28:31.63091761Z stderr F I0916 19:28:31.630759       1 controllermanager.go:603] Started "bootstrapsigner"
2023-09-16T19:28:31.630945613Z stderr F I0916 19:28:31.630818       1 shared_informer.go:255] Waiting for caches to sync for bootstrap_signer
2023-09-16T19:28:31.678473957Z stderr F E0916 19:28:31.678378       1 core.go:218] failed to start cloud node lifecycle controller: no cloud provider provided
2023-09-16T19:28:31.678492258Z stderr F W0916 19:28:31.678400       1 controllermanager.go:581] Skipping "cloud-node-lifecycle"
2023-09-16T19:28:31.68320201Z stderr F I0916 19:28:31.683096       1 shared_informer.go:255] Waiting for caches to sync for resource quota
2023-09-16T19:28:31.691883357Z stderr F W0916 19:28:31.691808       1 actual_state_of_world.go:541] Failed to update statusUpdateNeeded field in actual state of world: Failed to set statusUpdateNeeded to needed true, because nodeName="kind-control-plane" does not exist
2023-09-16T19:28:31.696684615Z stderr F I0916 19:28:31.695519       1 shared_informer.go:262] Caches are synced for ClusterRoleAggregator
2023-09-16T19:28:31.699311011Z stderr F I0916 19:28:31.699224       1 shared_informer.go:262] Caches are synced for certificate-csrsigning-kubelet-serving
2023-09-16T19:28:31.700021264Z stderr F I0916 19:28:31.699962       1 shared_informer.go:262] Caches are synced for certificate-csrsigning-kubelet-client
2023-09-16T19:28:31.703415117Z stderr F I0916 19:28:31.703345       1 shared_informer.go:262] Caches are synced for certificate-csrsigning-kube-apiserver-client
2023-09-16T19:28:31.703542227Z stderr F I0916 19:28:31.703499       1 shared_informer.go:262] Caches are synced for certificate-csrsigning-legacy-unknown
2023-09-16T19:28:31.709303556Z stderr F I0916 19:28:31.709226       1 shared_informer.go:255] Waiting for caches to sync for garbage collector
2023-09-16T19:28:31.713792691Z stderr F I0916 19:28:31.713717       1 shared_informer.go:262] Caches are synced for ephemeral
2023-09-16T19:28:31.713805292Z stderr F I0916 19:28:31.713738       1 shared_informer.go:262] Caches are synced for endpoint
2023-09-16T19:28:31.720007254Z stderr F I0916 19:28:31.719917       1 shared_informer.go:262] Caches are synced for daemon sets
2023-09-16T19:28:31.725561869Z stderr F I0916 19:28:31.725497       1 shared_informer.go:262] Caches are synced for TTL
2023-09-16T19:28:31.730107108Z stderr F I0916 19:28:31.729919       1 shared_informer.go:262] Caches are synced for PV protection
2023-09-16T19:28:31.730366027Z stderr F I0916 19:28:31.730189       1 shared_informer.go:262] Caches are synced for crt configmap
2023-09-16T19:28:31.731759631Z stderr F I0916 19:28:31.731620       1 shared_informer.go:262] Caches are synced for stateful set
2023-09-16T19:28:31.731958246Z stderr F I0916 19:28:31.731649       1 shared_informer.go:262] Caches are synced for bootstrap_signer
2023-09-16T19:28:31.73215436Z stderr F I0916 19:28:31.731708       1 shared_informer.go:262] Caches are synced for persistent volume
2023-09-16T19:28:31.752579384Z stderr F I0916 19:28:31.752344       1 shared_informer.go:262] Caches are synced for namespace
2023-09-16T19:28:31.757367441Z stderr F I0916 19:28:31.757142       1 shared_informer.go:262] Caches are synced for job
2023-09-16T19:28:31.760882103Z stderr F I0916 19:28:31.760708       1 shared_informer.go:262] Caches are synced for certificate-csrapproving
2023-09-16T19:28:31.764246654Z stderr F I0916 19:28:31.764048       1 shared_informer.go:262] Caches are synced for TTL after finished
2023-09-16T19:28:31.768765691Z stderr F I0916 19:28:31.768423       1 shared_informer.go:262] Caches are synced for ReplicationController
2023-09-16T19:28:31.773005307Z stderr F I0916 19:28:31.772823       1 shared_informer.go:262] Caches are synced for GC
2023-09-16T19:28:31.778717033Z stderr F I0916 19:28:31.778642       1 shared_informer.go:262] Caches are synced for HPA
2023-09-16T19:28:31.779850917Z stderr F I0916 19:28:31.779704       1 shared_informer.go:262] Caches are synced for service account
2023-09-16T19:28:31.779947925Z stderr F I0916 19:28:31.779894       1 shared_informer.go:262] Caches are synced for PVC protection
2023-09-16T19:28:31.780006829Z stderr F I0916 19:28:31.779901       1 shared_informer.go:262] Caches are synced for cronjob
2023-09-16T19:28:31.780897895Z stderr F I0916 19:28:31.780815       1 shared_informer.go:262] Caches are synced for taint
2023-09-16T19:28:31.781057807Z stderr F I0916 19:28:31.780992       1 node_lifecycle_controller.go:1443] Initializing eviction metric for zone: 
2023-09-16T19:28:31.78122222Z stderr F W0916 19:28:31.781157       1 node_lifecycle_controller.go:1058] Missing timestamp for Node kind-control-plane. Assuming now as a timestamp.
2023-09-16T19:28:31.781349729Z stderr F I0916 19:28:31.781289       1 node_lifecycle_controller.go:1209] Controller detected that all Nodes are not-Ready. Entering master disruption mode.
2023-09-16T19:28:31.781587847Z stderr F I0916 19:28:31.781487       1 taint_manager.go:204] "Starting NoExecuteTaintManager"
2023-09-16T19:28:31.781606648Z stderr F I0916 19:28:31.781537       1 taint_manager.go:209] "Sending events to api server"
2023-09-16T19:28:31.78243571Z stderr F I0916 19:28:31.782355       1 event.go:294] "Event occurred" object="kind-control-plane" fieldPath="" kind="Node" apiVersion="v1" type="Normal" reason="RegisteredNode" message="Node kind-control-plane event: Registered Node kind-control-plane in Controller"
2023-09-16T19:28:31.784554468Z stderr F I0916 19:28:31.784487       1 shared_informer.go:262] Caches are synced for node
2023-09-16T19:28:31.784569669Z stderr F I0916 19:28:31.784537       1 range_allocator.go:166] Starting range CIDR allocator
2023-09-16T19:28:31.784591371Z stderr F I0916 19:28:31.784571       1 shared_informer.go:255] Waiting for caches to sync for cidrallocator
2023-09-16T19:28:31.784612072Z stderr F I0916 19:28:31.784594       1 shared_informer.go:262] Caches are synced for cidrallocator
2023-09-16T19:28:31.789350226Z stderr F I0916 19:28:31.789279       1 shared_informer.go:262] Caches are synced for expand
2023-09-16T19:28:31.790739729Z stderr F I0916 19:28:31.790658       1 range_allocator.go:367] Set node kind-control-plane PodCIDR to [10.244.0.0/24]
2023-09-16T19:28:31.793449031Z stderr F I0916 19:28:31.793382       1 event.go:294] "Event occurred" object="kube-system/etcd-kind-control-plane" fieldPath="" kind="Pod" apiVersion="v1" type="Warning" reason="NodeNotReady" message="Node is not ready"
2023-09-16T19:28:31.793715851Z stderr F I0916 19:28:31.793634       1 event.go:294] "Event occurred" object="kube-system/kube-controller-manager-kind-control-plane" fieldPath="" kind="Pod" apiVersion="v1" type="Warning" reason="NodeNotReady" message="Node is not ready"
2023-09-16T19:28:31.794009373Z stderr F I0916 19:28:31.793944       1 event.go:294] "Event occurred" object="kube-system/kube-scheduler-kind-control-plane" fieldPath="" kind="Pod" apiVersion="v1" type="Warning" reason="NodeNotReady" message="Node is not ready"
2023-09-16T19:28:31.794021574Z stderr F I0916 19:28:31.793961       1 event.go:294] "Event occurred" object="kube-system/kube-apiserver-kind-control-plane" fieldPath="" kind="Pod" apiVersion="v1" type="Warning" reason="NodeNotReady" message="Node is not ready"
2023-09-16T19:28:31.831389561Z stderr F I0916 19:28:31.831267       1 shared_informer.go:262] Caches are synced for attach detach
2023-09-16T19:28:31.879605257Z stderr F I0916 19:28:31.879513       1 shared_informer.go:262] Caches are synced for disruption
2023-09-16T19:28:31.88045622Z stderr F I0916 19:28:31.880361       1 shared_informer.go:262] Caches are synced for deployment
2023-09-16T19:28:31.884167497Z stderr F I0916 19:28:31.883991       1 shared_informer.go:262] Caches are synced for resource quota
2023-09-16T19:28:31.898063333Z stderr F I0916 19:28:31.897989       1 shared_informer.go:262] Caches are synced for ReplicaSet
2023-09-16T19:28:31.91572245Z stderr F I0916 19:28:31.915538       1 shared_informer.go:262] Caches are synced for endpoint_slice_mirroring
2023-09-16T19:28:31.931054994Z stderr F I0916 19:28:31.930953       1 shared_informer.go:262] Caches are synced for endpoint_slice
2023-09-16T19:28:31.937418468Z stderr F I0916 19:28:31.937306       1 shared_informer.go:262] Caches are synced for resource quota
2023-09-16T19:28:32.191327404Z stderr F I0916 19:28:32.191206       1 event.go:294] "Event occurred" object="kube-system/kindnet" fieldPath="" kind="DaemonSet" apiVersion="apps/v1" type="Normal" reason="SuccessfulCreate" message="Created pod: kindnet-7wlnl"
2023-09-16T19:28:32.195363405Z stderr F I0916 19:28:32.195275       1 event.go:294] "Event occurred" object="kube-system/kube-proxy" fieldPath="" kind="DaemonSet" apiVersion="apps/v1" type="Normal" reason="SuccessfulCreate" message="Created pod: kube-proxy-ttcqq"
2023-09-16T19:28:32.310373682Z stderr F I0916 19:28:32.310242       1 shared_informer.go:262] Caches are synced for garbage collector
2023-09-16T19:28:32.380787633Z stderr F I0916 19:28:32.380680       1 shared_informer.go:262] Caches are synced for garbage collector
2023-09-16T19:28:32.380850838Z stderr F I0916 19:28:32.380792       1 garbagecollector.go:163] Garbage collector: all resource monitors have synced. Proceeding to collect garbage
2023-09-16T19:28:32.562156259Z stderr F I0916 19:28:32.562086       1 event.go:294] "Event occurred" object="kube-system/coredns" fieldPath="" kind="Deployment" apiVersion="apps/v1" type="Normal" reason="ScalingReplicaSet" message="Scaled up replica set coredns-565d847f94 to 2"
2023-09-16T19:28:32.562326671Z stderr F I0916 19:28:32.562284       1 event.go:294] "Event occurred" object="local-path-storage/local-path-provisioner" fieldPath="" kind="Deployment" apiVersion="apps/v1" type="Normal" reason="ScalingReplicaSet" message="Scaled up replica set local-path-provisioner-684f458cdd to 1"
2023-09-16T19:28:32.689945289Z stderr F I0916 19:28:32.689872       1 event.go:294] "Event occurred" object="kube-system/coredns-565d847f94" fieldPath="" kind="ReplicaSet" apiVersion="apps/v1" type="Normal" reason="SuccessfulCreate" message="Created pod: coredns-565d847f94-dglpd"
2023-09-16T19:28:32.69532779Z stderr F I0916 19:28:32.695209       1 event.go:294] "Event occurred" object="local-path-storage/local-path-provisioner-684f458cdd" fieldPath="" kind="ReplicaSet" apiVersion="apps/v1" type="Normal" reason="SuccessfulCreate" message="Created pod: local-path-provisioner-684f458cdd-p4qsz"
2023-09-16T19:28:32.720744186Z stderr F I0916 19:28:32.715977       1 event.go:294] "Event occurred" object="kube-system/coredns-565d847f94" fieldPath="" kind="ReplicaSet" apiVersion="apps/v1" type="Normal" reason="SuccessfulCreate" message="Created pod: coredns-565d847f94-4x7pb"
2023-09-16T19:28:33.944488148Z stderr F I0916 19:28:33.936297       1 event.go:294] "Event occurred" object="crossplane-system/crossplane-rbac-manager" fieldPath="" kind="Deployment" apiVersion="apps/v1" type="Normal" reason="ScalingReplicaSet" message="Scaled up replica set crossplane-rbac-manager-6994f54b46 to 1"
2023-09-16T19:28:33.976720152Z stderr F I0916 19:28:33.976020       1 event.go:294] "Event occurred" object="crossplane-system/crossplane" fieldPath="" kind="Deployment" apiVersion="apps/v1" type="Normal" reason="ScalingReplicaSet" message="Scaled up replica set crossplane-959448d58 to 1"
2023-09-16T19:28:33.99962626Z stderr F I0916 19:28:33.996562       1 event.go:294] "Event occurred" object="crossplane-system/crossplane-rbac-manager-6994f54b46" fieldPath="" kind="ReplicaSet" apiVersion="apps/v1" type="Normal" reason="SuccessfulCreate" message="Created pod: crossplane-rbac-manager-6994f54b46-kjvnq"
2023-09-16T19:28:34.007449243Z stderr F I0916 19:28:34.005484       1 event.go:294] "Event occurred" object="crossplane-system/crossplane-959448d58" fieldPath="" kind="ReplicaSet" apiVersion="apps/v1" type="Normal" reason="SuccessfulCreate" message="Created pod: crossplane-959448d58-kpxwg"
2023-09-16T19:28:41.783519719Z stderr F I0916 19:28:41.783014       1 node_lifecycle_controller.go:1236] Controller detected that some Nodes are Ready. Exiting master disruption mode.
2023-09-16T19:29:01.891608823Z stderr F I0916 19:29:01.891494       1 resource_quota_monitor.go:218] QuotaMonitor created object count evaluator for clusterclaims.devopstoolkitseries.com
2023-09-16T19:29:01.891880043Z stderr F I0916 19:29:01.891825       1 shared_informer.go:255] Waiting for caches to sync for resource quota
2023-09-16T19:29:01.992779668Z stderr F I0916 19:29:01.992560       1 shared_informer.go:262] Caches are synced for resource quota
2023-09-16T19:29:02.326741275Z stderr F I0916 19:29:02.326636       1 shared_informer.go:255] Waiting for caches to sync for garbage collector
2023-09-16T19:29:02.427505189Z stderr F I0916 19:29:02.427257       1 shared_informer.go:262] Caches are synced for garbage collector
2023-09-16T19:29:05.383357531Z stderr F I0916 19:29:05.383235       1 event.go:294] "Event occurred" object="crossplane-system/crossplane-provider-helm-503c3591121b" fieldPath="" kind="Deployment" apiVersion="apps/v1" type="Normal" reason="ScalingReplicaSet" message="Scaled up replica set crossplane-provider-helm-503c3591121b-56db69cb7b to 1"
2023-09-16T19:29:05.386940198Z stderr F I0916 19:29:05.386819       1 event.go:294] "Event occurred" object="crossplane-system/provider-civo-9dbccd3c9470" fieldPath="" kind="Deployment" apiVersion="apps/v1" type="Normal" reason="ScalingReplicaSet" message="Scaled up replica set provider-civo-9dbccd3c9470-6975576b8b to 1"
2023-09-16T19:29:05.395315323Z stderr F I0916 19:29:05.395218       1 event.go:294] "Event occurred" object="crossplane-system/provider-civo-9dbccd3c9470-6975576b8b" fieldPath="" kind="ReplicaSet" apiVersion="apps/v1" type="Normal" reason="SuccessfulCreate" message="Created pod: provider-civo-9dbccd3c9470-6975576b8b-6fdg7"
2023-09-16T19:29:05.395331424Z stderr F I0916 19:29:05.395245       1 event.go:294] "Event occurred" object="crossplane-system/crossplane-provider-helm-503c3591121b-56db69cb7b" fieldPath="" kind="ReplicaSet" apiVersion="apps/v1" type="Normal" reason="SuccessfulCreate" message="Created pod: crossplane-provider-helm-503c3591121b-56db69cb7b-f55wh"
2023-09-16T19:29:15.12123251Z stderr F I0916 19:29:15.121096       1 event.go:294] "Event occurred" object="crossplane-system/crossplane-provider-kubernetes-fd7ab5be249e" fieldPath="" kind="Deployment" apiVersion="apps/v1" type="Normal" reason="ScalingReplicaSet" message="Scaled up replica set crossplane-provider-kubernetes-fd7ab5be249e-7b66cb845b to 1"
2023-09-16T19:29:15.14281792Z stderr F I0916 19:29:15.142723       1 event.go:294] "Event occurred" object="crossplane-system/crossplane-provider-kubernetes-fd7ab5be249e-7b66cb845b" fieldPath="" kind="ReplicaSet" apiVersion="apps/v1" type="Normal" reason="SuccessfulCreate" message="Created pod: crossplane-provider-kubernetes-fd7ab5be249e-7b66cb845b-stwd6"
2023-09-16T19:29:15.895529148Z stderr F I0916 19:29:15.895407       1 event.go:294] "Event occurred" object="crossplane-system/upbound-provider-family-aws-710d8cfe9f53" fieldPath="" kind="Deployment" apiVersion="apps/v1" type="Normal" reason="ScalingReplicaSet" message="Scaled up replica set upbound-provider-family-aws-710d8cfe9f53-6455458768 to 1"
2023-09-16T19:29:15.915104308Z stderr F I0916 19:29:15.914967       1 event.go:294] "Event occurred" object="crossplane-system/upbound-provider-family-aws-710d8cfe9f53-6455458768" fieldPath="" kind="ReplicaSet" apiVersion="apps/v1" type="Normal" reason="SuccessfulCreate" message="Created pod: upbound-provider-family-aws-710d8cfe9f53-6455458768-wpnq2"
2023-09-16T19:29:17.141241639Z stderr F I0916 19:29:17.141151       1 event.go:294] "Event occurred" object="crossplane-system/provider-aws-eks-511855a80bcd" fieldPath="" kind="Deployment" apiVersion="apps/v1" type="Normal" reason="ScalingReplicaSet" message="Scaled up replica set provider-aws-eks-511855a80bcd-fbfb78b56 to 1"
2023-09-16T19:29:17.154557732Z stderr F I0916 19:29:17.154475       1 event.go:294] "Event occurred" object="crossplane-system/provider-aws-eks-511855a80bcd-fbfb78b56" fieldPath="" kind="ReplicaSet" apiVersion="apps/v1" type="Normal" reason="SuccessfulCreate" message="Created pod: provider-aws-eks-511855a80bcd-fbfb78b56-9ppw7"
2023-09-16T19:29:17.812687407Z stderr F I0916 19:29:17.812598       1 event.go:294] "Event occurred" object="crossplane-system/provider-aws-iam-09f2fb02dd6e" fieldPath="" kind="Deployment" apiVersion="apps/v1" type="Normal" reason="ScalingReplicaSet" message="Scaled up replica set provider-aws-iam-09f2fb02dd6e-79f9f8d5ff to 1"
2023-09-16T19:29:17.8353952Z stderr F I0916 19:29:17.831583       1 event.go:294] "Event occurred" object="crossplane-system/provider-aws-iam-09f2fb02dd6e-79f9f8d5ff" fieldPath="" kind="ReplicaSet" apiVersion="apps/v1" type="Normal" reason="SuccessfulCreate" message="Created pod: provider-aws-iam-09f2fb02dd6e-79f9f8d5ff-45646"
2023-09-16T19:29:32.476706914Z stderr F I0916 19:29:32.475828       1 shared_informer.go:255] Waiting for caches to sync for garbage collector
2023-09-16T19:29:34.476566084Z stderr F I0916 19:29:34.476445       1 shared_informer.go:262] Caches are synced for garbage collector
2023-09-16T19:29:50.501439976Z stderr F I0916 19:29:50.501328       1 event.go:294] "Event occurred" object="crossplane-system/provider-aws-ec2-783e13654b20" fieldPath="" kind="Deployment" apiVersion="apps/v1" type="Normal" reason="ScalingReplicaSet" message="Scaled up replica set provider-aws-ec2-783e13654b20-64ff5957d6 to 1"
2023-09-16T19:29:50.637151622Z stderr F I0916 19:29:50.637061       1 event.go:294] "Event occurred" object="crossplane-system/provider-aws-ec2-783e13654b20-64ff5957d6" fieldPath="" kind="ReplicaSet" apiVersion="apps/v1" type="Normal" reason="SuccessfulCreate" message="Created pod: provider-aws-ec2-783e13654b20-64ff5957d6-7f8hj"
2023-09-16T19:30:04.5802413Z stderr F I0916 19:30:04.580134       1 shared_informer.go:255] Waiting for caches to sync for garbage collector
2023-09-16T19:30:05.616806251Z stderr F I0916 19:30:05.616691       1 request.go:682] Waited for 1.038933828s due to client-side throttling, not priority and fairness, request: GET:https://172.18.0.2:6443/apis/ec2.aws.upbound.io/v1beta1/vpcendpointroutetableassociations?limit=500&resourceVersion=0
2023-09-16T19:30:08.380437876Z stderr F I0916 19:30:08.380317       1 shared_informer.go:262] Caches are synced for garbage collector
