2023-09-16T19:16:22.551100719Z stderr F I0916 19:16:22.550215       1 serving.go:348] Generated self-signed cert in-memory
2023-09-16T19:16:22.817100623Z stderr F I0916 19:16:22.816902       1 controllermanager.go:178] Version: v1.25.3
2023-09-16T19:16:22.817113277Z stderr F I0916 19:16:22.816958       1 controllermanager.go:180] "Golang settings" GOGC="" GOMAXPROCS="" GOTRACEBACK=""
2023-09-16T19:16:22.817807585Z stderr F I0916 19:16:22.817692       1 secure_serving.go:210] Serving securely on 127.0.0.1:10257
2023-09-16T19:16:22.817816383Z stderr F I0916 19:16:22.817698       1 dynamic_cafile_content.go:157] "Starting controller" name="request-header::/etc/kubernetes/pki/front-proxy-ca.crt"
2023-09-16T19:16:22.817943426Z stderr F I0916 19:16:22.817791       1 tlsconfig.go:240] "Starting DynamicServingCertificateController"
2023-09-16T19:16:22.817951393Z stderr F I0916 19:16:22.817854       1 dynamic_cafile_content.go:157] "Starting controller" name="client-ca-bundle::/etc/kubernetes/pki/ca.crt"
2023-09-16T19:16:22.817953661Z stderr F I0916 19:16:22.817878       1 leaderelection.go:248] attempting to acquire leader lease kube-system/kube-controller-manager...
2023-09-16T19:16:26.868919454Z stderr F E0916 19:16:26.868816       1 leaderelection.go:330] error retrieving resource lock kube-system/kube-controller-manager: leases.coordination.k8s.io "kube-controller-manager" is forbidden: User "system:kube-controller-manager" cannot get resource "leases" in API group "coordination.k8s.io" in the namespace "kube-system"
2023-09-16T19:16:30.735270694Z stderr F I0916 19:16:30.735101       1 leaderelection.go:258] successfully acquired lease kube-system/kube-controller-manager
2023-09-16T19:16:30.735365001Z stderr F I0916 19:16:30.735298       1 event.go:294] "Event occurred" object="kube-system/kube-controller-manager" fieldPath="" kind="Lease" apiVersion="coordination.k8s.io/v1" type="Normal" reason="LeaderElection" message="kind-control-plane_43a65f50-25a9-4b91-9bef-4ab05c7b1110 became leader"
2023-09-16T19:16:30.742106748Z stderr F I0916 19:16:30.742015       1 shared_informer.go:255] Waiting for caches to sync for tokens
2023-09-16T19:16:30.746693227Z stderr F I0916 19:16:30.746592       1 controllermanager.go:603] Started "endpoint"
2023-09-16T19:16:30.746839445Z stderr F I0916 19:16:30.746722       1 endpoints_controller.go:182] Starting endpoint controller
2023-09-16T19:16:30.746852053Z stderr F I0916 19:16:30.746747       1 shared_informer.go:255] Waiting for caches to sync for endpoint
2023-09-16T19:16:30.75143175Z stderr F I0916 19:16:30.751257       1 controllermanager.go:603] Started "replicationcontroller"
2023-09-16T19:16:30.751449005Z stderr F I0916 19:16:30.751348       1 replica_set.go:205] Starting replicationcontroller controller
2023-09-16T19:16:30.751452005Z stderr F I0916 19:16:30.751371       1 shared_informer.go:255] Waiting for caches to sync for ReplicationController
2023-09-16T19:16:30.767193169Z stderr F I0916 19:16:30.767015       1 resource_quota_monitor.go:218] QuotaMonitor created object count evaluator for deployments.apps
2023-09-16T19:16:30.7672097Z stderr F I0916 19:16:30.767075       1 resource_quota_monitor.go:218] QuotaMonitor created object count evaluator for controllerrevisions.apps
2023-09-16T19:16:30.767212419Z stderr F I0916 19:16:30.767089       1 resource_quota_monitor.go:218] QuotaMonitor created object count evaluator for cronjobs.batch
2023-09-16T19:16:30.767214294Z stderr F I0916 19:16:30.767106       1 resource_quota_monitor.go:218] QuotaMonitor created object count evaluator for networkpolicies.networking.k8s.io
2023-09-16T19:16:30.767347657Z stderr F I0916 19:16:30.767196       1 resource_quota_monitor.go:218] QuotaMonitor created object count evaluator for jobs.batch
2023-09-16T19:16:30.767359042Z stderr F I0916 19:16:30.767247       1 resource_quota_monitor.go:218] QuotaMonitor created object count evaluator for rolebindings.rbac.authorization.k8s.io
2023-09-16T19:16:30.767362389Z stderr F I0916 19:16:30.767261       1 resource_quota_monitor.go:218] QuotaMonitor created object count evaluator for endpointslices.discovery.k8s.io
2023-09-16T19:16:30.767374194Z stderr F I0916 19:16:30.767298       1 resource_quota_monitor.go:218] QuotaMonitor created object count evaluator for serviceaccounts
2023-09-16T19:16:30.767380049Z stderr F I0916 19:16:30.767331       1 resource_quota_monitor.go:218] QuotaMonitor created object count evaluator for replicasets.apps
2023-09-16T19:16:30.767425904Z stderr F I0916 19:16:30.767384       1 resource_quota_monitor.go:218] QuotaMonitor created object count evaluator for leases.coordination.k8s.io
2023-09-16T19:16:30.767475074Z stderr F I0916 19:16:30.767412       1 resource_quota_monitor.go:218] QuotaMonitor created object count evaluator for ingresses.networking.k8s.io
2023-09-16T19:16:30.767480665Z stderr F I0916 19:16:30.767457       1 resource_quota_monitor.go:218] QuotaMonitor created object count evaluator for poddisruptionbudgets.policy
2023-09-16T19:16:30.767596488Z stderr F I0916 19:16:30.767526       1 resource_quota_monitor.go:218] QuotaMonitor created object count evaluator for limitranges
2023-09-16T19:16:30.767689217Z stderr F I0916 19:16:30.767599       1 resource_quota_monitor.go:218] QuotaMonitor created object count evaluator for horizontalpodautoscalers.autoscaling
2023-09-16T19:16:30.767700479Z stderr F I0916 19:16:30.767630       1 resource_quota_monitor.go:218] QuotaMonitor created object count evaluator for csistoragecapacities.storage.k8s.io
2023-09-16T19:16:30.767703387Z stderr F I0916 19:16:30.767640       1 resource_quota_monitor.go:218] QuotaMonitor created object count evaluator for daemonsets.apps
2023-09-16T19:16:30.767705175Z stderr F I0916 19:16:30.767648       1 resource_quota_monitor.go:218] QuotaMonitor created object count evaluator for statefulsets.apps
2023-09-16T19:16:30.767710572Z stderr F I0916 19:16:30.767660       1 resource_quota_monitor.go:218] QuotaMonitor created object count evaluator for roles.rbac.authorization.k8s.io
2023-09-16T19:16:30.767712531Z stderr F I0916 19:16:30.767667       1 resource_quota_monitor.go:218] QuotaMonitor created object count evaluator for endpoints
2023-09-16T19:16:30.767754741Z stderr F I0916 19:16:30.767677       1 resource_quota_monitor.go:218] QuotaMonitor created object count evaluator for podtemplates
2023-09-16T19:16:30.767760597Z stderr F I0916 19:16:30.767714       1 controllermanager.go:603] Started "resourcequota"
2023-09-16T19:16:30.767836293Z stderr F I0916 19:16:30.767744       1 resource_quota_controller.go:277] Starting resource quota controller
2023-09-16T19:16:30.767841866Z stderr F I0916 19:16:30.767768       1 shared_informer.go:255] Waiting for caches to sync for resource quota
2023-09-16T19:16:30.767843994Z stderr F I0916 19:16:30.767777       1 resource_quota_monitor.go:295] QuotaMonitor running
2023-09-16T19:16:30.77332734Z stderr F E0916 19:16:30.773116       1 core.go:92] Failed to start service controller: WARNING: no cloud provider provided, services of type LoadBalancer will fail
2023-09-16T19:16:30.773342154Z stderr F W0916 19:16:30.773145       1 controllermanager.go:581] Skipping "service"
2023-09-16T19:16:30.777704486Z stderr F I0916 19:16:30.777610       1 controllermanager.go:603] Started "replicaset"
2023-09-16T19:16:30.777914729Z stderr F I0916 19:16:30.777736       1 replica_set.go:205] Starting replicaset controller
2023-09-16T19:16:30.777921989Z stderr F I0916 19:16:30.777849       1 shared_informer.go:255] Waiting for caches to sync for ReplicaSet
2023-09-16T19:16:30.78191692Z stderr F I0916 19:16:30.781775       1 controllermanager.go:603] Started "statefulset"
2023-09-16T19:16:30.782132105Z stderr F I0916 19:16:30.782025       1 stateful_set.go:152] Starting stateful set controller
2023-09-16T19:16:30.782139997Z stderr F I0916 19:16:30.782054       1 shared_informer.go:255] Waiting for caches to sync for stateful set
2023-09-16T19:16:30.786615537Z stderr F I0916 19:16:30.786508       1 controllermanager.go:603] Started "persistentvolume-expander"
2023-09-16T19:16:30.786729888Z stderr F I0916 19:16:30.786615       1 expand_controller.go:340] Starting expand controller
2023-09-16T19:16:30.786958292Z stderr F I0916 19:16:30.786819       1 shared_informer.go:255] Waiting for caches to sync for expand
2023-09-16T19:16:30.79067368Z stderr F I0916 19:16:30.790553       1 node_lifecycle_controller.go:497] Controller will reconcile labels.
2023-09-16T19:16:30.790686889Z stderr F I0916 19:16:30.790581       1 controllermanager.go:603] Started "nodelifecycle"
2023-09-16T19:16:30.790693538Z stderr F I0916 19:16:30.790659       1 node_lifecycle_controller.go:532] Sending events to api server.
2023-09-16T19:16:30.790702702Z stderr F I0916 19:16:30.790691       1 node_lifecycle_controller.go:543] Starting node controller
2023-09-16T19:16:30.790834471Z stderr F I0916 19:16:30.790705       1 shared_informer.go:255] Waiting for caches to sync for taint
2023-09-16T19:16:30.792349386Z stderr F E0916 19:16:30.792176       1 core.go:218] failed to start cloud node lifecycle controller: no cloud provider provided
2023-09-16T19:16:30.792364109Z stderr F W0916 19:16:30.792203       1 controllermanager.go:581] Skipping "cloud-node-lifecycle"
2023-09-16T19:16:30.839106216Z stderr F I0916 19:16:30.838891       1 controllermanager.go:603] Started "persistentvolume-binder"
2023-09-16T19:16:30.839123466Z stderr F I0916 19:16:30.838971       1 pv_controller_base.go:318] Starting persistent volume controller
2023-09-16T19:16:30.83912615Z stderr F I0916 19:16:30.839042       1 shared_informer.go:255] Waiting for caches to sync for persistent volume
2023-09-16T19:16:30.843312792Z stderr F I0916 19:16:30.842915       1 shared_informer.go:262] Caches are synced for tokens
2023-09-16T19:16:30.987948238Z stderr F I0916 19:16:30.987810       1 controllermanager.go:603] Started "endpointslice"
2023-09-16T19:16:30.98796505Z stderr F I0916 19:16:30.987886       1 endpointslice_controller.go:261] Starting endpoint slice controller
2023-09-16T19:16:30.987967639Z stderr F I0916 19:16:30.987891       1 shared_informer.go:255] Waiting for caches to sync for endpoint_slice
2023-09-16T19:16:31.138315489Z stderr F I0916 19:16:31.138052       1 controllermanager.go:603] Started "cronjob"
2023-09-16T19:16:31.138336294Z stderr F I0916 19:16:31.138063       1 cronjob_controllerv2.go:135] "Starting cronjob controller v2"
2023-09-16T19:16:31.138341401Z stderr F I0916 19:16:31.138116       1 shared_informer.go:255] Waiting for caches to sync for cronjob
2023-09-16T19:16:31.288550255Z stderr F I0916 19:16:31.288368       1 controllermanager.go:603] Started "csrcleaner"
2023-09-16T19:16:31.288572617Z stderr F I0916 19:16:31.288377       1 cleaner.go:82] Starting CSR cleaner controller
2023-09-16T19:16:31.438603526Z stderr F I0916 19:16:31.438316       1 controllermanager.go:603] Started "tokencleaner"
2023-09-16T19:16:31.438628452Z stderr F I0916 19:16:31.438417       1 tokencleaner.go:118] Starting token cleaner controller
2023-09-16T19:16:31.438631277Z stderr F I0916 19:16:31.438425       1 shared_informer.go:255] Waiting for caches to sync for token_cleaner
2023-09-16T19:16:31.438633018Z stderr F I0916 19:16:31.438434       1 shared_informer.go:262] Caches are synced for token_cleaner
2023-09-16T19:16:31.487184528Z stderr F I0916 19:16:31.487056       1 node_ipam_controller.go:91] Sending events to api server.
2023-09-16T19:16:41.493378562Z stderr F I0916 19:16:41.493242       1 range_allocator.go:76] Sending events to api server.
2023-09-16T19:16:41.493404819Z stderr F I0916 19:16:41.493368       1 range_allocator.go:110] No Secondary Service CIDR provided. Skipping filtering out secondary service addresses.
2023-09-16T19:16:41.493528024Z stderr F I0916 19:16:41.493448       1 controllermanager.go:603] Started "nodeipam"
2023-09-16T19:16:41.493702289Z stderr F I0916 19:16:41.493560       1 node_ipam_controller.go:154] Starting ipam controller
2023-09-16T19:16:41.493709461Z stderr F I0916 19:16:41.493583       1 shared_informer.go:255] Waiting for caches to sync for node
2023-09-16T19:16:41.497681103Z stderr F I0916 19:16:41.497513       1 controllermanager.go:603] Started "endpointslicemirroring"
2023-09-16T19:16:41.497746081Z stderr F I0916 19:16:41.497661       1 endpointslicemirroring_controller.go:216] Starting EndpointSliceMirroring controller
2023-09-16T19:16:41.497762092Z stderr F I0916 19:16:41.497692       1 shared_informer.go:255] Waiting for caches to sync for endpoint_slice_mirroring
2023-09-16T19:16:41.502010318Z stderr F I0916 19:16:41.501754       1 controllermanager.go:603] Started "podgc"
2023-09-16T19:16:41.502024349Z stderr F I0916 19:16:41.501779       1 gc_controller.go:99] Starting GC controller
2023-09-16T19:16:41.502027226Z stderr F I0916 19:16:41.501786       1 shared_informer.go:255] Waiting for caches to sync for GC
2023-09-16T19:16:41.507105968Z stderr F I0916 19:16:41.506934       1 controllermanager.go:603] Started "disruption"
2023-09-16T19:16:41.507121015Z stderr F I0916 19:16:41.507010       1 disruption.go:421] Sending events to api server.
2023-09-16T19:16:41.507123498Z stderr F I0916 19:16:41.507061       1 disruption.go:432] Starting disruption controller
2023-09-16T19:16:41.507171109Z stderr F I0916 19:16:41.507095       1 shared_informer.go:255] Waiting for caches to sync for disruption
2023-09-16T19:16:41.511312844Z stderr F I0916 19:16:41.511165       1 controllermanager.go:603] Started "ttl"
2023-09-16T19:16:41.511325673Z stderr F I0916 19:16:41.511188       1 ttl_controller.go:120] Starting TTL controller
2023-09-16T19:16:41.511328649Z stderr F I0916 19:16:41.511195       1 shared_informer.go:255] Waiting for caches to sync for TTL
2023-09-16T19:16:41.515821243Z stderr F I0916 19:16:41.515667       1 controllermanager.go:603] Started "daemonset"
2023-09-16T19:16:41.515855688Z stderr F I0916 19:16:41.515758       1 daemon_controller.go:291] Starting daemon sets controller
2023-09-16T19:16:41.515902215Z stderr F I0916 19:16:41.515766       1 shared_informer.go:255] Waiting for caches to sync for daemon sets
2023-09-16T19:16:41.520037917Z stderr F I0916 19:16:41.519800       1 controllermanager.go:603] Started "bootstrapsigner"
2023-09-16T19:16:41.520054275Z stderr F I0916 19:16:41.519914       1 shared_informer.go:255] Waiting for caches to sync for bootstrap_signer
2023-09-16T19:16:41.533053926Z stderr F I0916 19:16:41.532857       1 controllermanager.go:603] Started "namespace"
2023-09-16T19:16:41.533073944Z stderr F I0916 19:16:41.532900       1 namespace_controller.go:200] Starting namespace controller
2023-09-16T19:16:41.533076317Z stderr F I0916 19:16:41.532909       1 shared_informer.go:255] Waiting for caches to sync for namespace
2023-09-16T19:16:41.534835236Z stderr F I0916 19:16:41.534630       1 certificate_controller.go:112] Starting certificate controller "csrsigning-kubelet-serving"
2023-09-16T19:16:41.534847483Z stderr F I0916 19:16:41.534661       1 shared_informer.go:255] Waiting for caches to sync for certificate-csrsigning-kubelet-serving
2023-09-16T19:16:41.534850099Z stderr F I0916 19:16:41.534674       1 dynamic_serving_content.go:132] "Starting controller" name="csr-controller::/etc/kubernetes/pki/ca.crt::/etc/kubernetes/pki/ca.key"
2023-09-16T19:16:41.534899606Z stderr F I0916 19:16:41.534868       1 certificate_controller.go:112] Starting certificate controller "csrsigning-kubelet-client"
2023-09-16T19:16:41.535001117Z stderr F I0916 19:16:41.534898       1 shared_informer.go:255] Waiting for caches to sync for certificate-csrsigning-kubelet-client
2023-09-16T19:16:41.53501053Z stderr F I0916 19:16:41.534910       1 dynamic_serving_content.go:132] "Starting controller" name="csr-controller::/etc/kubernetes/pki/ca.crt::/etc/kubernetes/pki/ca.key"
2023-09-16T19:16:41.535241775Z stderr F I0916 19:16:41.535045       1 certificate_controller.go:112] Starting certificate controller "csrsigning-kube-apiserver-client"
2023-09-16T19:16:41.535251279Z stderr F I0916 19:16:41.535055       1 shared_informer.go:255] Waiting for caches to sync for certificate-csrsigning-kube-apiserver-client
2023-09-16T19:16:41.535255388Z stderr F I0916 19:16:41.535064       1 dynamic_serving_content.go:132] "Starting controller" name="csr-controller::/etc/kubernetes/pki/ca.crt::/etc/kubernetes/pki/ca.key"
2023-09-16T19:16:41.535526227Z stderr F I0916 19:16:41.535344       1 controllermanager.go:603] Started "csrsigning"
2023-09-16T19:16:41.535537918Z stderr F I0916 19:16:41.535363       1 certificate_controller.go:112] Starting certificate controller "csrsigning-legacy-unknown"
2023-09-16T19:16:41.535540259Z stderr F I0916 19:16:41.535506       1 shared_informer.go:255] Waiting for caches to sync for certificate-csrsigning-legacy-unknown
2023-09-16T19:16:41.535636356Z stderr F I0916 19:16:41.535369       1 dynamic_serving_content.go:132] "Starting controller" name="csr-controller::/etc/kubernetes/pki/ca.crt::/etc/kubernetes/pki/ca.key"
2023-09-16T19:16:41.54018743Z stderr F I0916 19:16:41.540007       1 controllermanager.go:603] Started "pv-protection"
2023-09-16T19:16:41.5401988Z stderr F I0916 19:16:41.540013       1 pv_protection_controller.go:79] Starting PV protection controller
2023-09-16T19:16:41.540201677Z stderr F I0916 19:16:41.540146       1 shared_informer.go:255] Waiting for caches to sync for PV protection
2023-09-16T19:16:41.64071746Z stderr F I0916 19:16:41.640594       1 controllermanager.go:603] Started "ttl-after-finished"
2023-09-16T19:16:41.640967033Z stderr F I0916 19:16:41.640638       1 ttlafterfinished_controller.go:109] Starting TTL after finished controller
2023-09-16T19:16:41.640977325Z stderr F I0916 19:16:41.640912       1 shared_informer.go:255] Waiting for caches to sync for TTL after finished
2023-09-16T19:16:41.789963535Z stderr F I0916 19:16:41.789766       1 controllermanager.go:603] Started "clusterrole-aggregation"
2023-09-16T19:16:41.790027696Z stderr F I0916 19:16:41.789791       1 clusterroleaggregation_controller.go:194] Starting ClusterRoleAggregator
2023-09-16T19:16:41.790030665Z stderr F I0916 19:16:41.789800       1 shared_informer.go:255] Waiting for caches to sync for ClusterRoleAggregator
2023-09-16T19:16:41.940515087Z stderr F I0916 19:16:41.940335       1 controllermanager.go:603] Started "pvc-protection"
2023-09-16T19:16:41.940530976Z stderr F I0916 19:16:41.940378       1 pvc_protection_controller.go:103] "Starting PVC protection controller"
2023-09-16T19:16:41.940565786Z stderr F I0916 19:16:41.940385       1 shared_informer.go:255] Waiting for caches to sync for PVC protection
2023-09-16T19:16:42.089873769Z stderr F I0916 19:16:42.089674       1 controllermanager.go:603] Started "ephemeral-volume"
2023-09-16T19:16:42.089889691Z stderr F I0916 19:16:42.089732       1 controller.go:169] Starting ephemeral volume controller
2023-09-16T19:16:42.089892047Z stderr F I0916 19:16:42.089739       1 shared_informer.go:255] Waiting for caches to sync for ephemeral
2023-09-16T19:16:42.339693911Z stderr F I0916 19:16:42.339537       1 controllermanager.go:603] Started "garbagecollector"
2023-09-16T19:16:42.339716323Z stderr F I0916 19:16:42.339579       1 garbagecollector.go:154] Starting garbage collector controller
2023-09-16T19:16:42.339719197Z stderr F I0916 19:16:42.339589       1 shared_informer.go:255] Waiting for caches to sync for garbage collector
2023-09-16T19:16:42.339721224Z stderr F I0916 19:16:42.339601       1 graph_builder.go:291] GraphBuilder running
2023-09-16T19:16:42.590769508Z stderr F I0916 19:16:42.590575       1 controllermanager.go:603] Started "job"
2023-09-16T19:16:42.590786533Z stderr F I0916 19:16:42.590661       1 job_controller.go:196] Starting job controller
2023-09-16T19:16:42.590789162Z stderr F I0916 19:16:42.590667       1 shared_informer.go:255] Waiting for caches to sync for job
2023-09-16T19:16:42.740767777Z stderr F I0916 19:16:42.740560       1 controllermanager.go:603] Started "deployment"
2023-09-16T19:16:42.74078422Z stderr F I0916 19:16:42.740644       1 deployment_controller.go:160] "Starting controller" controller="deployment"
2023-09-16T19:16:42.740786946Z stderr F I0916 19:16:42.740652       1 shared_informer.go:255] Waiting for caches to sync for deployment
2023-09-16T19:16:43.040659167Z stderr F I0916 19:16:43.040474       1 controllermanager.go:603] Started "horizontalpodautoscaling"
2023-09-16T19:16:43.040681621Z stderr F I0916 19:16:43.040577       1 horizontal.go:168] Starting HPA controller
2023-09-16T19:16:43.040694112Z stderr F I0916 19:16:43.040584       1 shared_informer.go:255] Waiting for caches to sync for HPA
2023-09-16T19:16:43.18986143Z stderr F I0916 19:16:43.189663       1 controllermanager.go:603] Started "root-ca-cert-publisher"
2023-09-16T19:16:43.189877232Z stderr F I0916 19:16:43.189706       1 publisher.go:107] Starting root CA certificate configmap publisher
2023-09-16T19:16:43.189880006Z stderr F I0916 19:16:43.189712       1 shared_informer.go:255] Waiting for caches to sync for crt configmap
2023-09-16T19:16:43.340178013Z stderr F I0916 19:16:43.339970       1 controllermanager.go:603] Started "serviceaccount"
2023-09-16T19:16:43.340194463Z stderr F I0916 19:16:43.339994       1 serviceaccounts_controller.go:117] Starting service account controller
2023-09-16T19:16:43.340196834Z stderr F I0916 19:16:43.339999       1 shared_informer.go:255] Waiting for caches to sync for service account
2023-09-16T19:16:43.389475624Z stderr F I0916 19:16:43.389361       1 controllermanager.go:603] Started "csrapproving"
2023-09-16T19:16:43.38949378Z stderr F W0916 19:16:43.389395       1 core.go:232] configure-cloud-routes is set, but no cloud provider specified. Will not configure cloud provider routes.
2023-09-16T19:16:43.389496294Z stderr F W0916 19:16:43.389401       1 controllermanager.go:581] Skipping "route"
2023-09-16T19:16:43.389498282Z stderr F I0916 19:16:43.389433       1 certificate_controller.go:112] Starting certificate controller "csrapproving"
2023-09-16T19:16:43.389499976Z stderr F I0916 19:16:43.389438       1 shared_informer.go:255] Waiting for caches to sync for certificate-csrapproving
2023-09-16T19:16:43.539915035Z stderr F I0916 19:16:43.539723       1 controllermanager.go:603] Started "attachdetach"
2023-09-16T19:16:43.539929621Z stderr F I0916 19:16:43.539864       1 attach_detach_controller.go:328] Starting attach detach controller
2023-09-16T19:16:43.539973679Z stderr F I0916 19:16:43.539890       1 shared_informer.go:255] Waiting for caches to sync for attach detach
2023-09-16T19:16:43.541882285Z stderr F I0916 19:16:43.541794       1 shared_informer.go:255] Waiting for caches to sync for resource quota
2023-09-16T19:16:43.544619342Z stderr F W0916 19:16:43.544406       1 actual_state_of_world.go:541] Failed to update statusUpdateNeeded field in actual state of world: Failed to set statusUpdateNeeded to needed true, because nodeName="kind-control-plane" does not exist
2023-09-16T19:16:43.547139697Z stderr F I0916 19:16:43.546984       1 shared_informer.go:262] Caches are synced for endpoint
2023-09-16T19:16:43.551338329Z stderr F I0916 19:16:43.551222       1 shared_informer.go:262] Caches are synced for ReplicationController
2023-09-16T19:16:43.55191584Z stderr F I0916 19:16:43.551855       1 shared_informer.go:255] Waiting for caches to sync for garbage collector
2023-09-16T19:16:43.578749717Z stderr F I0916 19:16:43.578587       1 shared_informer.go:262] Caches are synced for ReplicaSet
2023-09-16T19:16:43.583094126Z stderr F I0916 19:16:43.582936       1 shared_informer.go:262] Caches are synced for stateful set
2023-09-16T19:16:43.58726702Z stderr F I0916 19:16:43.587112       1 shared_informer.go:262] Caches are synced for expand
2023-09-16T19:16:43.588353267Z stderr F I0916 19:16:43.588297       1 shared_informer.go:262] Caches are synced for endpoint_slice
2023-09-16T19:16:43.590161202Z stderr F I0916 19:16:43.590027       1 shared_informer.go:262] Caches are synced for crt configmap
2023-09-16T19:16:43.590171017Z stderr F I0916 19:16:43.590078       1 shared_informer.go:262] Caches are synced for certificate-csrapproving
2023-09-16T19:16:43.590173403Z stderr F I0916 19:16:43.590106       1 shared_informer.go:262] Caches are synced for ephemeral
2023-09-16T19:16:43.590178519Z stderr F I0916 19:16:43.590144       1 shared_informer.go:262] Caches are synced for ClusterRoleAggregator
2023-09-16T19:16:43.590712111Z stderr F I0916 19:16:43.590536       1 shared_informer.go:262] Caches are synced for job
2023-09-16T19:16:43.59432147Z stderr F I0916 19:16:43.594177       1 shared_informer.go:262] Caches are synced for node
2023-09-16T19:16:43.594334042Z stderr F I0916 19:16:43.594209       1 range_allocator.go:166] Starting range CIDR allocator
2023-09-16T19:16:43.594336664Z stderr F I0916 19:16:43.594214       1 shared_informer.go:255] Waiting for caches to sync for cidrallocator
2023-09-16T19:16:43.594338432Z stderr F I0916 19:16:43.594220       1 shared_informer.go:262] Caches are synced for cidrallocator
2023-09-16T19:16:43.597345362Z stderr F I0916 19:16:43.597160       1 range_allocator.go:367] Set node kind-control-plane PodCIDR to [10.244.0.0/24]
2023-09-16T19:16:43.598297468Z stderr F I0916 19:16:43.598161       1 shared_informer.go:262] Caches are synced for endpoint_slice_mirroring
2023-09-16T19:16:43.602603206Z stderr F I0916 19:16:43.602458       1 shared_informer.go:262] Caches are synced for GC
2023-09-16T19:16:43.607872425Z stderr F I0916 19:16:43.607782       1 shared_informer.go:262] Caches are synced for disruption
2023-09-16T19:16:43.611255963Z stderr F I0916 19:16:43.611072       1 shared_informer.go:262] Caches are synced for TTL
2023-09-16T19:16:43.61652267Z stderr F I0916 19:16:43.616360       1 shared_informer.go:262] Caches are synced for daemon sets
2023-09-16T19:16:43.62095474Z stderr F I0916 19:16:43.620784       1 shared_informer.go:262] Caches are synced for bootstrap_signer
2023-09-16T19:16:43.633392258Z stderr F I0916 19:16:43.633192       1 shared_informer.go:262] Caches are synced for namespace
2023-09-16T19:16:43.63576573Z stderr F I0916 19:16:43.635563       1 shared_informer.go:262] Caches are synced for certificate-csrsigning-kubelet-client
2023-09-16T19:16:43.635777737Z stderr F I0916 19:16:43.635604       1 shared_informer.go:262] Caches are synced for certificate-csrsigning-kube-apiserver-client
2023-09-16T19:16:43.635780391Z stderr F I0916 19:16:43.635641       1 shared_informer.go:262] Caches are synced for certificate-csrsigning-legacy-unknown
2023-09-16T19:16:43.63582846Z stderr F I0916 19:16:43.635745       1 shared_informer.go:262] Caches are synced for certificate-csrsigning-kubelet-serving
2023-09-16T19:16:43.639366866Z stderr F I0916 19:16:43.639278       1 shared_informer.go:262] Caches are synced for persistent volume
2023-09-16T19:16:43.641180939Z stderr F I0916 19:16:43.641060       1 shared_informer.go:262] Caches are synced for service account
2023-09-16T19:16:43.641190865Z stderr F I0916 19:16:43.641111       1 shared_informer.go:262] Caches are synced for attach detach
2023-09-16T19:16:43.641211923Z stderr F I0916 19:16:43.641192       1 shared_informer.go:262] Caches are synced for HPA
2023-09-16T19:16:43.641295228Z stderr F I0916 19:16:43.641212       1 shared_informer.go:262] Caches are synced for deployment
2023-09-16T19:16:43.6414068Z stderr F I0916 19:16:43.641194       1 shared_informer.go:262] Caches are synced for PVC protection
2023-09-16T19:16:43.641489223Z stderr F I0916 19:16:43.641200       1 shared_informer.go:262] Caches are synced for TTL after finished
2023-09-16T19:16:43.641495196Z stderr F I0916 19:16:43.641202       1 shared_informer.go:262] Caches are synced for PV protection
2023-09-16T19:16:43.738348456Z stderr F I0916 19:16:43.738176       1 shared_informer.go:262] Caches are synced for cronjob
2023-09-16T19:16:43.768405182Z stderr F I0916 19:16:43.768204       1 shared_informer.go:262] Caches are synced for resource quota
2023-09-16T19:16:43.790856725Z stderr F I0916 19:16:43.790695       1 shared_informer.go:262] Caches are synced for taint
2023-09-16T19:16:43.790871355Z stderr F I0916 19:16:43.790772       1 node_lifecycle_controller.go:1443] Initializing eviction metric for zone: 
2023-09-16T19:16:43.790873709Z stderr F I0916 19:16:43.790775       1 taint_manager.go:204] "Starting NoExecuteTaintManager"
2023-09-16T19:16:43.79087913Z stderr F I0916 19:16:43.790807       1 taint_manager.go:209] "Sending events to api server"
2023-09-16T19:16:43.79088167Z stderr F I0916 19:16:43.790825       1 event.go:294] "Event occurred" object="kind-control-plane" fieldPath="" kind="Node" apiVersion="v1" type="Normal" reason="RegisteredNode" message="Node kind-control-plane event: Registered Node kind-control-plane in Controller"
2023-09-16T19:16:43.790892674Z stderr F W0916 19:16:43.790809       1 node_lifecycle_controller.go:1058] Missing timestamp for Node kind-control-plane. Assuming now as a timestamp.
2023-09-16T19:16:43.790899138Z stderr F I0916 19:16:43.790872       1 node_lifecycle_controller.go:1209] Controller detected that all Nodes are not-Ready. Entering master disruption mode.
2023-09-16T19:16:43.842346317Z stderr F I0916 19:16:43.842175       1 shared_informer.go:262] Caches are synced for resource quota
2023-09-16T19:16:44.15315574Z stderr F I0916 19:16:44.152900       1 shared_informer.go:262] Caches are synced for garbage collector
2023-09-16T19:16:44.240776098Z stderr F I0916 19:16:44.240585       1 shared_informer.go:262] Caches are synced for garbage collector
2023-09-16T19:16:44.24081221Z stderr F I0916 19:16:44.240705       1 garbagecollector.go:163] Garbage collector: all resource monitors have synced. Proceeding to collect garbage
2023-09-16T19:16:44.296867158Z stderr F I0916 19:16:44.296753       1 event.go:294] "Event occurred" object="kube-system/kube-proxy" fieldPath="" kind="DaemonSet" apiVersion="apps/v1" type="Normal" reason="SuccessfulCreate" message="Created pod: kube-proxy-cpnsd"
2023-09-16T19:16:44.298145654Z stderr F I0916 19:16:44.298079       1 event.go:294] "Event occurred" object="kube-system/kindnet" fieldPath="" kind="DaemonSet" apiVersion="apps/v1" type="Normal" reason="SuccessfulCreate" message="Created pod: kindnet-5w5k9"
2023-09-16T19:16:44.444175723Z stderr F I0916 19:16:44.444107       1 event.go:294] "Event occurred" object="local-path-storage/local-path-provisioner" fieldPath="" kind="Deployment" apiVersion="apps/v1" type="Normal" reason="ScalingReplicaSet" message="Scaled up replica set local-path-provisioner-684f458cdd to 1"
2023-09-16T19:16:44.444998803Z stderr F I0916 19:16:44.444853       1 event.go:294] "Event occurred" object="kube-system/coredns" fieldPath="" kind="Deployment" apiVersion="apps/v1" type="Normal" reason="ScalingReplicaSet" message="Scaled up replica set coredns-565d847f94 to 2"
2023-09-16T19:16:44.544761783Z stderr F I0916 19:16:44.544673       1 event.go:294] "Event occurred" object="kube-system/coredns-565d847f94" fieldPath="" kind="ReplicaSet" apiVersion="apps/v1" type="Normal" reason="SuccessfulCreate" message="Created pod: coredns-565d847f94-cb8zd"
2023-09-16T19:16:44.545905906Z stderr F I0916 19:16:44.545754       1 event.go:294] "Event occurred" object="local-path-storage/local-path-provisioner-684f458cdd" fieldPath="" kind="ReplicaSet" apiVersion="apps/v1" type="Normal" reason="SuccessfulCreate" message="Created pod: local-path-provisioner-684f458cdd-pw6tw"
2023-09-16T19:16:44.548744932Z stderr F I0916 19:16:44.548657       1 event.go:294] "Event occurred" object="kube-system/coredns-565d847f94" fieldPath="" kind="ReplicaSet" apiVersion="apps/v1" type="Normal" reason="SuccessfulCreate" message="Created pod: coredns-565d847f94-d4d87"
2023-09-16T19:16:45.226171858Z stderr F I0916 19:16:45.225567       1 event.go:294] "Event occurred" object="crossplane-system/crossplane-rbac-manager" fieldPath="" kind="Deployment" apiVersion="apps/v1" type="Normal" reason="ScalingReplicaSet" message="Scaled up replica set crossplane-rbac-manager-6994f54b46 to 1"
2023-09-16T19:16:45.234262288Z stderr F I0916 19:16:45.233429       1 event.go:294] "Event occurred" object="crossplane-system/crossplane" fieldPath="" kind="Deployment" apiVersion="apps/v1" type="Normal" reason="ScalingReplicaSet" message="Scaled up replica set crossplane-959448d58 to 1"
2023-09-16T19:16:45.243642666Z stderr F I0916 19:16:45.243452       1 event.go:294] "Event occurred" object="crossplane-system/crossplane-rbac-manager-6994f54b46" fieldPath="" kind="ReplicaSet" apiVersion="apps/v1" type="Normal" reason="SuccessfulCreate" message="Created pod: crossplane-rbac-manager-6994f54b46-ksr5g"
2023-09-16T19:16:45.247626156Z stderr F I0916 19:16:45.247217       1 event.go:294] "Event occurred" object="crossplane-system/crossplane-959448d58" fieldPath="" kind="ReplicaSet" apiVersion="apps/v1" type="Normal" reason="SuccessfulCreate" message="Created pod: crossplane-959448d58-5djqn"
2023-09-16T19:16:53.801466389Z stderr F I0916 19:16:53.801375       1 node_lifecycle_controller.go:1236] Controller detected that some Nodes are Ready. Exiting master disruption mode.
2023-09-16T19:16:53.801775Z stderr F I0916 19:16:53.801639       1 event.go:294] "Event occurred" object="local-path-storage/local-path-provisioner-684f458cdd-pw6tw" fieldPath="" kind="Pod" apiVersion="" type="Normal" reason="TaintManagerEviction" message="Cancelling deletion of Pod local-path-storage/local-path-provisioner-684f458cdd-pw6tw"
2023-09-16T19:16:53.80178375Z stderr F I0916 19:16:53.801701       1 event.go:294] "Event occurred" object="kube-system/coredns-565d847f94-d4d87" fieldPath="" kind="Pod" apiVersion="" type="Normal" reason="TaintManagerEviction" message="Cancelling deletion of Pod kube-system/coredns-565d847f94-d4d87"
2023-09-16T19:16:53.801813742Z stderr F I0916 19:16:53.801759       1 event.go:294] "Event occurred" object="crossplane-system/crossplane-rbac-manager-6994f54b46-ksr5g" fieldPath="" kind="Pod" apiVersion="" type="Normal" reason="TaintManagerEviction" message="Cancelling deletion of Pod crossplane-system/crossplane-rbac-manager-6994f54b46-ksr5g"
2023-09-16T19:16:53.801823728Z stderr F I0916 19:16:53.801786       1 event.go:294] "Event occurred" object="crossplane-system/crossplane-959448d58-5djqn" fieldPath="" kind="Pod" apiVersion="" type="Normal" reason="TaintManagerEviction" message="Cancelling deletion of Pod crossplane-system/crossplane-959448d58-5djqn"
2023-09-16T19:16:53.801826196Z stderr F I0916 19:16:53.801792       1 event.go:294] "Event occurred" object="kube-system/coredns-565d847f94-cb8zd" fieldPath="" kind="Pod" apiVersion="" type="Normal" reason="TaintManagerEviction" message="Cancelling deletion of Pod kube-system/coredns-565d847f94-cb8zd"
2023-09-16T19:17:13.846870018Z stderr F I0916 19:17:13.846628       1 resource_quota_monitor.go:218] QuotaMonitor created object count evaluator for clusterclaims.devopstoolkitseries.com
2023-09-16T19:17:13.846897633Z stderr F I0916 19:17:13.846789       1 shared_informer.go:255] Waiting for caches to sync for resource quota
2023-09-16T19:17:13.94739123Z stderr F I0916 19:17:13.947233       1 shared_informer.go:262] Caches are synced for resource quota
2023-09-16T19:17:13.954726769Z stderr F I0916 19:17:13.954455       1 event.go:294] "Event occurred" object="crossplane-system/crossplane-provider-helm-503c3591121b" fieldPath="" kind="Deployment" apiVersion="apps/v1" type="Normal" reason="ScalingReplicaSet" message="Scaled up replica set crossplane-provider-helm-503c3591121b-56db69cb7b to 1"
2023-09-16T19:17:13.957391111Z stderr F I0916 19:17:13.957265       1 event.go:294] "Event occurred" object="crossplane-system/crossplane-provider-helm-503c3591121b-56db69cb7b" fieldPath="" kind="ReplicaSet" apiVersion="apps/v1" type="Normal" reason="SuccessfulCreate" message="Created pod: crossplane-provider-helm-503c3591121b-56db69cb7b-qhpwz"
2023-09-16T19:17:14.166138384Z stderr F I0916 19:17:14.166026       1 shared_informer.go:255] Waiting for caches to sync for garbage collector
2023-09-16T19:17:14.267306701Z stderr F I0916 19:17:14.267133       1 shared_informer.go:262] Caches are synced for garbage collector
2023-09-16T19:17:21.454288369Z stderr F I0916 19:17:21.454106       1 event.go:294] "Event occurred" object="crossplane-system/provider-civo-9dbccd3c9470" fieldPath="" kind="Deployment" apiVersion="apps/v1" type="Normal" reason="ScalingReplicaSet" message="Scaled up replica set provider-civo-9dbccd3c9470-6975576b8b to 1"
2023-09-16T19:17:21.456335446Z stderr F I0916 19:17:21.456186       1 event.go:294] "Event occurred" object="crossplane-system/crossplane-provider-kubernetes-fd7ab5be249e" fieldPath="" kind="Deployment" apiVersion="apps/v1" type="Normal" reason="ScalingReplicaSet" message="Scaled up replica set crossplane-provider-kubernetes-fd7ab5be249e-7b66cb845b to 1"
2023-09-16T19:17:21.459061138Z stderr F I0916 19:17:21.458849       1 event.go:294] "Event occurred" object="crossplane-system/provider-civo-9dbccd3c9470-6975576b8b" fieldPath="" kind="ReplicaSet" apiVersion="apps/v1" type="Normal" reason="SuccessfulCreate" message="Created pod: provider-civo-9dbccd3c9470-6975576b8b-vz8z6"
2023-09-16T19:17:21.460409328Z stderr F I0916 19:17:21.460243       1 event.go:294] "Event occurred" object="crossplane-system/crossplane-provider-kubernetes-fd7ab5be249e-7b66cb845b" fieldPath="" kind="ReplicaSet" apiVersion="apps/v1" type="Normal" reason="SuccessfulCreate" message="Created pod: crossplane-provider-kubernetes-fd7ab5be249e-7b66cb845b-djdlr"
2023-09-16T19:17:27.361145363Z stderr F I0916 19:17:27.361034       1 event.go:294] "Event occurred" object="crossplane-system/upbound-provider-family-aws-710d8cfe9f53" fieldPath="" kind="Deployment" apiVersion="apps/v1" type="Normal" reason="ScalingReplicaSet" message="Scaled up replica set upbound-provider-family-aws-710d8cfe9f53-6455458768 to 1"
2023-09-16T19:17:27.363503263Z stderr F I0916 19:17:27.363276       1 event.go:294] "Event occurred" object="crossplane-system/upbound-provider-family-aws-710d8cfe9f53-6455458768" fieldPath="" kind="ReplicaSet" apiVersion="apps/v1" type="Normal" reason="SuccessfulCreate" message="Created pod: upbound-provider-family-aws-710d8cfe9f53-6455458768-jb7ss"
2023-09-16T19:17:29.255342377Z stderr F I0916 19:17:29.255128       1 event.go:294] "Event occurred" object="crossplane-system/provider-aws-iam-09f2fb02dd6e" fieldPath="" kind="Deployment" apiVersion="apps/v1" type="Normal" reason="ScalingReplicaSet" message="Scaled up replica set provider-aws-iam-09f2fb02dd6e-79f9f8d5ff to 1"
2023-09-16T19:17:29.257489736Z stderr F I0916 19:17:29.257358       1 event.go:294] "Event occurred" object="crossplane-system/provider-aws-iam-09f2fb02dd6e-79f9f8d5ff" fieldPath="" kind="ReplicaSet" apiVersion="apps/v1" type="Normal" reason="SuccessfulCreate" message="Created pod: provider-aws-iam-09f2fb02dd6e-79f9f8d5ff-m7p6c"
2023-09-16T19:17:34.460849529Z stderr F I0916 19:17:34.458566       1 event.go:294] "Event occurred" object="crossplane-system/provider-aws-eks-511855a80bcd" fieldPath="" kind="Deployment" apiVersion="apps/v1" type="Normal" reason="ScalingReplicaSet" message="Scaled up replica set provider-aws-eks-511855a80bcd-fbfb78b56 to 1"
2023-09-16T19:17:34.463495878Z stderr F I0916 19:17:34.463047       1 event.go:294] "Event occurred" object="crossplane-system/provider-aws-eks-511855a80bcd-fbfb78b56" fieldPath="" kind="ReplicaSet" apiVersion="apps/v1" type="Normal" reason="SuccessfulCreate" message="Created pod: provider-aws-eks-511855a80bcd-fbfb78b56-b2wv6"
2023-09-16T19:17:34.955722452Z stderr F I0916 19:17:34.955551       1 event.go:294] "Event occurred" object="crossplane-system/provider-aws-ec2-783e13654b20" fieldPath="" kind="Deployment" apiVersion="apps/v1" type="Normal" reason="ScalingReplicaSet" message="Scaled up replica set provider-aws-ec2-783e13654b20-64ff5957d6 to 1"
2023-09-16T19:17:34.958441776Z stderr F I0916 19:17:34.958237       1 event.go:294] "Event occurred" object="crossplane-system/provider-aws-ec2-783e13654b20-64ff5957d6" fieldPath="" kind="ReplicaSet" apiVersion="apps/v1" type="Normal" reason="SuccessfulCreate" message="Created pod: provider-aws-ec2-783e13654b20-64ff5957d6-mxhn6"
2023-09-16T19:17:44.281460336Z stderr F I0916 19:17:44.281370       1 shared_informer.go:255] Waiting for caches to sync for garbage collector
2023-09-16T19:17:45.330954393Z stderr F I0916 19:17:45.330846       1 request.go:682] Waited for 1.04594444s due to client-side throttling, not priority and fairness, request: GET:https://172.18.0.2:6443/apis/eks.aws.upbound.io/v1beta1/nodegroups?limit=500&resourceVersion=0
2023-09-16T19:17:49.68221413Z stderr F I0916 19:17:49.681957       1 shared_informer.go:262] Caches are synced for garbage collector
