Sep 16 19:16:16 kind-control-plane systemd[1]: Starting containerd container runtime...
Sep 16 19:16:16 kind-control-plane modprobe[98]: modprobe: FATAL: Module overlay not found in directory /lib/modules/6.3.13-linuxkit
Sep 16 19:16:16 kind-control-plane systemd[1]: Started containerd container runtime.
Sep 16 19:16:16 kind-control-plane containerd[99]: time="2023-09-16T19:16:16.799974027Z" level=info msg="starting containerd" revision=1c90a442489720eec95342e1789ee8a5e1b9536f version=v1.6.9
Sep 16 19:16:16 kind-control-plane containerd[99]: time="2023-09-16T19:16:16.812125458Z" level=info msg="loading plugin \"io.containerd.content.v1.content\"..." type=io.containerd.content.v1
Sep 16 19:16:16 kind-control-plane containerd[99]: time="2023-09-16T19:16:16.812180299Z" level=info msg="loading plugin \"io.containerd.snapshotter.v1.aufs\"..." type=io.containerd.snapshotter.v1
Sep 16 19:16:16 kind-control-plane containerd[99]: time="2023-09-16T19:16:16.827174045Z" level=info msg="skip loading plugin \"io.containerd.snapshotter.v1.aufs\"..." error="aufs is not supported (modprobe aufs failed: exit status 1 \"modprobe: FATAL: Module aufs not found in directory /lib/modules/6.3.13-linuxkit\\n\"): skip plugin" type=io.containerd.snapshotter.v1
Sep 16 19:16:16 kind-control-plane containerd[99]: time="2023-09-16T19:16:16.827813129Z" level=info msg="loading plugin \"io.containerd.snapshotter.v1.btrfs\"..." type=io.containerd.snapshotter.v1
Sep 16 19:16:16 kind-control-plane containerd[99]: time="2023-09-16T19:16:16.827925781Z" level=info msg="skip loading plugin \"io.containerd.snapshotter.v1.btrfs\"..." error="path /var/lib/containerd/io.containerd.snapshotter.v1.btrfs (ext4) must be a btrfs filesystem to be used with the btrfs snapshotter: skip plugin" type=io.containerd.snapshotter.v1
Sep 16 19:16:16 kind-control-plane containerd[99]: time="2023-09-16T19:16:16.827963067Z" level=info msg="loading plugin \"io.containerd.snapshotter.v1.devmapper\"..." type=io.containerd.snapshotter.v1
Sep 16 19:16:16 kind-control-plane containerd[99]: time="2023-09-16T19:16:16.827975409Z" level=warning msg="failed to load plugin io.containerd.snapshotter.v1.devmapper" error="devmapper not configured"
Sep 16 19:16:16 kind-control-plane containerd[99]: time="2023-09-16T19:16:16.828006507Z" level=info msg="loading plugin \"io.containerd.snapshotter.v1.native\"..." type=io.containerd.snapshotter.v1
Sep 16 19:16:16 kind-control-plane containerd[99]: time="2023-09-16T19:16:16.828026456Z" level=info msg="loading plugin \"io.containerd.snapshotter.v1.overlayfs\"..." type=io.containerd.snapshotter.v1
Sep 16 19:16:16 kind-control-plane containerd[99]: time="2023-09-16T19:16:16.828818760Z" level=info msg="loading plugin \"io.containerd.snapshotter.v1.zfs\"..." type=io.containerd.snapshotter.v1
Sep 16 19:16:16 kind-control-plane containerd[99]: time="2023-09-16T19:16:16.829237805Z" level=info msg="skip loading plugin \"io.containerd.snapshotter.v1.zfs\"..." error="path /var/lib/containerd/io.containerd.snapshotter.v1.zfs must be a zfs filesystem to be used with the zfs snapshotter: skip plugin" type=io.containerd.snapshotter.v1
Sep 16 19:16:16 kind-control-plane containerd[99]: time="2023-09-16T19:16:16.829274933Z" level=info msg="loading plugin \"io.containerd.snapshotter.v1.fuse-overlayfs\"..." type=io.containerd.snapshotter.v1
Sep 16 19:16:16 kind-control-plane containerd[99]: time="2023-09-16T19:16:16.830566737Z" level=info msg="loading plugin \"io.containerd.metadata.v1.bolt\"..." type=io.containerd.metadata.v1
Sep 16 19:16:16 kind-control-plane containerd[99]: time="2023-09-16T19:16:16.830611026Z" level=warning msg="could not use snapshotter devmapper in metadata plugin" error="devmapper not configured"
Sep 16 19:16:16 kind-control-plane containerd[99]: time="2023-09-16T19:16:16.830624113Z" level=info msg="metadata content store policy set" policy=shared
Sep 16 19:16:16 kind-control-plane containerd[99]: time="2023-09-16T19:16:16.831308291Z" level=info msg="loading plugin \"io.containerd.differ.v1.walking\"..." type=io.containerd.differ.v1
Sep 16 19:16:16 kind-control-plane containerd[99]: time="2023-09-16T19:16:16.831385620Z" level=info msg="loading plugin \"io.containerd.event.v1.exchange\"..." type=io.containerd.event.v1
Sep 16 19:16:16 kind-control-plane containerd[99]: time="2023-09-16T19:16:16.831396962Z" level=info msg="loading plugin \"io.containerd.gc.v1.scheduler\"..." type=io.containerd.gc.v1
Sep 16 19:16:16 kind-control-plane containerd[99]: time="2023-09-16T19:16:16.831481381Z" level=info msg="loading plugin \"io.containerd.service.v1.introspection-service\"..." type=io.containerd.service.v1
Sep 16 19:16:16 kind-control-plane containerd[99]: time="2023-09-16T19:16:16.831503991Z" level=info msg="loading plugin \"io.containerd.service.v1.containers-service\"..." type=io.containerd.service.v1
Sep 16 19:16:16 kind-control-plane containerd[99]: time="2023-09-16T19:16:16.831514136Z" level=info msg="loading plugin \"io.containerd.service.v1.content-service\"..." type=io.containerd.service.v1
Sep 16 19:16:16 kind-control-plane containerd[99]: time="2023-09-16T19:16:16.831521926Z" level=info msg="loading plugin \"io.containerd.service.v1.diff-service\"..." type=io.containerd.service.v1
Sep 16 19:16:16 kind-control-plane containerd[99]: time="2023-09-16T19:16:16.831530629Z" level=info msg="loading plugin \"io.containerd.service.v1.images-service\"..." type=io.containerd.service.v1
Sep 16 19:16:16 kind-control-plane containerd[99]: time="2023-09-16T19:16:16.831542646Z" level=info msg="loading plugin \"io.containerd.service.v1.leases-service\"..." type=io.containerd.service.v1
Sep 16 19:16:16 kind-control-plane containerd[99]: time="2023-09-16T19:16:16.831550714Z" level=info msg="loading plugin \"io.containerd.service.v1.namespaces-service\"..." type=io.containerd.service.v1
Sep 16 19:16:16 kind-control-plane containerd[99]: time="2023-09-16T19:16:16.831566231Z" level=info msg="loading plugin \"io.containerd.service.v1.snapshots-service\"..." type=io.containerd.service.v1
Sep 16 19:16:16 kind-control-plane containerd[99]: time="2023-09-16T19:16:16.831580607Z" level=info msg="loading plugin \"io.containerd.runtime.v1.linux\"..." type=io.containerd.runtime.v1
Sep 16 19:16:16 kind-control-plane containerd[99]: time="2023-09-16T19:16:16.831639095Z" level=info msg="loading plugin \"io.containerd.runtime.v2.task\"..." type=io.containerd.runtime.v2
Sep 16 19:16:16 kind-control-plane containerd[99]: time="2023-09-16T19:16:16.831695407Z" level=info msg="loading plugin \"io.containerd.monitor.v1.cgroups\"..." type=io.containerd.monitor.v1
Sep 16 19:16:16 kind-control-plane containerd[99]: time="2023-09-16T19:16:16.832496582Z" level=info msg="loading plugin \"io.containerd.service.v1.tasks-service\"..." type=io.containerd.service.v1
Sep 16 19:16:16 kind-control-plane containerd[99]: time="2023-09-16T19:16:16.832559464Z" level=info msg="loading plugin \"io.containerd.grpc.v1.introspection\"..." type=io.containerd.grpc.v1
Sep 16 19:16:16 kind-control-plane containerd[99]: time="2023-09-16T19:16:16.832573834Z" level=info msg="loading plugin \"io.containerd.internal.v1.restart\"..." type=io.containerd.internal.v1
Sep 16 19:16:16 kind-control-plane containerd[99]: time="2023-09-16T19:16:16.832754648Z" level=info msg="loading plugin \"io.containerd.grpc.v1.containers\"..." type=io.containerd.grpc.v1
Sep 16 19:16:16 kind-control-plane containerd[99]: time="2023-09-16T19:16:16.832769594Z" level=info msg="loading plugin \"io.containerd.grpc.v1.content\"..." type=io.containerd.grpc.v1
Sep 16 19:16:16 kind-control-plane containerd[99]: time="2023-09-16T19:16:16.832778483Z" level=info msg="loading plugin \"io.containerd.grpc.v1.diff\"..." type=io.containerd.grpc.v1
Sep 16 19:16:16 kind-control-plane containerd[99]: time="2023-09-16T19:16:16.832786383Z" level=info msg="loading plugin \"io.containerd.grpc.v1.events\"..." type=io.containerd.grpc.v1
Sep 16 19:16:16 kind-control-plane containerd[99]: time="2023-09-16T19:16:16.832794793Z" level=info msg="loading plugin \"io.containerd.grpc.v1.healthcheck\"..." type=io.containerd.grpc.v1
Sep 16 19:16:16 kind-control-plane containerd[99]: time="2023-09-16T19:16:16.832802559Z" level=info msg="loading plugin \"io.containerd.grpc.v1.images\"..." type=io.containerd.grpc.v1
Sep 16 19:16:16 kind-control-plane containerd[99]: time="2023-09-16T19:16:16.832814515Z" level=info msg="loading plugin \"io.containerd.grpc.v1.leases\"..." type=io.containerd.grpc.v1
Sep 16 19:16:16 kind-control-plane containerd[99]: time="2023-09-16T19:16:16.832839133Z" level=info msg="loading plugin \"io.containerd.grpc.v1.namespaces\"..." type=io.containerd.grpc.v1
Sep 16 19:16:16 kind-control-plane containerd[99]: time="2023-09-16T19:16:16.832855100Z" level=info msg="loading plugin \"io.containerd.internal.v1.opt\"..." type=io.containerd.internal.v1
Sep 16 19:16:16 kind-control-plane containerd[99]: time="2023-09-16T19:16:16.834089982Z" level=info msg="loading plugin \"io.containerd.grpc.v1.snapshots\"..." type=io.containerd.grpc.v1
Sep 16 19:16:16 kind-control-plane containerd[99]: time="2023-09-16T19:16:16.834126966Z" level=info msg="loading plugin \"io.containerd.grpc.v1.tasks\"..." type=io.containerd.grpc.v1
Sep 16 19:16:16 kind-control-plane containerd[99]: time="2023-09-16T19:16:16.834144582Z" level=info msg="loading plugin \"io.containerd.grpc.v1.version\"..." type=io.containerd.grpc.v1
Sep 16 19:16:16 kind-control-plane containerd[99]: time="2023-09-16T19:16:16.834152477Z" level=info msg="loading plugin \"io.containerd.tracing.processor.v1.otlp\"..." type=io.containerd.tracing.processor.v1
Sep 16 19:16:16 kind-control-plane containerd[99]: time="2023-09-16T19:16:16.834161901Z" level=info msg="skip loading plugin \"io.containerd.tracing.processor.v1.otlp\"..." error="no OpenTelemetry endpoint: skip plugin" type=io.containerd.tracing.processor.v1
Sep 16 19:16:16 kind-control-plane containerd[99]: time="2023-09-16T19:16:16.834169095Z" level=info msg="loading plugin \"io.containerd.internal.v1.tracing\"..." type=io.containerd.internal.v1
Sep 16 19:16:16 kind-control-plane containerd[99]: time="2023-09-16T19:16:16.834200578Z" level=error msg="failed to initialize a tracing processor \"otlp\"" error="no OpenTelemetry endpoint: skip plugin"
Sep 16 19:16:16 kind-control-plane containerd[99]: time="2023-09-16T19:16:16.834267851Z" level=info msg="loading plugin \"io.containerd.grpc.v1.cri\"..." type=io.containerd.grpc.v1
Sep 16 19:16:16 kind-control-plane containerd[99]: time="2023-09-16T19:16:16.834467561Z" level=warning msg="`mirrors` is deprecated, please use `config_path` instead"
Sep 16 19:16:16 kind-control-plane containerd[99]: time="2023-09-16T19:16:16.834542351Z" level=info msg="Start cri plugin with config {PluginConfig:{ContainerdConfig:{Snapshotter:overlayfs DefaultRuntimeName:runc DefaultRuntime:{Type: Path: Engine: PodAnnotations:[] ContainerAnnotations:[] Root: Options:map[] PrivilegedWithoutHostDevices:false BaseRuntimeSpec: NetworkPluginConfDir: NetworkPluginMaxConfNum:0} UntrustedWorkloadRuntime:{Type: Path: Engine: PodAnnotations:[] ContainerAnnotations:[] Root: Options:map[] PrivilegedWithoutHostDevices:false BaseRuntimeSpec: NetworkPluginConfDir: NetworkPluginMaxConfNum:0} Runtimes:map[runc:{Type:io.containerd.runc.v2 Path: Engine: PodAnnotations:[] ContainerAnnotations:[] Root: Options:map[SystemdCgroup:true] PrivilegedWithoutHostDevices:false BaseRuntimeSpec:/etc/containerd/cri-base.json NetworkPluginConfDir: NetworkPluginMaxConfNum:0} test-handler:{Type:io.containerd.runc.v2 Path: Engine: PodAnnotations:[] ContainerAnnotations:[] Root: Options:map[SystemdCgroup:true] PrivilegedWithoutHostDevices:false BaseRuntimeSpec:/etc/containerd/cri-base.json NetworkPluginConfDir: NetworkPluginMaxConfNum:0}] NoPivot:false DisableSnapshotAnnotations:true DiscardUnpackedLayers:true IgnoreRdtNotEnabledErrors:false} CniConfig:{NetworkPluginBinDir:/opt/cni/bin NetworkPluginConfDir:/etc/cni/net.d NetworkPluginMaxConfNum:1 NetworkPluginConfTemplate: IPPreference:} Registry:{ConfigPath: Mirrors:map[k8s.gcr.io:{Endpoints:[https://registry.k8s.io https://k8s.gcr.io]}] Configs:map[] Auths:map[] Headers:map[]} ImageDecryption:{KeyModel:node} DisableTCPService:true StreamServerAddress:127.0.0.1 StreamServerPort:0 StreamIdleTimeout:4h0m0s EnableSelinux:false SelinuxCategoryRange:1024 SandboxImage:registry.k8s.io/pause:3.7 StatsCollectPeriod:10 SystemdCgroup:false EnableTLSStreaming:false X509KeyPairStreaming:{TLSCertFile: TLSKeyFile:} MaxContainerLogLineSize:16384 DisableCgroup:false DisableApparmor:false RestrictOOMScoreAdj:false MaxConcurrentDownloads:3 DisableProcMount:false UnsetSeccompProfile: TolerateMissingHugetlbController:true DisableHugetlbController:true DeviceOwnershipFromSecurityContext:false IgnoreImageDefinedVolumes:false NetNSMountsUnderStateDir:false EnableUnprivilegedPorts:false EnableUnprivilegedICMP:false} ContainerdRootDir:/var/lib/containerd ContainerdEndpoint:/run/containerd/containerd.sock RootDir:/var/lib/containerd/io.containerd.grpc.v1.cri StateDir:/run/containerd/io.containerd.grpc.v1.cri}"
Sep 16 19:16:16 kind-control-plane containerd[99]: time="2023-09-16T19:16:16.834607753Z" level=info msg="Connect containerd service"
Sep 16 19:16:16 kind-control-plane containerd[99]: time="2023-09-16T19:16:16.834641759Z" level=info msg="Get image filesystem path \"/var/lib/containerd/io.containerd.snapshotter.v1.overlayfs\""
Sep 16 19:16:16 kind-control-plane containerd[99]: time="2023-09-16T19:16:16.836321063Z" level=error msg="failed to load cni during init, please check CRI plugin status before setting up network for pods" error="cni config load failed: no network config found in /etc/cni/net.d: cni plugin not initialized: failed to load cni config"
Sep 16 19:16:16 kind-control-plane containerd[99]: time="2023-09-16T19:16:16.838338247Z" level=info msg="Start subscribing containerd event"
Sep 16 19:16:16 kind-control-plane containerd[99]: time="2023-09-16T19:16:16.838413681Z" level=info msg="Start recovering state"
Sep 16 19:16:16 kind-control-plane containerd[99]: time="2023-09-16T19:16:16.838484132Z" level=info msg=serving... address=/run/containerd/containerd.sock.ttrpc
Sep 16 19:16:16 kind-control-plane containerd[99]: time="2023-09-16T19:16:16.838556446Z" level=info msg=serving... address=/run/containerd/containerd.sock
Sep 16 19:16:16 kind-control-plane containerd[99]: time="2023-09-16T19:16:16.838591377Z" level=info msg="containerd successfully booted in 0.041129s"
Sep 16 19:16:16 kind-control-plane containerd[99]: time="2023-09-16T19:16:16.839176676Z" level=warning msg="The image docker.io/kindest/kindnetd:v20221004-44d545d1 is not unpacked."
Sep 16 19:16:16 kind-control-plane containerd[99]: time="2023-09-16T19:16:16.842152673Z" level=warning msg="The image docker.io/kindest/local-path-helper:v20220607-9a4d8d2a is not unpacked."
Sep 16 19:16:16 kind-control-plane containerd[99]: time="2023-09-16T19:16:16.843047966Z" level=warning msg="The image docker.io/kindest/local-path-provisioner:v0.0.22-kind.0 is not unpacked."
Sep 16 19:16:16 kind-control-plane containerd[99]: time="2023-09-16T19:16:16.843747264Z" level=warning msg="The image import-2022-10-25@sha256:0dae4b69c2aa90e6c24691ebbe2e860e2a1ae68463a622c627fb58110153d950 is not unpacked."
Sep 16 19:16:16 kind-control-plane containerd[99]: time="2023-09-16T19:16:16.844258707Z" level=warning msg="The image import-2022-10-25@sha256:1c35781a4b6011d5c27bedbba7ca130db72c4aaf74d108c60bc77ae49130e5e4 is not unpacked."
Sep 16 19:16:16 kind-control-plane containerd[99]: time="2023-09-16T19:16:16.844736923Z" level=warning msg="The image import-2022-10-25@sha256:4002c19dafb94b1995fc598fae590f70cac10135f61ca2551bd97aae37ed9c4a is not unpacked."
Sep 16 19:16:16 kind-control-plane containerd[99]: time="2023-09-16T19:16:16.845370523Z" level=warning msg="The image import-2022-10-25@sha256:409b0e81d9aecf59df96df445a3171f43e2ae834ef6c9e77b1492c4d19bfd78d is not unpacked."
Sep 16 19:16:16 kind-control-plane containerd[99]: time="2023-09-16T19:16:16.846156882Z" level=warning msg="The image registry.k8s.io/coredns/coredns:v1.9.3 is not unpacked."
Sep 16 19:16:16 kind-control-plane containerd[99]: time="2023-09-16T19:16:16.847000691Z" level=warning msg="The image registry.k8s.io/etcd:3.5.4-0 is not unpacked."
Sep 16 19:16:16 kind-control-plane containerd[99]: time="2023-09-16T19:16:16.847978571Z" level=warning msg="The image registry.k8s.io/kube-apiserver:v1.25.3 is not unpacked."
Sep 16 19:16:16 kind-control-plane containerd[99]: time="2023-09-16T19:16:16.848691761Z" level=warning msg="The image registry.k8s.io/kube-controller-manager:v1.25.3 is not unpacked."
Sep 16 19:16:16 kind-control-plane containerd[99]: time="2023-09-16T19:16:16.849262400Z" level=warning msg="The image registry.k8s.io/kube-proxy:v1.25.3 is not unpacked."
Sep 16 19:16:16 kind-control-plane containerd[99]: time="2023-09-16T19:16:16.849801662Z" level=warning msg="The image registry.k8s.io/kube-scheduler:v1.25.3 is not unpacked."
Sep 16 19:16:16 kind-control-plane containerd[99]: time="2023-09-16T19:16:16.850679207Z" level=warning msg="The image registry.k8s.io/pause:3.7 is not unpacked."
Sep 16 19:16:16 kind-control-plane containerd[99]: time="2023-09-16T19:16:16.851617978Z" level=warning msg="The image sha256:221177c6082a88ea4f6240ab2450d540955ac6f4d5454f0e15751b653ebda165 is not unpacked."
Sep 16 19:16:16 kind-control-plane containerd[99]: time="2023-09-16T19:16:16.852655308Z" level=warning msg="The image sha256:4bc1b1e750e34e3fbb542febefe990232575c949ccc07836125e23f3b1881a56 is not unpacked."
Sep 16 19:16:16 kind-control-plane containerd[99]: time="2023-09-16T19:16:16.853408539Z" level=warning msg="The image sha256:4c1e997385b8fb4ad4d1d3c7e5af7ff3f882e94d07cf5b78de9e889bc60830e6 is not unpacked."
Sep 16 19:16:16 kind-control-plane containerd[99]: time="2023-09-16T19:16:16.854348032Z" level=warning msg="The image sha256:5185b96f0becf59032b8e3646e99f84d9655dff3ac9e2605e0dc77f9c441ae4a is not unpacked."
Sep 16 19:16:16 kind-control-plane containerd[99]: time="2023-09-16T19:16:16.855178861Z" level=warning msg="The image sha256:5225724a11400a83db6efe486e37aeaec871f0e15b19e82c9160b7c3de880875 is not unpacked."
Sep 16 19:16:16 kind-control-plane containerd[99]: time="2023-09-16T19:16:16.856640253Z" level=warning msg="The image sha256:580dca99efc3bb79350e610acca6242f13442633087f3187f7264adbddfbda07 is not unpacked."
Sep 16 19:16:16 kind-control-plane containerd[99]: time="2023-09-16T19:16:16.857311285Z" level=warning msg="The image sha256:86063cd68dfc91a931a6e095a0f796643990ce18d7edf0bbc3385c85bc95c1ab is not unpacked."
Sep 16 19:16:16 kind-control-plane containerd[99]: time="2023-09-16T19:16:16.857903573Z" level=warning msg="The image sha256:a8a176a5d5d698f9409dc246f81fa69d37d4a2f4132ba5e62e72a78476b27f66 is not unpacked."
Sep 16 19:16:16 kind-control-plane containerd[99]: time="2023-09-16T19:16:16.858659363Z" level=warning msg="The image sha256:d2f902e939cc38784e56ec30c102ef01a019e13a3b31d4c23332ffdd0244a632 is not unpacked."
Sep 16 19:16:16 kind-control-plane containerd[99]: time="2023-09-16T19:16:16.859270517Z" level=warning msg="The image sha256:d6e3e26021b60c625f0ef5b2dd3f9e22d2d398e05bccc4fdd7d59fbbb6a04d3f is not unpacked."
Sep 16 19:16:16 kind-control-plane containerd[99]: time="2023-09-16T19:16:16.859668328Z" level=info msg="Start event monitor"
Sep 16 19:16:16 kind-control-plane containerd[99]: time="2023-09-16T19:16:16.859717756Z" level=info msg="Start snapshots syncer"
Sep 16 19:16:16 kind-control-plane containerd[99]: time="2023-09-16T19:16:16.859730507Z" level=info msg="Start cni network conf syncer for default"
Sep 16 19:16:16 kind-control-plane containerd[99]: time="2023-09-16T19:16:16.859736200Z" level=info msg="Start streaming server"
Sep 16 19:16:21 kind-control-plane containerd[99]: time="2023-09-16T19:16:21.457586982Z" level=info msg="RunPodSandbox for &PodSandboxMetadata{Name:etcd-kind-control-plane,Uid:0656ab70da313d6449b17f099a2a3110,Namespace:kube-system,Attempt:0,}"
Sep 16 19:16:21 kind-control-plane containerd[99]: time="2023-09-16T19:16:21.459336161Z" level=info msg="RunPodSandbox for &PodSandboxMetadata{Name:kube-apiserver-kind-control-plane,Uid:9d154d94c881e34144512156e922afea,Namespace:kube-system,Attempt:0,}"
Sep 16 19:16:21 kind-control-plane containerd[99]: time="2023-09-16T19:16:21.476180928Z" level=info msg="RunPodSandbox for &PodSandboxMetadata{Name:kube-controller-manager-kind-control-plane,Uid:aaff90ec64f346d418f0a93d766752c5,Namespace:kube-system,Attempt:0,}"
Sep 16 19:16:21 kind-control-plane containerd[99]: time="2023-09-16T19:16:21.477761247Z" level=info msg="RunPodSandbox for &PodSandboxMetadata{Name:kube-scheduler-kind-control-plane,Uid:6d3dda2cad9846e0d48dbd5d5b9f59fc,Namespace:kube-system,Attempt:0,}"
Sep 16 19:16:21 kind-control-plane containerd[99]: time="2023-09-16T19:16:21.597149603Z" level=info msg="loading plugin \"io.containerd.event.v1.publisher\"..." runtime=io.containerd.runc.v2 type=io.containerd.event.v1
Sep 16 19:16:21 kind-control-plane containerd[99]: time="2023-09-16T19:16:21.597196491Z" level=info msg="loading plugin \"io.containerd.internal.v1.shutdown\"..." runtime=io.containerd.runc.v2 type=io.containerd.internal.v1
Sep 16 19:16:21 kind-control-plane containerd[99]: time="2023-09-16T19:16:21.597204881Z" level=info msg="loading plugin \"io.containerd.ttrpc.v1.task\"..." runtime=io.containerd.runc.v2 type=io.containerd.ttrpc.v1
Sep 16 19:16:21 kind-control-plane containerd[99]: time="2023-09-16T19:16:21.597029264Z" level=info msg="loading plugin \"io.containerd.event.v1.publisher\"..." runtime=io.containerd.runc.v2 type=io.containerd.event.v1
Sep 16 19:16:21 kind-control-plane containerd[99]: time="2023-09-16T19:16:21.597124490Z" level=info msg="loading plugin \"io.containerd.internal.v1.shutdown\"..." runtime=io.containerd.runc.v2 type=io.containerd.internal.v1
Sep 16 19:16:21 kind-control-plane containerd[99]: time="2023-09-16T19:16:21.597140365Z" level=info msg="loading plugin \"io.containerd.ttrpc.v1.task\"..." runtime=io.containerd.runc.v2 type=io.containerd.ttrpc.v1
Sep 16 19:16:21 kind-control-plane containerd[99]: time="2023-09-16T19:16:21.597512432Z" level=info msg="starting signal loop" namespace=k8s.io path=/run/containerd/io.containerd.runtime.v2.task/k8s.io/d6852e9839d703e401ff74ca30730c42f9c7e8f77abf9a61c62c79e13d99e8b3 pid=337 runtime=io.containerd.runc.v2
Sep 16 19:16:21 kind-control-plane containerd[99]: time="2023-09-16T19:16:21.597343737Z" level=info msg="loading plugin \"io.containerd.event.v1.publisher\"..." runtime=io.containerd.runc.v2 type=io.containerd.event.v1
Sep 16 19:16:21 kind-control-plane containerd[99]: time="2023-09-16T19:16:21.597435443Z" level=info msg="loading plugin \"io.containerd.internal.v1.shutdown\"..." runtime=io.containerd.runc.v2 type=io.containerd.internal.v1
Sep 16 19:16:21 kind-control-plane containerd[99]: time="2023-09-16T19:16:21.597444880Z" level=info msg="loading plugin \"io.containerd.ttrpc.v1.task\"..." runtime=io.containerd.runc.v2 type=io.containerd.ttrpc.v1
Sep 16 19:16:21 kind-control-plane containerd[99]: time="2023-09-16T19:16:21.597030585Z" level=info msg="loading plugin \"io.containerd.event.v1.publisher\"..." runtime=io.containerd.runc.v2 type=io.containerd.event.v1
Sep 16 19:16:21 kind-control-plane containerd[99]: time="2023-09-16T19:16:21.597095003Z" level=info msg="loading plugin \"io.containerd.internal.v1.shutdown\"..." runtime=io.containerd.runc.v2 type=io.containerd.internal.v1
Sep 16 19:16:21 kind-control-plane containerd[99]: time="2023-09-16T19:16:21.597104437Z" level=info msg="loading plugin \"io.containerd.ttrpc.v1.task\"..." runtime=io.containerd.runc.v2 type=io.containerd.ttrpc.v1
Sep 16 19:16:21 kind-control-plane containerd[99]: time="2023-09-16T19:16:21.597640660Z" level=info msg="starting signal loop" namespace=k8s.io path=/run/containerd/io.containerd.runtime.v2.task/k8s.io/fb5c9e3c2d1f39539c1ad986215c71f6cde0f5027e7a6690ece3a5522d229c8d pid=334 runtime=io.containerd.runc.v2
Sep 16 19:16:21 kind-control-plane containerd[99]: time="2023-09-16T19:16:21.597715051Z" level=info msg="starting signal loop" namespace=k8s.io path=/run/containerd/io.containerd.runtime.v2.task/k8s.io/e1e7ff13863d0049e16080312250d1f2e9c20ee6faf9b9e8cfb8550b48eeb95f pid=335 runtime=io.containerd.runc.v2
Sep 16 19:16:21 kind-control-plane containerd[99]: time="2023-09-16T19:16:21.597770292Z" level=info msg="starting signal loop" namespace=k8s.io path=/run/containerd/io.containerd.runtime.v2.task/k8s.io/b9e1f8e526307d19d1261eb2837e0820d8b9588e85b8f09c4e86d30023e7b975 pid=336 runtime=io.containerd.runc.v2
Sep 16 19:16:21 kind-control-plane containerd[99]: time="2023-09-16T19:16:21.719237681Z" level=info msg="RunPodSandbox for &PodSandboxMetadata{Name:kube-controller-manager-kind-control-plane,Uid:aaff90ec64f346d418f0a93d766752c5,Namespace:kube-system,Attempt:0,} returns sandbox id \"fb5c9e3c2d1f39539c1ad986215c71f6cde0f5027e7a6690ece3a5522d229c8d\""
Sep 16 19:16:21 kind-control-plane containerd[99]: time="2023-09-16T19:16:21.719309351Z" level=info msg="RunPodSandbox for &PodSandboxMetadata{Name:etcd-kind-control-plane,Uid:0656ab70da313d6449b17f099a2a3110,Namespace:kube-system,Attempt:0,} returns sandbox id \"b9e1f8e526307d19d1261eb2837e0820d8b9588e85b8f09c4e86d30023e7b975\""
Sep 16 19:16:21 kind-control-plane containerd[99]: time="2023-09-16T19:16:21.719428605Z" level=info msg="RunPodSandbox for &PodSandboxMetadata{Name:kube-scheduler-kind-control-plane,Uid:6d3dda2cad9846e0d48dbd5d5b9f59fc,Namespace:kube-system,Attempt:0,} returns sandbox id \"d6852e9839d703e401ff74ca30730c42f9c7e8f77abf9a61c62c79e13d99e8b3\""
Sep 16 19:16:21 kind-control-plane containerd[99]: time="2023-09-16T19:16:21.721631518Z" level=info msg="RunPodSandbox for &PodSandboxMetadata{Name:kube-apiserver-kind-control-plane,Uid:9d154d94c881e34144512156e922afea,Namespace:kube-system,Attempt:0,} returns sandbox id \"e1e7ff13863d0049e16080312250d1f2e9c20ee6faf9b9e8cfb8550b48eeb95f\""
Sep 16 19:16:21 kind-control-plane containerd[99]: time="2023-09-16T19:16:21.722806089Z" level=info msg="CreateContainer within sandbox \"fb5c9e3c2d1f39539c1ad986215c71f6cde0f5027e7a6690ece3a5522d229c8d\" for container &ContainerMetadata{Name:kube-controller-manager,Attempt:0,}"
Sep 16 19:16:21 kind-control-plane containerd[99]: time="2023-09-16T19:16:21.722838750Z" level=info msg="CreateContainer within sandbox \"b9e1f8e526307d19d1261eb2837e0820d8b9588e85b8f09c4e86d30023e7b975\" for container &ContainerMetadata{Name:etcd,Attempt:0,}"
Sep 16 19:16:21 kind-control-plane containerd[99]: time="2023-09-16T19:16:21.722959079Z" level=info msg="CreateContainer within sandbox \"d6852e9839d703e401ff74ca30730c42f9c7e8f77abf9a61c62c79e13d99e8b3\" for container &ContainerMetadata{Name:kube-scheduler,Attempt:0,}"
Sep 16 19:16:21 kind-control-plane containerd[99]: time="2023-09-16T19:16:21.723706543Z" level=info msg="CreateContainer within sandbox \"e1e7ff13863d0049e16080312250d1f2e9c20ee6faf9b9e8cfb8550b48eeb95f\" for container &ContainerMetadata{Name:kube-apiserver,Attempt:0,}"
Sep 16 19:16:22 kind-control-plane containerd[99]: time="2023-09-16T19:16:22.076808206Z" level=info msg="CreateContainer within sandbox \"d6852e9839d703e401ff74ca30730c42f9c7e8f77abf9a61c62c79e13d99e8b3\" for &ContainerMetadata{Name:kube-scheduler,Attempt:0,} returns container id \"a34504ebc361e11ff848f4ce53e1551a5d70ad5acb8a0633b7d3a51c6072c3ed\""
Sep 16 19:16:22 kind-control-plane containerd[99]: time="2023-09-16T19:16:22.077466409Z" level=info msg="StartContainer for \"a34504ebc361e11ff848f4ce53e1551a5d70ad5acb8a0633b7d3a51c6072c3ed\""
Sep 16 19:16:22 kind-control-plane containerd[99]: time="2023-09-16T19:16:22.127524792Z" level=info msg="CreateContainer within sandbox \"fb5c9e3c2d1f39539c1ad986215c71f6cde0f5027e7a6690ece3a5522d229c8d\" for &ContainerMetadata{Name:kube-controller-manager,Attempt:0,} returns container id \"fe022db6c638a56c90edf0322c83e8b449c63b84be623701377f181ca71b68cf\""
Sep 16 19:16:22 kind-control-plane containerd[99]: time="2023-09-16T19:16:22.128164724Z" level=info msg="StartContainer for \"fe022db6c638a56c90edf0322c83e8b449c63b84be623701377f181ca71b68cf\""
Sep 16 19:16:22 kind-control-plane containerd[99]: time="2023-09-16T19:16:22.177310143Z" level=info msg="CreateContainer within sandbox \"e1e7ff13863d0049e16080312250d1f2e9c20ee6faf9b9e8cfb8550b48eeb95f\" for &ContainerMetadata{Name:kube-apiserver,Attempt:0,} returns container id \"49dd4146e31f7fb92775d967a92ec2ca3e71edec3c7eaa13cbbcbebd7b857e4c\""
Sep 16 19:16:22 kind-control-plane containerd[99]: time="2023-09-16T19:16:22.178236391Z" level=info msg="StartContainer for \"49dd4146e31f7fb92775d967a92ec2ca3e71edec3c7eaa13cbbcbebd7b857e4c\""
Sep 16 19:16:22 kind-control-plane containerd[99]: time="2023-09-16T19:16:22.190705357Z" level=info msg="StartContainer for \"a34504ebc361e11ff848f4ce53e1551a5d70ad5acb8a0633b7d3a51c6072c3ed\" returns successfully"
Sep 16 19:16:22 kind-control-plane containerd[99]: time="2023-09-16T19:16:22.233389771Z" level=info msg="StartContainer for \"fe022db6c638a56c90edf0322c83e8b449c63b84be623701377f181ca71b68cf\" returns successfully"
Sep 16 19:16:22 kind-control-plane containerd[99]: time="2023-09-16T19:16:22.279196934Z" level=info msg="StartContainer for \"49dd4146e31f7fb92775d967a92ec2ca3e71edec3c7eaa13cbbcbebd7b857e4c\" returns successfully"
Sep 16 19:16:23 kind-control-plane containerd[99]: time="2023-09-16T19:16:23.698931712Z" level=info msg="CreateContainer within sandbox \"b9e1f8e526307d19d1261eb2837e0820d8b9588e85b8f09c4e86d30023e7b975\" for &ContainerMetadata{Name:etcd,Attempt:0,} returns container id \"d548cc10e3553e75530555d7e6c0d508c550114ea94d3cd7af6e1ea22584a553\""
Sep 16 19:16:23 kind-control-plane containerd[99]: time="2023-09-16T19:16:23.699341582Z" level=info msg="StartContainer for \"d548cc10e3553e75530555d7e6c0d508c550114ea94d3cd7af6e1ea22584a553\""
Sep 16 19:16:23 kind-control-plane containerd[99]: time="2023-09-16T19:16:23.800759255Z" level=info msg="StartContainer for \"d548cc10e3553e75530555d7e6c0d508c550114ea94d3cd7af6e1ea22584a553\" returns successfully"
Sep 16 19:16:43 kind-control-plane containerd[99]: time="2023-09-16T19:16:43.686745615Z" level=info msg="No cni config template is specified, wait for other system components to drop the config."
Sep 16 19:16:44 kind-control-plane containerd[99]: time="2023-09-16T19:16:44.650549744Z" level=info msg="RunPodSandbox for &PodSandboxMetadata{Name:kube-proxy-cpnsd,Uid:ef35b2fd-3cdd-44f5-8a14-2f651d666985,Namespace:kube-system,Attempt:0,}"
Sep 16 19:16:44 kind-control-plane containerd[99]: time="2023-09-16T19:16:44.651286916Z" level=info msg="RunPodSandbox for &PodSandboxMetadata{Name:kindnet-5w5k9,Uid:fdbce56b-3714-4b1b-9ff6-deade3f7fb2c,Namespace:kube-system,Attempt:0,}"
Sep 16 19:16:44 kind-control-plane containerd[99]: time="2023-09-16T19:16:44.665885089Z" level=info msg="loading plugin \"io.containerd.event.v1.publisher\"..." runtime=io.containerd.runc.v2 type=io.containerd.event.v1
Sep 16 19:16:44 kind-control-plane containerd[99]: time="2023-09-16T19:16:44.665955404Z" level=info msg="loading plugin \"io.containerd.internal.v1.shutdown\"..." runtime=io.containerd.runc.v2 type=io.containerd.internal.v1
Sep 16 19:16:44 kind-control-plane containerd[99]: time="2023-09-16T19:16:44.665966668Z" level=info msg="loading plugin \"io.containerd.ttrpc.v1.task\"..." runtime=io.containerd.runc.v2 type=io.containerd.ttrpc.v1
Sep 16 19:16:44 kind-control-plane containerd[99]: time="2023-09-16T19:16:44.666205927Z" level=info msg="starting signal loop" namespace=k8s.io path=/run/containerd/io.containerd.runtime.v2.task/k8s.io/f95825a4b954036dc42c4b4f37613649ec018f97bdd9a04c7d2e77e97d303791 pid=840 runtime=io.containerd.runc.v2
Sep 16 19:16:44 kind-control-plane containerd[99]: time="2023-09-16T19:16:44.668152066Z" level=info msg="loading plugin \"io.containerd.event.v1.publisher\"..." runtime=io.containerd.runc.v2 type=io.containerd.event.v1
Sep 16 19:16:44 kind-control-plane containerd[99]: time="2023-09-16T19:16:44.668249077Z" level=info msg="loading plugin \"io.containerd.internal.v1.shutdown\"..." runtime=io.containerd.runc.v2 type=io.containerd.internal.v1
Sep 16 19:16:44 kind-control-plane containerd[99]: time="2023-09-16T19:16:44.668304347Z" level=info msg="loading plugin \"io.containerd.ttrpc.v1.task\"..." runtime=io.containerd.runc.v2 type=io.containerd.ttrpc.v1
Sep 16 19:16:44 kind-control-plane containerd[99]: time="2023-09-16T19:16:44.668547961Z" level=info msg="starting signal loop" namespace=k8s.io path=/run/containerd/io.containerd.runtime.v2.task/k8s.io/d5f09f72ffbef6b6454a5c9ca095576f9577fad75d11f6df3d95aa058ef6b3ca pid=850 runtime=io.containerd.runc.v2
Sep 16 19:16:44 kind-control-plane containerd[99]: time="2023-09-16T19:16:44.717576917Z" level=info msg="RunPodSandbox for &PodSandboxMetadata{Name:kube-proxy-cpnsd,Uid:ef35b2fd-3cdd-44f5-8a14-2f651d666985,Namespace:kube-system,Attempt:0,} returns sandbox id \"f95825a4b954036dc42c4b4f37613649ec018f97bdd9a04c7d2e77e97d303791\""
Sep 16 19:16:44 kind-control-plane containerd[99]: time="2023-09-16T19:16:44.720263001Z" level=info msg="CreateContainer within sandbox \"f95825a4b954036dc42c4b4f37613649ec018f97bdd9a04c7d2e77e97d303791\" for container &ContainerMetadata{Name:kube-proxy,Attempt:0,}"
Sep 16 19:16:44 kind-control-plane containerd[99]: time="2023-09-16T19:16:44.958225233Z" level=info msg="RunPodSandbox for &PodSandboxMetadata{Name:kindnet-5w5k9,Uid:fdbce56b-3714-4b1b-9ff6-deade3f7fb2c,Namespace:kube-system,Attempt:0,} returns sandbox id \"d5f09f72ffbef6b6454a5c9ca095576f9577fad75d11f6df3d95aa058ef6b3ca\""
Sep 16 19:16:44 kind-control-plane containerd[99]: time="2023-09-16T19:16:44.960726374Z" level=info msg="CreateContainer within sandbox \"d5f09f72ffbef6b6454a5c9ca095576f9577fad75d11f6df3d95aa058ef6b3ca\" for container &ContainerMetadata{Name:kindnet-cni,Attempt:0,}"
Sep 16 19:16:45 kind-control-plane containerd[99]: time="2023-09-16T19:16:45.158375012Z" level=info msg="CreateContainer within sandbox \"f95825a4b954036dc42c4b4f37613649ec018f97bdd9a04c7d2e77e97d303791\" for &ContainerMetadata{Name:kube-proxy,Attempt:0,} returns container id \"7fd2d903bea62cae429467582fc2716c3af058db2f2a62111c51781fea093794\""
Sep 16 19:16:45 kind-control-plane containerd[99]: time="2023-09-16T19:16:45.159159392Z" level=info msg="StartContainer for \"7fd2d903bea62cae429467582fc2716c3af058db2f2a62111c51781fea093794\""
Sep 16 19:16:45 kind-control-plane containerd[99]: time="2023-09-16T19:16:45.230949961Z" level=info msg="CreateContainer within sandbox \"d5f09f72ffbef6b6454a5c9ca095576f9577fad75d11f6df3d95aa058ef6b3ca\" for &ContainerMetadata{Name:kindnet-cni,Attempt:0,} returns container id \"68115db86be3399af6aa170ab8d0d6b3d258ae01674924a55d8c7d32fe63ba00\""
Sep 16 19:16:45 kind-control-plane containerd[99]: time="2023-09-16T19:16:45.232278675Z" level=info msg="StartContainer for \"68115db86be3399af6aa170ab8d0d6b3d258ae01674924a55d8c7d32fe63ba00\""
Sep 16 19:16:45 kind-control-plane containerd[99]: time="2023-09-16T19:16:45.268245848Z" level=info msg="StartContainer for \"7fd2d903bea62cae429467582fc2716c3af058db2f2a62111c51781fea093794\" returns successfully"
Sep 16 19:16:45 kind-control-plane containerd[99]: time="2023-09-16T19:16:45.558037914Z" level=info msg="StartContainer for \"68115db86be3399af6aa170ab8d0d6b3d258ae01674924a55d8c7d32fe63ba00\" returns successfully"
Sep 16 19:16:45 kind-control-plane containerd[99]: time="2023-09-16T19:16:45.952805397Z" level=error msg="failed to reload cni configuration after receiving fs change event(\"/etc/cni/net.d/10-kindnet.conflist.temp\": WRITE)" error="cni config load failed: no network config found in /etc/cni/net.d: cni plugin not initialized: failed to load cni config"
Sep 16 19:16:45 kind-control-plane containerd[99]: time="2023-09-16T19:16:45.952986491Z" level=error msg="failed to reload cni configuration after receiving fs change event(\"/etc/cni/net.d/10-kindnet.conflist.temp\": WRITE)" error="cni config load failed: no network config found in /etc/cni/net.d: cni plugin not initialized: failed to load cni config"
Sep 16 19:16:45 kind-control-plane containerd[99]: time="2023-09-16T19:16:45.953060364Z" level=error msg="failed to reload cni configuration after receiving fs change event(\"/etc/cni/net.d/10-kindnet.conflist.temp\": WRITE)" error="cni config load failed: no network config found in /etc/cni/net.d: cni plugin not initialized: failed to load cni config"
Sep 16 19:16:50 kind-control-plane containerd[99]: time="2023-09-16T19:16:50.681667165Z" level=info msg="RunPodSandbox for &PodSandboxMetadata{Name:crossplane-rbac-manager-6994f54b46-ksr5g,Uid:ddd72f63-8fb2-47fb-b915-8f36557fba3a,Namespace:crossplane-system,Attempt:0,}"
Sep 16 19:16:50 kind-control-plane containerd[99]: time="2023-09-16T19:16:50.684425603Z" level=info msg="RunPodSandbox for &PodSandboxMetadata{Name:coredns-565d847f94-d4d87,Uid:7ba9b0f9-6486-43ec-a4ed-c0f343e875cb,Namespace:kube-system,Attempt:0,}"
Sep 16 19:16:50 kind-control-plane containerd[99]: time="2023-09-16T19:16:50.743776774Z" level=info msg="loading plugin \"io.containerd.event.v1.publisher\"..." runtime=io.containerd.runc.v2 type=io.containerd.event.v1
Sep 16 19:16:50 kind-control-plane containerd[99]: time="2023-09-16T19:16:50.743847646Z" level=info msg="loading plugin \"io.containerd.internal.v1.shutdown\"..." runtime=io.containerd.runc.v2 type=io.containerd.internal.v1
Sep 16 19:16:50 kind-control-plane containerd[99]: time="2023-09-16T19:16:50.743857289Z" level=info msg="loading plugin \"io.containerd.ttrpc.v1.task\"..." runtime=io.containerd.runc.v2 type=io.containerd.ttrpc.v1
Sep 16 19:16:50 kind-control-plane containerd[99]: time="2023-09-16T19:16:50.744064973Z" level=info msg="starting signal loop" namespace=k8s.io path=/run/containerd/io.containerd.runtime.v2.task/k8s.io/874f55302fd2567787c471b6498ef06a3d44d501445a3c9e2b036c285e27f126 pid=1199 runtime=io.containerd.runc.v2
Sep 16 19:16:50 kind-control-plane containerd[99]: time="2023-09-16T19:16:50.745228818Z" level=info msg="loading plugin \"io.containerd.event.v1.publisher\"..." runtime=io.containerd.runc.v2 type=io.containerd.event.v1
Sep 16 19:16:50 kind-control-plane containerd[99]: time="2023-09-16T19:16:50.745307625Z" level=info msg="loading plugin \"io.containerd.internal.v1.shutdown\"..." runtime=io.containerd.runc.v2 type=io.containerd.internal.v1
Sep 16 19:16:50 kind-control-plane containerd[99]: time="2023-09-16T19:16:50.745316744Z" level=info msg="loading plugin \"io.containerd.ttrpc.v1.task\"..." runtime=io.containerd.runc.v2 type=io.containerd.ttrpc.v1
Sep 16 19:16:50 kind-control-plane containerd[99]: time="2023-09-16T19:16:50.745590654Z" level=info msg="starting signal loop" namespace=k8s.io path=/run/containerd/io.containerd.runtime.v2.task/k8s.io/7843a1ca2822b4ec2aae9714a864c4dd89f76ec571cba92066843d6dc3b093db pid=1209 runtime=io.containerd.runc.v2
Sep 16 19:16:50 kind-control-plane containerd[99]: time="2023-09-16T19:16:50.816455159Z" level=info msg="RunPodSandbox for &PodSandboxMetadata{Name:coredns-565d847f94-d4d87,Uid:7ba9b0f9-6486-43ec-a4ed-c0f343e875cb,Namespace:kube-system,Attempt:0,} returns sandbox id \"7843a1ca2822b4ec2aae9714a864c4dd89f76ec571cba92066843d6dc3b093db\""
Sep 16 19:16:50 kind-control-plane containerd[99]: time="2023-09-16T19:16:50.819332129Z" level=info msg="CreateContainer within sandbox \"7843a1ca2822b4ec2aae9714a864c4dd89f76ec571cba92066843d6dc3b093db\" for container &ContainerMetadata{Name:coredns,Attempt:0,}"
Sep 16 19:16:50 kind-control-plane containerd[99]: time="2023-09-16T19:16:50.959479678Z" level=info msg="RunPodSandbox for &PodSandboxMetadata{Name:crossplane-rbac-manager-6994f54b46-ksr5g,Uid:ddd72f63-8fb2-47fb-b915-8f36557fba3a,Namespace:crossplane-system,Attempt:0,} returns sandbox id \"874f55302fd2567787c471b6498ef06a3d44d501445a3c9e2b036c285e27f126\""
Sep 16 19:16:50 kind-control-plane containerd[99]: time="2023-09-16T19:16:50.961105150Z" level=info msg="PullImage \"crossplane/crossplane:v1.13.2\""
Sep 16 19:16:50 kind-control-plane containerd[99]: time="2023-09-16T19:16:50.986182090Z" level=info msg="RunPodSandbox for &PodSandboxMetadata{Name:local-path-provisioner-684f458cdd-pw6tw,Uid:3acdb348-433e-47a3-8948-e97842786806,Namespace:local-path-storage,Attempt:0,}"
Sep 16 19:16:51 kind-control-plane containerd[99]: time="2023-09-16T19:16:51.011621430Z" level=info msg="loading plugin \"io.containerd.event.v1.publisher\"..." runtime=io.containerd.runc.v2 type=io.containerd.event.v1
Sep 16 19:16:51 kind-control-plane containerd[99]: time="2023-09-16T19:16:51.011653573Z" level=info msg="loading plugin \"io.containerd.internal.v1.shutdown\"..." runtime=io.containerd.runc.v2 type=io.containerd.internal.v1
Sep 16 19:16:51 kind-control-plane containerd[99]: time="2023-09-16T19:16:51.011660820Z" level=info msg="loading plugin \"io.containerd.ttrpc.v1.task\"..." runtime=io.containerd.runc.v2 type=io.containerd.ttrpc.v1
Sep 16 19:16:51 kind-control-plane containerd[99]: time="2023-09-16T19:16:51.012087584Z" level=info msg="starting signal loop" namespace=k8s.io path=/run/containerd/io.containerd.runtime.v2.task/k8s.io/854da6a3cfd42606480ad2aec0dee96c746e4a4bd756536ee5d52899ad36fb0b pid=1309 runtime=io.containerd.runc.v2
Sep 16 19:16:51 kind-control-plane containerd[99]: time="2023-09-16T19:16:51.096335604Z" level=info msg="RunPodSandbox for &PodSandboxMetadata{Name:local-path-provisioner-684f458cdd-pw6tw,Uid:3acdb348-433e-47a3-8948-e97842786806,Namespace:local-path-storage,Attempt:0,} returns sandbox id \"854da6a3cfd42606480ad2aec0dee96c746e4a4bd756536ee5d52899ad36fb0b\""
Sep 16 19:16:51 kind-control-plane containerd[99]: time="2023-09-16T19:16:51.099703813Z" level=info msg="CreateContainer within sandbox \"854da6a3cfd42606480ad2aec0dee96c746e4a4bd756536ee5d52899ad36fb0b\" for container &ContainerMetadata{Name:local-path-provisioner,Attempt:0,}"
Sep 16 19:16:51 kind-control-plane containerd[99]: time="2023-09-16T19:16:51.115846118Z" level=info msg="CreateContainer within sandbox \"7843a1ca2822b4ec2aae9714a864c4dd89f76ec571cba92066843d6dc3b093db\" for &ContainerMetadata{Name:coredns,Attempt:0,} returns container id \"d90a7dafb398b944fd6f9c93f21889f23cd45c6ce6ab34148fcb61a53306c750\""
Sep 16 19:16:51 kind-control-plane containerd[99]: time="2023-09-16T19:16:51.116420424Z" level=info msg="StartContainer for \"d90a7dafb398b944fd6f9c93f21889f23cd45c6ce6ab34148fcb61a53306c750\""
Sep 16 19:16:51 kind-control-plane containerd[99]: time="2023-09-16T19:16:51.199083769Z" level=info msg="StartContainer for \"d90a7dafb398b944fd6f9c93f21889f23cd45c6ce6ab34148fcb61a53306c750\" returns successfully"
Sep 16 19:16:51 kind-control-plane containerd[99]: time="2023-09-16T19:16:51.277329052Z" level=info msg="RunPodSandbox for &PodSandboxMetadata{Name:coredns-565d847f94-cb8zd,Uid:3e49c825-b66c-4ec1-8bbd-a80e54fd361f,Namespace:kube-system,Attempt:0,}"
Sep 16 19:16:51 kind-control-plane containerd[99]: time="2023-09-16T19:16:51.279915080Z" level=info msg="RunPodSandbox for &PodSandboxMetadata{Name:crossplane-959448d58-5djqn,Uid:6c032710-5896-41d3-93db-3c87242565a7,Namespace:crossplane-system,Attempt:0,}"
Sep 16 19:16:51 kind-control-plane containerd[99]: time="2023-09-16T19:16:51.320149898Z" level=info msg="loading plugin \"io.containerd.event.v1.publisher\"..." runtime=io.containerd.runc.v2 type=io.containerd.event.v1
Sep 16 19:16:51 kind-control-plane containerd[99]: time="2023-09-16T19:16:51.320183757Z" level=info msg="loading plugin \"io.containerd.internal.v1.shutdown\"..." runtime=io.containerd.runc.v2 type=io.containerd.internal.v1
Sep 16 19:16:51 kind-control-plane containerd[99]: time="2023-09-16T19:16:51.320191187Z" level=info msg="loading plugin \"io.containerd.ttrpc.v1.task\"..." runtime=io.containerd.runc.v2 type=io.containerd.ttrpc.v1
Sep 16 19:16:51 kind-control-plane containerd[99]: time="2023-09-16T19:16:51.320382698Z" level=info msg="starting signal loop" namespace=k8s.io path=/run/containerd/io.containerd.runtime.v2.task/k8s.io/cb6408b9c4596a26ba869551b42decde66d996be8a7dcdd3c80533f8e2119ee5 pid=1450 runtime=io.containerd.runc.v2
Sep 16 19:16:51 kind-control-plane containerd[99]: time="2023-09-16T19:16:51.325901869Z" level=info msg="loading plugin \"io.containerd.event.v1.publisher\"..." runtime=io.containerd.runc.v2 type=io.containerd.event.v1
Sep 16 19:16:51 kind-control-plane containerd[99]: time="2023-09-16T19:16:51.326775118Z" level=info msg="loading plugin \"io.containerd.internal.v1.shutdown\"..." runtime=io.containerd.runc.v2 type=io.containerd.internal.v1
Sep 16 19:16:51 kind-control-plane containerd[99]: time="2023-09-16T19:16:51.326870419Z" level=info msg="loading plugin \"io.containerd.ttrpc.v1.task\"..." runtime=io.containerd.runc.v2 type=io.containerd.ttrpc.v1
Sep 16 19:16:51 kind-control-plane containerd[99]: time="2023-09-16T19:16:51.327358203Z" level=info msg="starting signal loop" namespace=k8s.io path=/run/containerd/io.containerd.runtime.v2.task/k8s.io/14cab3cf5bf636e0d098ff641954a5e0fc8023bee409cfdd64fe5d6781710f4f pid=1467 runtime=io.containerd.runc.v2
Sep 16 19:16:51 kind-control-plane containerd[99]: time="2023-09-16T19:16:51.396648050Z" level=info msg="RunPodSandbox for &PodSandboxMetadata{Name:coredns-565d847f94-cb8zd,Uid:3e49c825-b66c-4ec1-8bbd-a80e54fd361f,Namespace:kube-system,Attempt:0,} returns sandbox id \"14cab3cf5bf636e0d098ff641954a5e0fc8023bee409cfdd64fe5d6781710f4f\""
Sep 16 19:16:51 kind-control-plane containerd[99]: time="2023-09-16T19:16:51.398960813Z" level=info msg="CreateContainer within sandbox \"14cab3cf5bf636e0d098ff641954a5e0fc8023bee409cfdd64fe5d6781710f4f\" for container &ContainerMetadata{Name:coredns,Attempt:0,}"
Sep 16 19:16:51 kind-control-plane containerd[99]: time="2023-09-16T19:16:51.407115600Z" level=info msg="CreateContainer within sandbox \"14cab3cf5bf636e0d098ff641954a5e0fc8023bee409cfdd64fe5d6781710f4f\" for &ContainerMetadata{Name:coredns,Attempt:0,} returns container id \"af1a94ff82ca70209912daada46c2a714d4fc3bcfd0073e63a7528d4386fbb45\""
Sep 16 19:16:51 kind-control-plane containerd[99]: time="2023-09-16T19:16:51.407686407Z" level=info msg="StartContainer for \"af1a94ff82ca70209912daada46c2a714d4fc3bcfd0073e63a7528d4386fbb45\""
Sep 16 19:16:51 kind-control-plane containerd[99]: time="2023-09-16T19:16:51.418286049Z" level=info msg="CreateContainer within sandbox \"854da6a3cfd42606480ad2aec0dee96c746e4a4bd756536ee5d52899ad36fb0b\" for &ContainerMetadata{Name:local-path-provisioner,Attempt:0,} returns container id \"ede1ddd9eacfa9596ed3e1835d12facc99eacd9b70ba805ceec6107093280c7b\""
Sep 16 19:16:51 kind-control-plane containerd[99]: time="2023-09-16T19:16:51.418788983Z" level=info msg="StartContainer for \"ede1ddd9eacfa9596ed3e1835d12facc99eacd9b70ba805ceec6107093280c7b\""
Sep 16 19:16:51 kind-control-plane containerd[99]: time="2023-09-16T19:16:51.488414756Z" level=info msg="StartContainer for \"ede1ddd9eacfa9596ed3e1835d12facc99eacd9b70ba805ceec6107093280c7b\" returns successfully"
Sep 16 19:16:51 kind-control-plane containerd[99]: time="2023-09-16T19:16:51.488871059Z" level=info msg="StartContainer for \"af1a94ff82ca70209912daada46c2a714d4fc3bcfd0073e63a7528d4386fbb45\" returns successfully"
Sep 16 19:16:51 kind-control-plane containerd[99]: time="2023-09-16T19:16:51.649734986Z" level=info msg="RunPodSandbox for &PodSandboxMetadata{Name:crossplane-959448d58-5djqn,Uid:6c032710-5896-41d3-93db-3c87242565a7,Namespace:crossplane-system,Attempt:0,} returns sandbox id \"cb6408b9c4596a26ba869551b42decde66d996be8a7dcdd3c80533f8e2119ee5\""
Sep 16 19:16:58 kind-control-plane containerd[99]: time="2023-09-16T19:16:58.304729404Z" level=info msg="ImageCreate event &ImageCreate{Name:docker.io/crossplane/crossplane:v1.13.2,Labels:map[string]string{io.cri-containerd.image: managed,},XXX_unrecognized:[],}"
Sep 16 19:16:58 kind-control-plane containerd[99]: time="2023-09-16T19:16:58.306165442Z" level=info msg="ImageCreate event &ImageCreate{Name:sha256:2e6447e9860118a2be8b4cada6a2437196408616f1e309552f9e633ef490eda7,Labels:map[string]string{io.cri-containerd.image: managed,},XXX_unrecognized:[],}"
Sep 16 19:16:58 kind-control-plane containerd[99]: time="2023-09-16T19:16:58.307305894Z" level=info msg="ImageUpdate event &ImageUpdate{Name:docker.io/crossplane/crossplane:v1.13.2,Labels:map[string]string{io.cri-containerd.image: managed,},XXX_unrecognized:[],}"
Sep 16 19:16:58 kind-control-plane containerd[99]: time="2023-09-16T19:16:58.308774976Z" level=info msg="ImageCreate event &ImageCreate{Name:docker.io/crossplane/crossplane@sha256:c3fe9fa1480a180e7a9e3246ba644a844bc438f12c472cf30d4b03b3b9edde78,Labels:map[string]string{io.cri-containerd.image: managed,},XXX_unrecognized:[],}"
Sep 16 19:16:58 kind-control-plane containerd[99]: time="2023-09-16T19:16:58.309657002Z" level=info msg="PullImage \"crossplane/crossplane:v1.13.2\" returns image reference \"sha256:2e6447e9860118a2be8b4cada6a2437196408616f1e309552f9e633ef490eda7\""
Sep 16 19:16:58 kind-control-plane containerd[99]: time="2023-09-16T19:16:58.310189078Z" level=info msg="PullImage \"crossplane/crossplane:v1.13.2\""
Sep 16 19:16:58 kind-control-plane containerd[99]: time="2023-09-16T19:16:58.311372455Z" level=info msg="CreateContainer within sandbox \"874f55302fd2567787c471b6498ef06a3d44d501445a3c9e2b036c285e27f126\" for container &ContainerMetadata{Name:crossplane-init,Attempt:0,}"
Sep 16 19:16:58 kind-control-plane containerd[99]: time="2023-09-16T19:16:58.320694455Z" level=info msg="CreateContainer within sandbox \"874f55302fd2567787c471b6498ef06a3d44d501445a3c9e2b036c285e27f126\" for &ContainerMetadata{Name:crossplane-init,Attempt:0,} returns container id \"a9d449e46e1360ecbe0f07610f397ae167b38f122b45d2feb7d60207207fa811\""
Sep 16 19:16:58 kind-control-plane containerd[99]: time="2023-09-16T19:16:58.321110870Z" level=info msg="StartContainer for \"a9d449e46e1360ecbe0f07610f397ae167b38f122b45d2feb7d60207207fa811\""
Sep 16 19:16:58 kind-control-plane containerd[99]: time="2023-09-16T19:16:58.566646414Z" level=info msg="StartContainer for \"a9d449e46e1360ecbe0f07610f397ae167b38f122b45d2feb7d60207207fa811\" returns successfully"
Sep 16 19:16:59 kind-control-plane containerd[99]: time="2023-09-16T19:16:59.422167626Z" level=info msg="ImageUpdate event &ImageUpdate{Name:docker.io/crossplane/crossplane:v1.13.2,Labels:map[string]string{io.cri-containerd.image: managed,},XXX_unrecognized:[],}"
Sep 16 19:16:59 kind-control-plane containerd[99]: time="2023-09-16T19:16:59.423425735Z" level=info msg="ImageUpdate event &ImageUpdate{Name:sha256:2e6447e9860118a2be8b4cada6a2437196408616f1e309552f9e633ef490eda7,Labels:map[string]string{io.cri-containerd.image: managed,},XXX_unrecognized:[],}"
Sep 16 19:16:59 kind-control-plane containerd[99]: time="2023-09-16T19:16:59.424793334Z" level=info msg="ImageUpdate event &ImageUpdate{Name:docker.io/crossplane/crossplane:v1.13.2,Labels:map[string]string{io.cri-containerd.image: managed,},XXX_unrecognized:[],}"
Sep 16 19:16:59 kind-control-plane containerd[99]: time="2023-09-16T19:16:59.426279153Z" level=info msg="ImageUpdate event &ImageUpdate{Name:docker.io/crossplane/crossplane@sha256:c3fe9fa1480a180e7a9e3246ba644a844bc438f12c472cf30d4b03b3b9edde78,Labels:map[string]string{io.cri-containerd.image: managed,},XXX_unrecognized:[],}"
Sep 16 19:16:59 kind-control-plane containerd[99]: time="2023-09-16T19:16:59.426930487Z" level=info msg="PullImage \"crossplane/crossplane:v1.13.2\" returns image reference \"sha256:2e6447e9860118a2be8b4cada6a2437196408616f1e309552f9e633ef490eda7\""
Sep 16 19:16:59 kind-control-plane containerd[99]: time="2023-09-16T19:16:59.428470146Z" level=info msg="CreateContainer within sandbox \"cb6408b9c4596a26ba869551b42decde66d996be8a7dcdd3c80533f8e2119ee5\" for container &ContainerMetadata{Name:crossplane-init,Attempt:0,}"
Sep 16 19:16:59 kind-control-plane containerd[99]: time="2023-09-16T19:16:59.435015120Z" level=info msg="CreateContainer within sandbox \"cb6408b9c4596a26ba869551b42decde66d996be8a7dcdd3c80533f8e2119ee5\" for &ContainerMetadata{Name:crossplane-init,Attempt:0,} returns container id \"2f31fb127d69b48b749b2cc97833c5999e0df4eda8eaf6a50fe99194f5c47997\""
Sep 16 19:16:59 kind-control-plane containerd[99]: time="2023-09-16T19:16:59.435527956Z" level=info msg="StartContainer for \"2f31fb127d69b48b749b2cc97833c5999e0df4eda8eaf6a50fe99194f5c47997\""
Sep 16 19:16:59 kind-control-plane containerd[99]: time="2023-09-16T19:16:59.758981656Z" level=info msg="StartContainer for \"2f31fb127d69b48b749b2cc97833c5999e0df4eda8eaf6a50fe99194f5c47997\" returns successfully"
Sep 16 19:17:01 kind-control-plane containerd[99]: time="2023-09-16T19:17:01.907307894Z" level=info msg="shim disconnected" id=a9d449e46e1360ecbe0f07610f397ae167b38f122b45d2feb7d60207207fa811
Sep 16 19:17:01 kind-control-plane containerd[99]: time="2023-09-16T19:17:01.907378926Z" level=warning msg="cleaning up after shim disconnected" id=a9d449e46e1360ecbe0f07610f397ae167b38f122b45d2feb7d60207207fa811 namespace=k8s.io
Sep 16 19:17:01 kind-control-plane containerd[99]: time="2023-09-16T19:17:01.907389859Z" level=info msg="cleaning up dead shim"
Sep 16 19:17:01 kind-control-plane containerd[99]: time="2023-09-16T19:17:01.915106931Z" level=warning msg="cleanup warnings time=\"2023-09-16T19:17:01Z\" level=info msg=\"starting signal loop\" namespace=k8s.io pid=1847 runtime=io.containerd.runc.v2\n"
Sep 16 19:17:02 kind-control-plane containerd[99]: time="2023-09-16T19:17:02.597457865Z" level=info msg="CreateContainer within sandbox \"874f55302fd2567787c471b6498ef06a3d44d501445a3c9e2b036c285e27f126\" for container &ContainerMetadata{Name:crossplane,Attempt:0,}"
Sep 16 19:17:02 kind-control-plane containerd[99]: time="2023-09-16T19:17:02.605549835Z" level=info msg="CreateContainer within sandbox \"874f55302fd2567787c471b6498ef06a3d44d501445a3c9e2b036c285e27f126\" for &ContainerMetadata{Name:crossplane,Attempt:0,} returns container id \"1f0c4a4b96e2fdb8c66b228b59d6ccd7927deb45f1333c9faa9518ef47ce6dc6\""
Sep 16 19:17:02 kind-control-plane containerd[99]: time="2023-09-16T19:17:02.605962562Z" level=info msg="StartContainer for \"1f0c4a4b96e2fdb8c66b228b59d6ccd7927deb45f1333c9faa9518ef47ce6dc6\""
Sep 16 19:17:02 kind-control-plane containerd[99]: time="2023-09-16T19:17:02.964088370Z" level=info msg="StartContainer for \"1f0c4a4b96e2fdb8c66b228b59d6ccd7927deb45f1333c9faa9518ef47ce6dc6\" returns successfully"
Sep 16 19:17:03 kind-control-plane containerd[99]: time="2023-09-16T19:17:03.749111641Z" level=info msg="shim disconnected" id=2f31fb127d69b48b749b2cc97833c5999e0df4eda8eaf6a50fe99194f5c47997
Sep 16 19:17:03 kind-control-plane containerd[99]: time="2023-09-16T19:17:03.749157217Z" level=warning msg="cleaning up after shim disconnected" id=2f31fb127d69b48b749b2cc97833c5999e0df4eda8eaf6a50fe99194f5c47997 namespace=k8s.io
Sep 16 19:17:03 kind-control-plane containerd[99]: time="2023-09-16T19:17:03.749167554Z" level=info msg="cleaning up dead shim"
Sep 16 19:17:03 kind-control-plane containerd[99]: time="2023-09-16T19:17:03.755924119Z" level=warning msg="cleanup warnings time=\"2023-09-16T19:17:03Z\" level=info msg=\"starting signal loop\" namespace=k8s.io pid=1907 runtime=io.containerd.runc.v2\n"
Sep 16 19:17:04 kind-control-plane containerd[99]: time="2023-09-16T19:17:04.603936047Z" level=info msg="CreateContainer within sandbox \"cb6408b9c4596a26ba869551b42decde66d996be8a7dcdd3c80533f8e2119ee5\" for container &ContainerMetadata{Name:crossplane,Attempt:0,}"
Sep 16 19:17:04 kind-control-plane containerd[99]: time="2023-09-16T19:17:04.611737130Z" level=info msg="CreateContainer within sandbox \"cb6408b9c4596a26ba869551b42decde66d996be8a7dcdd3c80533f8e2119ee5\" for &ContainerMetadata{Name:crossplane,Attempt:0,} returns container id \"74055897f5e43aab10509baeabde7ba0645834c7dec57a26eca4919c9cbbcd13\""
Sep 16 19:17:04 kind-control-plane containerd[99]: time="2023-09-16T19:17:04.612276215Z" level=info msg="StartContainer for \"74055897f5e43aab10509baeabde7ba0645834c7dec57a26eca4919c9cbbcd13\""
Sep 16 19:17:04 kind-control-plane containerd[99]: time="2023-09-16T19:17:04.960978814Z" level=info msg="StartContainer for \"74055897f5e43aab10509baeabde7ba0645834c7dec57a26eca4919c9cbbcd13\" returns successfully"
Sep 16 19:17:14 kind-control-plane containerd[99]: time="2023-09-16T19:17:14.278903559Z" level=info msg="RunPodSandbox for &PodSandboxMetadata{Name:crossplane-provider-helm-503c3591121b-56db69cb7b-qhpwz,Uid:4c5f24db-4229-48d5-acf6-d8c30a4830e9,Namespace:crossplane-system,Attempt:0,}"
Sep 16 19:17:14 kind-control-plane containerd[99]: time="2023-09-16T19:17:14.307305860Z" level=info msg="loading plugin \"io.containerd.event.v1.publisher\"..." runtime=io.containerd.runc.v2 type=io.containerd.event.v1
Sep 16 19:17:14 kind-control-plane containerd[99]: time="2023-09-16T19:17:14.307379841Z" level=info msg="loading plugin \"io.containerd.internal.v1.shutdown\"..." runtime=io.containerd.runc.v2 type=io.containerd.internal.v1
Sep 16 19:17:14 kind-control-plane containerd[99]: time="2023-09-16T19:17:14.307388609Z" level=info msg="loading plugin \"io.containerd.ttrpc.v1.task\"..." runtime=io.containerd.runc.v2 type=io.containerd.ttrpc.v1
Sep 16 19:17:14 kind-control-plane containerd[99]: time="2023-09-16T19:17:14.307612077Z" level=info msg="starting signal loop" namespace=k8s.io path=/run/containerd/io.containerd.runtime.v2.task/k8s.io/4e31eef0b09d6a33a138f83df9de036a31c993e839cac67d05504d3f930bcbb5 pid=2018 runtime=io.containerd.runc.v2
Sep 16 19:17:14 kind-control-plane containerd[99]: time="2023-09-16T19:17:14.381955504Z" level=info msg="RunPodSandbox for &PodSandboxMetadata{Name:crossplane-provider-helm-503c3591121b-56db69cb7b-qhpwz,Uid:4c5f24db-4229-48d5-acf6-d8c30a4830e9,Namespace:crossplane-system,Attempt:0,} returns sandbox id \"4e31eef0b09d6a33a138f83df9de036a31c993e839cac67d05504d3f930bcbb5\""
Sep 16 19:17:14 kind-control-plane containerd[99]: time="2023-09-16T19:17:14.383249881Z" level=info msg="PullImage \"xpkg.upbound.io/crossplane-contrib/provider-helm:v0.15.0\""
Sep 16 19:17:18 kind-control-plane containerd[99]: time="2023-09-16T19:17:18.540491268Z" level=info msg="ImageCreate event &ImageCreate{Name:xpkg.upbound.io/crossplane-contrib/provider-helm:v0.15.0,Labels:map[string]string{io.cri-containerd.image: managed,},XXX_unrecognized:[],}"
Sep 16 19:17:18 kind-control-plane containerd[99]: time="2023-09-16T19:17:18.541987812Z" level=info msg="ImageCreate event &ImageCreate{Name:sha256:e881fd0d52c20d6dc7a37dbc7ded38806c442a6ac83238ed28dca5f12efd0e2c,Labels:map[string]string{io.cri-containerd.image: managed,},XXX_unrecognized:[],}"
Sep 16 19:17:18 kind-control-plane containerd[99]: time="2023-09-16T19:17:18.543198395Z" level=info msg="ImageUpdate event &ImageUpdate{Name:xpkg.upbound.io/crossplane-contrib/provider-helm:v0.15.0,Labels:map[string]string{io.cri-containerd.image: managed,},XXX_unrecognized:[],}"
Sep 16 19:17:18 kind-control-plane containerd[99]: time="2023-09-16T19:17:18.544431459Z" level=info msg="ImageCreate event &ImageCreate{Name:xpkg.upbound.io/crossplane-contrib/provider-helm@sha256:503c3591121b949504d7a9f1c25abb2d77d0d2cd9fc6c023557430c7da0b1fbc,Labels:map[string]string{io.cri-containerd.image: managed,},XXX_unrecognized:[],}"
Sep 16 19:17:18 kind-control-plane containerd[99]: time="2023-09-16T19:17:18.544878671Z" level=info msg="PullImage \"xpkg.upbound.io/crossplane-contrib/provider-helm:v0.15.0\" returns image reference \"sha256:e881fd0d52c20d6dc7a37dbc7ded38806c442a6ac83238ed28dca5f12efd0e2c\""
Sep 16 19:17:18 kind-control-plane containerd[99]: time="2023-09-16T19:17:18.546595624Z" level=info msg="CreateContainer within sandbox \"4e31eef0b09d6a33a138f83df9de036a31c993e839cac67d05504d3f930bcbb5\" for container &ContainerMetadata{Name:provider-helm,Attempt:0,}"
Sep 16 19:17:18 kind-control-plane containerd[99]: time="2023-09-16T19:17:18.554888258Z" level=info msg="CreateContainer within sandbox \"4e31eef0b09d6a33a138f83df9de036a31c993e839cac67d05504d3f930bcbb5\" for &ContainerMetadata{Name:provider-helm,Attempt:0,} returns container id \"a08e74c824bbfc962a6b9924c7025c308705eda44cf2bdc84c0f8bf61ae9b5d2\""
Sep 16 19:17:18 kind-control-plane containerd[99]: time="2023-09-16T19:17:18.555449387Z" level=info msg="StartContainer for \"a08e74c824bbfc962a6b9924c7025c308705eda44cf2bdc84c0f8bf61ae9b5d2\""
Sep 16 19:17:18 kind-control-plane containerd[99]: time="2023-09-16T19:17:18.635302086Z" level=info msg="StartContainer for \"a08e74c824bbfc962a6b9924c7025c308705eda44cf2bdc84c0f8bf61ae9b5d2\" returns successfully"
Sep 16 19:17:21 kind-control-plane containerd[99]: time="2023-09-16T19:17:21.776258522Z" level=info msg="RunPodSandbox for &PodSandboxMetadata{Name:provider-civo-9dbccd3c9470-6975576b8b-vz8z6,Uid:fe5e90df-1cb7-4d6f-a8bc-291a5b11729f,Namespace:crossplane-system,Attempt:0,}"
Sep 16 19:17:21 kind-control-plane containerd[99]: time="2023-09-16T19:17:21.778988147Z" level=info msg="RunPodSandbox for &PodSandboxMetadata{Name:crossplane-provider-kubernetes-fd7ab5be249e-7b66cb845b-djdlr,Uid:7f1cc5ac-2a49-4056-b548-55f50c2f6a68,Namespace:crossplane-system,Attempt:0,}"
Sep 16 19:17:21 kind-control-plane containerd[99]: time="2023-09-16T19:17:21.801750978Z" level=info msg="loading plugin \"io.containerd.event.v1.publisher\"..." runtime=io.containerd.runc.v2 type=io.containerd.event.v1
Sep 16 19:17:21 kind-control-plane containerd[99]: time="2023-09-16T19:17:21.801812072Z" level=info msg="loading plugin \"io.containerd.internal.v1.shutdown\"..." runtime=io.containerd.runc.v2 type=io.containerd.internal.v1
Sep 16 19:17:21 kind-control-plane containerd[99]: time="2023-09-16T19:17:21.801821096Z" level=info msg="loading plugin \"io.containerd.ttrpc.v1.task\"..." runtime=io.containerd.runc.v2 type=io.containerd.ttrpc.v1
Sep 16 19:17:21 kind-control-plane containerd[99]: time="2023-09-16T19:17:21.802115389Z" level=info msg="starting signal loop" namespace=k8s.io path=/run/containerd/io.containerd.runtime.v2.task/k8s.io/1eb48d6d6a0e43297d058bbac18d42555dfdfeab06151fdb7e1eaf81d77687f2 pid=2300 runtime=io.containerd.runc.v2
Sep 16 19:17:21 kind-control-plane containerd[99]: time="2023-09-16T19:17:21.807846901Z" level=info msg="loading plugin \"io.containerd.event.v1.publisher\"..." runtime=io.containerd.runc.v2 type=io.containerd.event.v1
Sep 16 19:17:21 kind-control-plane containerd[99]: time="2023-09-16T19:17:21.807881823Z" level=info msg="loading plugin \"io.containerd.internal.v1.shutdown\"..." runtime=io.containerd.runc.v2 type=io.containerd.internal.v1
Sep 16 19:17:21 kind-control-plane containerd[99]: time="2023-09-16T19:17:21.807889078Z" level=info msg="loading plugin \"io.containerd.ttrpc.v1.task\"..." runtime=io.containerd.runc.v2 type=io.containerd.ttrpc.v1
Sep 16 19:17:21 kind-control-plane containerd[99]: time="2023-09-16T19:17:21.808091773Z" level=info msg="starting signal loop" namespace=k8s.io path=/run/containerd/io.containerd.runtime.v2.task/k8s.io/23ebc6e7096606e7c1de842c88c361ac67bed1b5b0e559d6708975057b9ec3b5 pid=2329 runtime=io.containerd.runc.v2
Sep 16 19:17:21 kind-control-plane containerd[99]: time="2023-09-16T19:17:21.865237454Z" level=info msg="RunPodSandbox for &PodSandboxMetadata{Name:crossplane-provider-kubernetes-fd7ab5be249e-7b66cb845b-djdlr,Uid:7f1cc5ac-2a49-4056-b548-55f50c2f6a68,Namespace:crossplane-system,Attempt:0,} returns sandbox id \"23ebc6e7096606e7c1de842c88c361ac67bed1b5b0e559d6708975057b9ec3b5\""
Sep 16 19:17:21 kind-control-plane containerd[99]: time="2023-09-16T19:17:21.865381984Z" level=info msg="RunPodSandbox for &PodSandboxMetadata{Name:provider-civo-9dbccd3c9470-6975576b8b-vz8z6,Uid:fe5e90df-1cb7-4d6f-a8bc-291a5b11729f,Namespace:crossplane-system,Attempt:0,} returns sandbox id \"1eb48d6d6a0e43297d058bbac18d42555dfdfeab06151fdb7e1eaf81d77687f2\""
Sep 16 19:17:21 kind-control-plane containerd[99]: time="2023-09-16T19:17:21.866922234Z" level=info msg="PullImage \"xpkg.upbound.io/crossplane-contrib/provider-kubernetes:v0.9.0\""
Sep 16 19:17:25 kind-control-plane containerd[99]: time="2023-09-16T19:17:25.562615888Z" level=info msg="ImageCreate event &ImageCreate{Name:xpkg.upbound.io/crossplane-contrib/provider-kubernetes:v0.9.0,Labels:map[string]string{io.cri-containerd.image: managed,},XXX_unrecognized:[],}"
Sep 16 19:17:25 kind-control-plane containerd[99]: time="2023-09-16T19:17:25.563636896Z" level=info msg="ImageCreate event &ImageCreate{Name:sha256:cda9c4e58353238eaea383e6a9dba50166910d471225de702abc729286275114,Labels:map[string]string{io.cri-containerd.image: managed,},XXX_unrecognized:[],}"
Sep 16 19:17:25 kind-control-plane containerd[99]: time="2023-09-16T19:17:25.564668786Z" level=info msg="ImageUpdate event &ImageUpdate{Name:xpkg.upbound.io/crossplane-contrib/provider-kubernetes:v0.9.0,Labels:map[string]string{io.cri-containerd.image: managed,},XXX_unrecognized:[],}"
Sep 16 19:17:25 kind-control-plane containerd[99]: time="2023-09-16T19:17:25.565663880Z" level=info msg="ImageCreate event &ImageCreate{Name:xpkg.upbound.io/crossplane-contrib/provider-kubernetes@sha256:fd7ab5be249eae5458263ce4716925b0f25b93bba58abaa3088dc314aedd547c,Labels:map[string]string{io.cri-containerd.image: managed,},XXX_unrecognized:[],}"
Sep 16 19:17:25 kind-control-plane containerd[99]: time="2023-09-16T19:17:25.566154555Z" level=info msg="PullImage \"xpkg.upbound.io/crossplane-contrib/provider-kubernetes:v0.9.0\" returns image reference \"sha256:cda9c4e58353238eaea383e6a9dba50166910d471225de702abc729286275114\""
Sep 16 19:17:25 kind-control-plane containerd[99]: time="2023-09-16T19:17:25.566829065Z" level=info msg="PullImage \"xpkg.upbound.io/civo/provider-civo:v0.1\""
Sep 16 19:17:25 kind-control-plane containerd[99]: time="2023-09-16T19:17:25.567807933Z" level=info msg="CreateContainer within sandbox \"23ebc6e7096606e7c1de842c88c361ac67bed1b5b0e559d6708975057b9ec3b5\" for container &ContainerMetadata{Name:provider-kubernetes,Attempt:0,}"
Sep 16 19:17:25 kind-control-plane containerd[99]: time="2023-09-16T19:17:25.576762837Z" level=info msg="CreateContainer within sandbox \"23ebc6e7096606e7c1de842c88c361ac67bed1b5b0e559d6708975057b9ec3b5\" for &ContainerMetadata{Name:provider-kubernetes,Attempt:0,} returns container id \"a2bf5ac2d89b3418e4023ec1272cea1394d3b87172bf09d6fed1fd9065d9ad02\""
Sep 16 19:17:25 kind-control-plane containerd[99]: time="2023-09-16T19:17:25.577245554Z" level=info msg="StartContainer for \"a2bf5ac2d89b3418e4023ec1272cea1394d3b87172bf09d6fed1fd9065d9ad02\""
Sep 16 19:17:25 kind-control-plane containerd[99]: time="2023-09-16T19:17:25.663111407Z" level=info msg="StartContainer for \"a2bf5ac2d89b3418e4023ec1272cea1394d3b87172bf09d6fed1fd9065d9ad02\" returns successfully"
Sep 16 19:17:27 kind-control-plane containerd[99]: time="2023-09-16T19:17:27.684906689Z" level=info msg="RunPodSandbox for &PodSandboxMetadata{Name:upbound-provider-family-aws-710d8cfe9f53-6455458768-jb7ss,Uid:e4b1de15-f990-4cd1-b2b4-d3190641d257,Namespace:crossplane-system,Attempt:0,}"
Sep 16 19:17:27 kind-control-plane containerd[99]: time="2023-09-16T19:17:27.709969580Z" level=info msg="loading plugin \"io.containerd.event.v1.publisher\"..." runtime=io.containerd.runc.v2 type=io.containerd.event.v1
Sep 16 19:17:27 kind-control-plane containerd[99]: time="2023-09-16T19:17:27.710022051Z" level=info msg="loading plugin \"io.containerd.internal.v1.shutdown\"..." runtime=io.containerd.runc.v2 type=io.containerd.internal.v1
Sep 16 19:17:27 kind-control-plane containerd[99]: time="2023-09-16T19:17:27.710031947Z" level=info msg="loading plugin \"io.containerd.ttrpc.v1.task\"..." runtime=io.containerd.runc.v2 type=io.containerd.ttrpc.v1
Sep 16 19:17:27 kind-control-plane containerd[99]: time="2023-09-16T19:17:27.710227655Z" level=info msg="starting signal loop" namespace=k8s.io path=/run/containerd/io.containerd.runtime.v2.task/k8s.io/66e33dc2e2e42bfde9d53dd7cefbe57be4d8176eca00fd11c420ffd5547bbef7 pid=2519 runtime=io.containerd.runc.v2
Sep 16 19:17:27 kind-control-plane containerd[99]: time="2023-09-16T19:17:27.785953969Z" level=info msg="RunPodSandbox for &PodSandboxMetadata{Name:upbound-provider-family-aws-710d8cfe9f53-6455458768-jb7ss,Uid:e4b1de15-f990-4cd1-b2b4-d3190641d257,Namespace:crossplane-system,Attempt:0,} returns sandbox id \"66e33dc2e2e42bfde9d53dd7cefbe57be4d8176eca00fd11c420ffd5547bbef7\""
Sep 16 19:17:29 kind-control-plane containerd[99]: time="2023-09-16T19:17:29.578055733Z" level=info msg="RunPodSandbox for &PodSandboxMetadata{Name:provider-aws-iam-09f2fb02dd6e-79f9f8d5ff-m7p6c,Uid:3c70a5e9-516c-410e-a3c6-e09d09862048,Namespace:crossplane-system,Attempt:0,}"
Sep 16 19:17:29 kind-control-plane containerd[99]: time="2023-09-16T19:17:29.606666340Z" level=info msg="loading plugin \"io.containerd.event.v1.publisher\"..." runtime=io.containerd.runc.v2 type=io.containerd.event.v1
Sep 16 19:17:29 kind-control-plane containerd[99]: time="2023-09-16T19:17:29.606769368Z" level=info msg="loading plugin \"io.containerd.internal.v1.shutdown\"..." runtime=io.containerd.runc.v2 type=io.containerd.internal.v1
Sep 16 19:17:29 kind-control-plane containerd[99]: time="2023-09-16T19:17:29.606778398Z" level=info msg="loading plugin \"io.containerd.ttrpc.v1.task\"..." runtime=io.containerd.runc.v2 type=io.containerd.ttrpc.v1
Sep 16 19:17:29 kind-control-plane containerd[99]: time="2023-09-16T19:17:29.607355659Z" level=info msg="starting signal loop" namespace=k8s.io path=/run/containerd/io.containerd.runtime.v2.task/k8s.io/680d8d2255cdcc5df68aecd483d65a086bcbd53288f57ee2b32a9a8bf9882722 pid=2644 runtime=io.containerd.runc.v2
Sep 16 19:17:29 kind-control-plane containerd[99]: time="2023-09-16T19:17:29.688196096Z" level=info msg="RunPodSandbox for &PodSandboxMetadata{Name:provider-aws-iam-09f2fb02dd6e-79f9f8d5ff-m7p6c,Uid:3c70a5e9-516c-410e-a3c6-e09d09862048,Namespace:crossplane-system,Attempt:0,} returns sandbox id \"680d8d2255cdcc5df68aecd483d65a086bcbd53288f57ee2b32a9a8bf9882722\""
Sep 16 19:17:29 kind-control-plane containerd[99]: time="2023-09-16T19:17:29.742460915Z" level=info msg="ImageCreate event &ImageCreate{Name:xpkg.upbound.io/civo/provider-civo:v0.1,Labels:map[string]string{io.cri-containerd.image: managed,},XXX_unrecognized:[],}"
Sep 16 19:17:29 kind-control-plane containerd[99]: time="2023-09-16T19:17:29.743883123Z" level=info msg="ImageCreate event &ImageCreate{Name:sha256:0908e924573691a9924ca9e88cab8638329feacf2658882a528998eb0f44d6c5,Labels:map[string]string{io.cri-containerd.image: managed,},XXX_unrecognized:[],}"
Sep 16 19:17:29 kind-control-plane containerd[99]: time="2023-09-16T19:17:29.744865310Z" level=info msg="ImageUpdate event &ImageUpdate{Name:xpkg.upbound.io/civo/provider-civo:v0.1,Labels:map[string]string{io.cri-containerd.image: managed,},XXX_unrecognized:[],}"
Sep 16 19:17:29 kind-control-plane containerd[99]: time="2023-09-16T19:17:29.745831299Z" level=info msg="ImageCreate event &ImageCreate{Name:xpkg.upbound.io/civo/provider-civo@sha256:9dbccd3c9470f3d7aad95b1b74f72578e1f8c13a9b2c1a0af8c08e1f5bbe04c4,Labels:map[string]string{io.cri-containerd.image: managed,},XXX_unrecognized:[],}"
Sep 16 19:17:29 kind-control-plane containerd[99]: time="2023-09-16T19:17:29.746285211Z" level=info msg="PullImage \"xpkg.upbound.io/civo/provider-civo:v0.1\" returns image reference \"sha256:0908e924573691a9924ca9e88cab8638329feacf2658882a528998eb0f44d6c5\""
Sep 16 19:17:29 kind-control-plane containerd[99]: time="2023-09-16T19:17:29.746844150Z" level=info msg="PullImage \"xpkg.upbound.io/upbound/provider-family-aws:v0.40.0\""
Sep 16 19:17:29 kind-control-plane containerd[99]: time="2023-09-16T19:17:29.747933640Z" level=info msg="CreateContainer within sandbox \"1eb48d6d6a0e43297d058bbac18d42555dfdfeab06151fdb7e1eaf81d77687f2\" for container &ContainerMetadata{Name:provider-civo,Attempt:0,}"
Sep 16 19:17:29 kind-control-plane containerd[99]: time="2023-09-16T19:17:29.762803236Z" level=info msg="CreateContainer within sandbox \"1eb48d6d6a0e43297d058bbac18d42555dfdfeab06151fdb7e1eaf81d77687f2\" for &ContainerMetadata{Name:provider-civo,Attempt:0,} returns container id \"c7b52e5cbf23ecd847ba29b8abad800f57209620ea548c572db862edefe397d7\""
Sep 16 19:17:29 kind-control-plane containerd[99]: time="2023-09-16T19:17:29.763405140Z" level=info msg="StartContainer for \"c7b52e5cbf23ecd847ba29b8abad800f57209620ea548c572db862edefe397d7\""
Sep 16 19:17:29 kind-control-plane containerd[99]: time="2023-09-16T19:17:29.847059310Z" level=info msg="StartContainer for \"c7b52e5cbf23ecd847ba29b8abad800f57209620ea548c572db862edefe397d7\" returns successfully"
Sep 16 19:17:34 kind-control-plane containerd[99]: time="2023-09-16T19:17:34.776201669Z" level=info msg="RunPodSandbox for &PodSandboxMetadata{Name:provider-aws-eks-511855a80bcd-fbfb78b56-b2wv6,Uid:54268d56-88d2-451c-a459-d892800c4b9f,Namespace:crossplane-system,Attempt:0,}"
Sep 16 19:17:34 kind-control-plane containerd[99]: time="2023-09-16T19:17:34.804235335Z" level=info msg="loading plugin \"io.containerd.event.v1.publisher\"..." runtime=io.containerd.runc.v2 type=io.containerd.event.v1
Sep 16 19:17:34 kind-control-plane containerd[99]: time="2023-09-16T19:17:34.804292980Z" level=info msg="loading plugin \"io.containerd.internal.v1.shutdown\"..." runtime=io.containerd.runc.v2 type=io.containerd.internal.v1
Sep 16 19:17:34 kind-control-plane containerd[99]: time="2023-09-16T19:17:34.804301980Z" level=info msg="loading plugin \"io.containerd.ttrpc.v1.task\"..." runtime=io.containerd.runc.v2 type=io.containerd.ttrpc.v1
Sep 16 19:17:34 kind-control-plane containerd[99]: time="2023-09-16T19:17:34.804771423Z" level=info msg="starting signal loop" namespace=k8s.io path=/run/containerd/io.containerd.runtime.v2.task/k8s.io/cb4e3ea078d6c0da244b9c65ad04045f028b6e7e8329047f345746c360342e9f pid=2880 runtime=io.containerd.runc.v2
Sep 16 19:17:34 kind-control-plane containerd[99]: time="2023-09-16T19:17:34.878658361Z" level=info msg="RunPodSandbox for &PodSandboxMetadata{Name:provider-aws-eks-511855a80bcd-fbfb78b56-b2wv6,Uid:54268d56-88d2-451c-a459-d892800c4b9f,Namespace:crossplane-system,Attempt:0,} returns sandbox id \"cb4e3ea078d6c0da244b9c65ad04045f028b6e7e8329047f345746c360342e9f\""
Sep 16 19:17:35 kind-control-plane containerd[99]: time="2023-09-16T19:17:35.280928108Z" level=info msg="RunPodSandbox for &PodSandboxMetadata{Name:provider-aws-ec2-783e13654b20-64ff5957d6-mxhn6,Uid:79d0abd8-4cd7-4c6a-86e4-4653e6569f9a,Namespace:crossplane-system,Attempt:0,}"
Sep 16 19:17:35 kind-control-plane containerd[99]: time="2023-09-16T19:17:35.306026720Z" level=info msg="loading plugin \"io.containerd.event.v1.publisher\"..." runtime=io.containerd.runc.v2 type=io.containerd.event.v1
Sep 16 19:17:35 kind-control-plane containerd[99]: time="2023-09-16T19:17:35.306076707Z" level=info msg="loading plugin \"io.containerd.internal.v1.shutdown\"..." runtime=io.containerd.runc.v2 type=io.containerd.internal.v1
Sep 16 19:17:35 kind-control-plane containerd[99]: time="2023-09-16T19:17:35.306085581Z" level=info msg="loading plugin \"io.containerd.ttrpc.v1.task\"..." runtime=io.containerd.runc.v2 type=io.containerd.ttrpc.v1
Sep 16 19:17:35 kind-control-plane containerd[99]: time="2023-09-16T19:17:35.306359092Z" level=info msg="starting signal loop" namespace=k8s.io path=/run/containerd/io.containerd.runtime.v2.task/k8s.io/14225eebc3e402f789fa472c28b91b349dd926931602b2d1692914d097bdc5f5 pid=2946 runtime=io.containerd.runc.v2
Sep 16 19:17:35 kind-control-plane containerd[99]: time="2023-09-16T19:17:35.365761289Z" level=info msg="RunPodSandbox for &PodSandboxMetadata{Name:provider-aws-ec2-783e13654b20-64ff5957d6-mxhn6,Uid:79d0abd8-4cd7-4c6a-86e4-4653e6569f9a,Namespace:crossplane-system,Attempt:0,} returns sandbox id \"14225eebc3e402f789fa472c28b91b349dd926931602b2d1692914d097bdc5f5\""
Sep 16 19:17:45 kind-control-plane containerd[99]: time="2023-09-16T19:17:45.399945177Z" level=info msg="ImageCreate event &ImageCreate{Name:xpkg.upbound.io/upbound/provider-family-aws:v0.40.0,Labels:map[string]string{io.cri-containerd.image: managed,},XXX_unrecognized:[],}"
Sep 16 19:17:45 kind-control-plane containerd[99]: time="2023-09-16T19:17:45.401336920Z" level=info msg="ImageCreate event &ImageCreate{Name:sha256:d5d52e5654fe65ed6a854bcee9043c58217c6cb4eb5e7101abd101fa6a8da668,Labels:map[string]string{io.cri-containerd.image: managed,},XXX_unrecognized:[],}"
Sep 16 19:17:45 kind-control-plane containerd[99]: time="2023-09-16T19:17:45.402719357Z" level=info msg="ImageUpdate event &ImageUpdate{Name:xpkg.upbound.io/upbound/provider-family-aws:v0.40.0,Labels:map[string]string{io.cri-containerd.image: managed,},XXX_unrecognized:[],}"
Sep 16 19:17:45 kind-control-plane containerd[99]: time="2023-09-16T19:17:45.404031619Z" level=info msg="ImageCreate event &ImageCreate{Name:xpkg.upbound.io/upbound/provider-family-aws@sha256:710d8cfe9f535488c9fd97a3976c7453be740ccdb5324b6329d7744cb4b7b8df,Labels:map[string]string{io.cri-containerd.image: managed,},XXX_unrecognized:[],}"
Sep 16 19:17:45 kind-control-plane containerd[99]: time="2023-09-16T19:17:45.404683790Z" level=info msg="PullImage \"xpkg.upbound.io/upbound/provider-family-aws:v0.40.0\" returns image reference \"sha256:d5d52e5654fe65ed6a854bcee9043c58217c6cb4eb5e7101abd101fa6a8da668\""
Sep 16 19:17:45 kind-control-plane containerd[99]: time="2023-09-16T19:17:45.405278744Z" level=info msg="PullImage \"xpkg.upbound.io/upbound/provider-aws-iam:v0.36.0\""
Sep 16 19:17:45 kind-control-plane containerd[99]: time="2023-09-16T19:17:45.406407478Z" level=info msg="CreateContainer within sandbox \"66e33dc2e2e42bfde9d53dd7cefbe57be4d8176eca00fd11c420ffd5547bbef7\" for container &ContainerMetadata{Name:provider-family-aws,Attempt:0,}"
Sep 16 19:17:45 kind-control-plane containerd[99]: time="2023-09-16T19:17:45.415386707Z" level=info msg="CreateContainer within sandbox \"66e33dc2e2e42bfde9d53dd7cefbe57be4d8176eca00fd11c420ffd5547bbef7\" for &ContainerMetadata{Name:provider-family-aws,Attempt:0,} returns container id \"d10d7cbb2af7db873d74ff11a37347bfc51672754a4831c121957fa66b0aeb98\""
Sep 16 19:17:45 kind-control-plane containerd[99]: time="2023-09-16T19:17:45.415830892Z" level=info msg="StartContainer for \"d10d7cbb2af7db873d74ff11a37347bfc51672754a4831c121957fa66b0aeb98\""
Sep 16 19:17:45 kind-control-plane containerd[99]: time="2023-09-16T19:17:45.523818525Z" level=info msg="StartContainer for \"d10d7cbb2af7db873d74ff11a37347bfc51672754a4831c121957fa66b0aeb98\" returns successfully"
Sep 16 19:17:56 kind-control-plane containerd[99]: time="2023-09-16T19:17:56.608472934Z" level=info msg="ImageCreate event &ImageCreate{Name:xpkg.upbound.io/upbound/provider-aws-iam:v0.36.0,Labels:map[string]string{io.cri-containerd.image: managed,},XXX_unrecognized:[],}"
Sep 16 19:17:56 kind-control-plane containerd[99]: time="2023-09-16T19:17:56.609898968Z" level=info msg="ImageCreate event &ImageCreate{Name:sha256:24b63bf9ddb279624bfbabd38afb764861c4ec0b3399d4b322544534718fecf0,Labels:map[string]string{io.cri-containerd.image: managed,},XXX_unrecognized:[],}"
Sep 16 19:17:56 kind-control-plane containerd[99]: time="2023-09-16T19:17:56.611213465Z" level=info msg="ImageUpdate event &ImageUpdate{Name:xpkg.upbound.io/upbound/provider-aws-iam:v0.36.0,Labels:map[string]string{io.cri-containerd.image: managed,},XXX_unrecognized:[],}"
Sep 16 19:17:56 kind-control-plane containerd[99]: time="2023-09-16T19:17:56.612769912Z" level=info msg="ImageCreate event &ImageCreate{Name:xpkg.upbound.io/upbound/provider-aws-iam@sha256:09f2fb02dd6e382096689693a8af5462e2f714285234f20f9e137c5c90300f87,Labels:map[string]string{io.cri-containerd.image: managed,},XXX_unrecognized:[],}"
Sep 16 19:17:56 kind-control-plane containerd[99]: time="2023-09-16T19:17:56.613515452Z" level=info msg="PullImage \"xpkg.upbound.io/upbound/provider-aws-iam:v0.36.0\" returns image reference \"sha256:24b63bf9ddb279624bfbabd38afb764861c4ec0b3399d4b322544534718fecf0\""
Sep 16 19:17:56 kind-control-plane containerd[99]: time="2023-09-16T19:17:56.614101569Z" level=info msg="PullImage \"xpkg.upbound.io/upbound/provider-aws-eks:v0.36.0\""
Sep 16 19:17:56 kind-control-plane containerd[99]: time="2023-09-16T19:17:56.615238564Z" level=info msg="CreateContainer within sandbox \"680d8d2255cdcc5df68aecd483d65a086bcbd53288f57ee2b32a9a8bf9882722\" for container &ContainerMetadata{Name:provider-aws-iam,Attempt:0,}"
Sep 16 19:17:56 kind-control-plane containerd[99]: time="2023-09-16T19:17:56.624515007Z" level=info msg="CreateContainer within sandbox \"680d8d2255cdcc5df68aecd483d65a086bcbd53288f57ee2b32a9a8bf9882722\" for &ContainerMetadata{Name:provider-aws-iam,Attempt:0,} returns container id \"0ba4bfa6bfc66f359b565498b993c462845af28677344f5e37aa44c2ee769897\""
Sep 16 19:17:56 kind-control-plane containerd[99]: time="2023-09-16T19:17:56.624968250Z" level=info msg="StartContainer for \"0ba4bfa6bfc66f359b565498b993c462845af28677344f5e37aa44c2ee769897\""
Sep 16 19:17:56 kind-control-plane containerd[99]: time="2023-09-16T19:17:56.715408743Z" level=info msg="StartContainer for \"0ba4bfa6bfc66f359b565498b993c462845af28677344f5e37aa44c2ee769897\" returns successfully"
Sep 16 19:18:08 kind-control-plane containerd[99]: time="2023-09-16T19:18:08.686803444Z" level=info msg="ImageCreate event &ImageCreate{Name:xpkg.upbound.io/upbound/provider-aws-eks:v0.36.0,Labels:map[string]string{io.cri-containerd.image: managed,},XXX_unrecognized:[],}"
Sep 16 19:18:08 kind-control-plane containerd[99]: time="2023-09-16T19:18:08.687823729Z" level=info msg="ImageCreate event &ImageCreate{Name:sha256:ea6488e478fc00f6ce2d5efea0a939743a4cced676eb2bab743a8bc9474659ac,Labels:map[string]string{io.cri-containerd.image: managed,},XXX_unrecognized:[],}"
Sep 16 19:18:08 kind-control-plane containerd[99]: time="2023-09-16T19:18:08.689164230Z" level=info msg="ImageUpdate event &ImageUpdate{Name:xpkg.upbound.io/upbound/provider-aws-eks:v0.36.0,Labels:map[string]string{io.cri-containerd.image: managed,},XXX_unrecognized:[],}"
Sep 16 19:18:08 kind-control-plane containerd[99]: time="2023-09-16T19:18:08.690530144Z" level=info msg="ImageCreate event &ImageCreate{Name:xpkg.upbound.io/upbound/provider-aws-eks@sha256:511855a80bcd77b7f2eec1523a3bafed18414b61973c7d16c04958b0cbf72bb0,Labels:map[string]string{io.cri-containerd.image: managed,},XXX_unrecognized:[],}"
Sep 16 19:18:08 kind-control-plane containerd[99]: time="2023-09-16T19:18:08.691162310Z" level=info msg="PullImage \"xpkg.upbound.io/upbound/provider-aws-eks:v0.36.0\" returns image reference \"sha256:ea6488e478fc00f6ce2d5efea0a939743a4cced676eb2bab743a8bc9474659ac\""
Sep 16 19:18:08 kind-control-plane containerd[99]: time="2023-09-16T19:18:08.691735267Z" level=info msg="PullImage \"xpkg.upbound.io/upbound/provider-aws-ec2:v0.36.0\""
Sep 16 19:18:08 kind-control-plane containerd[99]: time="2023-09-16T19:18:08.692837306Z" level=info msg="CreateContainer within sandbox \"cb4e3ea078d6c0da244b9c65ad04045f028b6e7e8329047f345746c360342e9f\" for container &ContainerMetadata{Name:provider-aws-eks,Attempt:0,}"
Sep 16 19:18:08 kind-control-plane containerd[99]: time="2023-09-16T19:18:08.701988336Z" level=info msg="CreateContainer within sandbox \"cb4e3ea078d6c0da244b9c65ad04045f028b6e7e8329047f345746c360342e9f\" for &ContainerMetadata{Name:provider-aws-eks,Attempt:0,} returns container id \"a29202581191ea89d1b592d63708a4de6f08cee6c37ddccb9e128bfc13e23571\""
Sep 16 19:18:08 kind-control-plane containerd[99]: time="2023-09-16T19:18:08.702437361Z" level=info msg="StartContainer for \"a29202581191ea89d1b592d63708a4de6f08cee6c37ddccb9e128bfc13e23571\""
Sep 16 19:18:08 kind-control-plane containerd[99]: time="2023-09-16T19:18:08.807921233Z" level=info msg="StartContainer for \"a29202581191ea89d1b592d63708a4de6f08cee6c37ddccb9e128bfc13e23571\" returns successfully"
Sep 16 19:18:14 kind-control-plane containerd[99]: time="2023-09-16T19:18:14.445755523Z" level=info msg="ImageCreate event &ImageCreate{Name:xpkg.upbound.io/upbound/provider-aws-ec2:v0.36.0,Labels:map[string]string{io.cri-containerd.image: managed,},XXX_unrecognized:[],}"
Sep 16 19:18:14 kind-control-plane containerd[99]: time="2023-09-16T19:18:14.447075311Z" level=info msg="ImageCreate event &ImageCreate{Name:sha256:9d590525071ac488876fe73eb7be768ee79cbf90eae4a423fb7945351dcbaa8b,Labels:map[string]string{io.cri-containerd.image: managed,},XXX_unrecognized:[],}"
Sep 16 19:18:14 kind-control-plane containerd[99]: time="2023-09-16T19:18:14.449271935Z" level=info msg="ImageUpdate event &ImageUpdate{Name:xpkg.upbound.io/upbound/provider-aws-ec2:v0.36.0,Labels:map[string]string{io.cri-containerd.image: managed,},XXX_unrecognized:[],}"
Sep 16 19:18:14 kind-control-plane containerd[99]: time="2023-09-16T19:18:14.451388732Z" level=info msg="ImageCreate event &ImageCreate{Name:xpkg.upbound.io/upbound/provider-aws-ec2@sha256:783e13654b20200aeb90c41833c2f59dfd78408f2da51cd59702ee794a94478a,Labels:map[string]string{io.cri-containerd.image: managed,},XXX_unrecognized:[],}"
Sep 16 19:18:14 kind-control-plane containerd[99]: time="2023-09-16T19:18:14.451777095Z" level=info msg="PullImage \"xpkg.upbound.io/upbound/provider-aws-ec2:v0.36.0\" returns image reference \"sha256:9d590525071ac488876fe73eb7be768ee79cbf90eae4a423fb7945351dcbaa8b\""
Sep 16 19:18:14 kind-control-plane containerd[99]: time="2023-09-16T19:18:14.453802757Z" level=info msg="CreateContainer within sandbox \"14225eebc3e402f789fa472c28b91b349dd926931602b2d1692914d097bdc5f5\" for container &ContainerMetadata{Name:provider-aws-ec2,Attempt:0,}"
Sep 16 19:18:14 kind-control-plane containerd[99]: time="2023-09-16T19:18:14.465837665Z" level=info msg="CreateContainer within sandbox \"14225eebc3e402f789fa472c28b91b349dd926931602b2d1692914d097bdc5f5\" for &ContainerMetadata{Name:provider-aws-ec2,Attempt:0,} returns container id \"4a773dade3f03cd93f7bf73b138bc7df8105ce8ba3fc048c424cb432c36ac359\""
Sep 16 19:18:14 kind-control-plane containerd[99]: time="2023-09-16T19:18:14.466349599Z" level=info msg="StartContainer for \"4a773dade3f03cd93f7bf73b138bc7df8105ce8ba3fc048c424cb432c36ac359\""
Sep 16 19:18:14 kind-control-plane containerd[99]: time="2023-09-16T19:18:14.555966622Z" level=info msg="StartContainer for \"4a773dade3f03cd93f7bf73b138bc7df8105ce8ba3fc048c424cb432c36ac359\" returns successfully"
