Sep 16 19:28:00 kind-control-plane systemd[1]: Starting containerd container runtime...
Sep 16 19:28:00 kind-control-plane systemd[1]: Started containerd container runtime.
Sep 16 19:28:00 kind-control-plane containerd[105]: time="2023-09-16T19:28:00.664273237Z" level=info msg="starting containerd" revision=1c90a442489720eec95342e1789ee8a5e1b9536f version=v1.6.9
Sep 16 19:28:00 kind-control-plane containerd[105]: time="2023-09-16T19:28:00.682456211Z" level=info msg="loading plugin \"io.containerd.content.v1.content\"..." type=io.containerd.content.v1
Sep 16 19:28:00 kind-control-plane containerd[105]: time="2023-09-16T19:28:00.682672927Z" level=info msg="loading plugin \"io.containerd.snapshotter.v1.aufs\"..." type=io.containerd.snapshotter.v1
Sep 16 19:28:00 kind-control-plane containerd[105]: time="2023-09-16T19:28:00.684800988Z" level=info msg="skip loading plugin \"io.containerd.snapshotter.v1.aufs\"..." error="aufs is not supported (modprobe aufs failed: exit status 1 \"modprobe: FATAL: Module aufs not found in directory /lib/modules/6.2.0-1011-azure\\n\"): skip plugin" type=io.containerd.snapshotter.v1
Sep 16 19:28:00 kind-control-plane containerd[105]: time="2023-09-16T19:28:00.684901096Z" level=info msg="loading plugin \"io.containerd.snapshotter.v1.btrfs\"..." type=io.containerd.snapshotter.v1
Sep 16 19:28:00 kind-control-plane containerd[105]: time="2023-09-16T19:28:00.685113312Z" level=info msg="skip loading plugin \"io.containerd.snapshotter.v1.btrfs\"..." error="path /var/lib/containerd/io.containerd.snapshotter.v1.btrfs (ext4) must be a btrfs filesystem to be used with the btrfs snapshotter: skip plugin" type=io.containerd.snapshotter.v1
Sep 16 19:28:00 kind-control-plane containerd[105]: time="2023-09-16T19:28:00.685178217Z" level=info msg="loading plugin \"io.containerd.snapshotter.v1.devmapper\"..." type=io.containerd.snapshotter.v1
Sep 16 19:28:00 kind-control-plane containerd[105]: time="2023-09-16T19:28:00.685234821Z" level=warning msg="failed to load plugin io.containerd.snapshotter.v1.devmapper" error="devmapper not configured"
Sep 16 19:28:00 kind-control-plane containerd[105]: time="2023-09-16T19:28:00.685281924Z" level=info msg="loading plugin \"io.containerd.snapshotter.v1.native\"..." type=io.containerd.snapshotter.v1
Sep 16 19:28:00 kind-control-plane containerd[105]: time="2023-09-16T19:28:00.685340329Z" level=info msg="loading plugin \"io.containerd.snapshotter.v1.overlayfs\"..." type=io.containerd.snapshotter.v1
Sep 16 19:28:00 kind-control-plane containerd[105]: time="2023-09-16T19:28:00.685553045Z" level=info msg="loading plugin \"io.containerd.snapshotter.v1.zfs\"..." type=io.containerd.snapshotter.v1
Sep 16 19:28:00 kind-control-plane containerd[105]: time="2023-09-16T19:28:00.685760361Z" level=info msg="skip loading plugin \"io.containerd.snapshotter.v1.zfs\"..." error="path /var/lib/containerd/io.containerd.snapshotter.v1.zfs must be a zfs filesystem to be used with the zfs snapshotter: skip plugin" type=io.containerd.snapshotter.v1
Sep 16 19:28:00 kind-control-plane containerd[105]: time="2023-09-16T19:28:00.685824566Z" level=info msg="loading plugin \"io.containerd.snapshotter.v1.fuse-overlayfs\"..." type=io.containerd.snapshotter.v1
Sep 16 19:28:00 kind-control-plane containerd[105]: time="2023-09-16T19:28:00.686120588Z" level=info msg="loading plugin \"io.containerd.metadata.v1.bolt\"..." type=io.containerd.metadata.v1
Sep 16 19:28:00 kind-control-plane containerd[105]: time="2023-09-16T19:28:00.686339404Z" level=warning msg="could not use snapshotter devmapper in metadata plugin" error="devmapper not configured"
Sep 16 19:28:00 kind-control-plane containerd[105]: time="2023-09-16T19:28:00.686402309Z" level=info msg="metadata content store policy set" policy=shared
Sep 16 19:28:00 kind-control-plane containerd[105]: time="2023-09-16T19:28:00.686547120Z" level=info msg="loading plugin \"io.containerd.differ.v1.walking\"..." type=io.containerd.differ.v1
Sep 16 19:28:00 kind-control-plane containerd[105]: time="2023-09-16T19:28:00.686640927Z" level=info msg="loading plugin \"io.containerd.event.v1.exchange\"..." type=io.containerd.event.v1
Sep 16 19:28:00 kind-control-plane containerd[105]: time="2023-09-16T19:28:00.686698232Z" level=info msg="loading plugin \"io.containerd.gc.v1.scheduler\"..." type=io.containerd.gc.v1
Sep 16 19:28:00 kind-control-plane containerd[105]: time="2023-09-16T19:28:00.686753136Z" level=info msg="loading plugin \"io.containerd.service.v1.introspection-service\"..." type=io.containerd.service.v1
Sep 16 19:28:00 kind-control-plane containerd[105]: time="2023-09-16T19:28:00.686815240Z" level=info msg="loading plugin \"io.containerd.service.v1.containers-service\"..." type=io.containerd.service.v1
Sep 16 19:28:00 kind-control-plane containerd[105]: time="2023-09-16T19:28:00.686860944Z" level=info msg="loading plugin \"io.containerd.service.v1.content-service\"..." type=io.containerd.service.v1
Sep 16 19:28:00 kind-control-plane containerd[105]: time="2023-09-16T19:28:00.686906247Z" level=info msg="loading plugin \"io.containerd.service.v1.diff-service\"..." type=io.containerd.service.v1
Sep 16 19:28:00 kind-control-plane containerd[105]: time="2023-09-16T19:28:00.687132464Z" level=info msg="loading plugin \"io.containerd.service.v1.images-service\"..." type=io.containerd.service.v1
Sep 16 19:28:00 kind-control-plane containerd[105]: time="2023-09-16T19:28:00.687194369Z" level=info msg="loading plugin \"io.containerd.service.v1.leases-service\"..." type=io.containerd.service.v1
Sep 16 19:28:00 kind-control-plane containerd[105]: time="2023-09-16T19:28:00.687246473Z" level=info msg="loading plugin \"io.containerd.service.v1.namespaces-service\"..." type=io.containerd.service.v1
Sep 16 19:28:00 kind-control-plane containerd[105]: time="2023-09-16T19:28:00.687298477Z" level=info msg="loading plugin \"io.containerd.service.v1.snapshots-service\"..." type=io.containerd.service.v1
Sep 16 19:28:00 kind-control-plane containerd[105]: time="2023-09-16T19:28:00.687349281Z" level=info msg="loading plugin \"io.containerd.runtime.v1.linux\"..." type=io.containerd.runtime.v1
Sep 16 19:28:00 kind-control-plane containerd[105]: time="2023-09-16T19:28:00.687439488Z" level=info msg="loading plugin \"io.containerd.runtime.v2.task\"..." type=io.containerd.runtime.v2
Sep 16 19:28:00 kind-control-plane containerd[105]: time="2023-09-16T19:28:00.687534095Z" level=info msg="loading plugin \"io.containerd.monitor.v1.cgroups\"..." type=io.containerd.monitor.v1
Sep 16 19:28:00 kind-control-plane containerd[105]: time="2023-09-16T19:28:00.687796015Z" level=info msg="loading plugin \"io.containerd.service.v1.tasks-service\"..." type=io.containerd.service.v1
Sep 16 19:28:00 kind-control-plane containerd[105]: time="2023-09-16T19:28:00.687872120Z" level=info msg="loading plugin \"io.containerd.grpc.v1.introspection\"..." type=io.containerd.grpc.v1
Sep 16 19:28:00 kind-control-plane containerd[105]: time="2023-09-16T19:28:00.687927024Z" level=info msg="loading plugin \"io.containerd.internal.v1.restart\"..." type=io.containerd.internal.v1
Sep 16 19:28:00 kind-control-plane containerd[105]: time="2023-09-16T19:28:00.688009731Z" level=info msg="loading plugin \"io.containerd.grpc.v1.containers\"..." type=io.containerd.grpc.v1
Sep 16 19:28:00 kind-control-plane containerd[105]: time="2023-09-16T19:28:00.688172343Z" level=info msg="loading plugin \"io.containerd.grpc.v1.content\"..." type=io.containerd.grpc.v1
Sep 16 19:28:00 kind-control-plane containerd[105]: time="2023-09-16T19:28:00.688230247Z" level=info msg="loading plugin \"io.containerd.grpc.v1.diff\"..." type=io.containerd.grpc.v1
Sep 16 19:28:00 kind-control-plane containerd[105]: time="2023-09-16T19:28:00.688282851Z" level=info msg="loading plugin \"io.containerd.grpc.v1.events\"..." type=io.containerd.grpc.v1
Sep 16 19:28:00 kind-control-plane containerd[105]: time="2023-09-16T19:28:00.688331755Z" level=info msg="loading plugin \"io.containerd.grpc.v1.healthcheck\"..." type=io.containerd.grpc.v1
Sep 16 19:28:00 kind-control-plane containerd[105]: time="2023-09-16T19:28:00.688379859Z" level=info msg="loading plugin \"io.containerd.grpc.v1.images\"..." type=io.containerd.grpc.v1
Sep 16 19:28:00 kind-control-plane containerd[105]: time="2023-09-16T19:28:00.688426762Z" level=info msg="loading plugin \"io.containerd.grpc.v1.leases\"..." type=io.containerd.grpc.v1
Sep 16 19:28:00 kind-control-plane containerd[105]: time="2023-09-16T19:28:00.688500568Z" level=info msg="loading plugin \"io.containerd.grpc.v1.namespaces\"..." type=io.containerd.grpc.v1
Sep 16 19:28:00 kind-control-plane containerd[105]: time="2023-09-16T19:28:00.688553772Z" level=info msg="loading plugin \"io.containerd.internal.v1.opt\"..." type=io.containerd.internal.v1
Sep 16 19:28:00 kind-control-plane containerd[105]: time="2023-09-16T19:28:00.688781889Z" level=info msg="loading plugin \"io.containerd.grpc.v1.snapshots\"..." type=io.containerd.grpc.v1
Sep 16 19:28:00 kind-control-plane containerd[105]: time="2023-09-16T19:28:00.688857395Z" level=info msg="loading plugin \"io.containerd.grpc.v1.tasks\"..." type=io.containerd.grpc.v1
Sep 16 19:28:00 kind-control-plane containerd[105]: time="2023-09-16T19:28:00.688918299Z" level=info msg="loading plugin \"io.containerd.grpc.v1.version\"..." type=io.containerd.grpc.v1
Sep 16 19:28:00 kind-control-plane containerd[105]: time="2023-09-16T19:28:00.688979704Z" level=info msg="loading plugin \"io.containerd.tracing.processor.v1.otlp\"..." type=io.containerd.tracing.processor.v1
Sep 16 19:28:00 kind-control-plane containerd[105]: time="2023-09-16T19:28:00.689029708Z" level=info msg="skip loading plugin \"io.containerd.tracing.processor.v1.otlp\"..." error="no OpenTelemetry endpoint: skip plugin" type=io.containerd.tracing.processor.v1
Sep 16 19:28:00 kind-control-plane containerd[105]: time="2023-09-16T19:28:00.689090112Z" level=info msg="loading plugin \"io.containerd.internal.v1.tracing\"..." type=io.containerd.internal.v1
Sep 16 19:28:00 kind-control-plane containerd[105]: time="2023-09-16T19:28:00.689144216Z" level=error msg="failed to initialize a tracing processor \"otlp\"" error="no OpenTelemetry endpoint: skip plugin"
Sep 16 19:28:00 kind-control-plane containerd[105]: time="2023-09-16T19:28:00.689217522Z" level=info msg="loading plugin \"io.containerd.grpc.v1.cri\"..." type=io.containerd.grpc.v1
Sep 16 19:28:00 kind-control-plane containerd[105]: time="2023-09-16T19:28:00.689432538Z" level=warning msg="`mirrors` is deprecated, please use `config_path` instead"
Sep 16 19:28:00 kind-control-plane containerd[105]: time="2023-09-16T19:28:00.689537546Z" level=info msg="Start cri plugin with config {PluginConfig:{ContainerdConfig:{Snapshotter:overlayfs DefaultRuntimeName:runc DefaultRuntime:{Type: Path: Engine: PodAnnotations:[] ContainerAnnotations:[] Root: Options:map[] PrivilegedWithoutHostDevices:false BaseRuntimeSpec: NetworkPluginConfDir: NetworkPluginMaxConfNum:0} UntrustedWorkloadRuntime:{Type: Path: Engine: PodAnnotations:[] ContainerAnnotations:[] Root: Options:map[] PrivilegedWithoutHostDevices:false BaseRuntimeSpec: NetworkPluginConfDir: NetworkPluginMaxConfNum:0} Runtimes:map[runc:{Type:io.containerd.runc.v2 Path: Engine: PodAnnotations:[] ContainerAnnotations:[] Root: Options:map[SystemdCgroup:true] PrivilegedWithoutHostDevices:false BaseRuntimeSpec:/etc/containerd/cri-base.json NetworkPluginConfDir: NetworkPluginMaxConfNum:0} test-handler:{Type:io.containerd.runc.v2 Path: Engine: PodAnnotations:[] ContainerAnnotations:[] Root: Options:map[SystemdCgroup:true] PrivilegedWithoutHostDevices:false BaseRuntimeSpec:/etc/containerd/cri-base.json NetworkPluginConfDir: NetworkPluginMaxConfNum:0}] NoPivot:false DisableSnapshotAnnotations:true DiscardUnpackedLayers:true IgnoreRdtNotEnabledErrors:false} CniConfig:{NetworkPluginBinDir:/opt/cni/bin NetworkPluginConfDir:/etc/cni/net.d NetworkPluginMaxConfNum:1 NetworkPluginConfTemplate: IPPreference:} Registry:{ConfigPath: Mirrors:map[k8s.gcr.io:{Endpoints:[https://registry.k8s.io https://k8s.gcr.io]}] Configs:map[] Auths:map[] Headers:map[]} ImageDecryption:{KeyModel:node} DisableTCPService:true StreamServerAddress:127.0.0.1 StreamServerPort:0 StreamIdleTimeout:4h0m0s EnableSelinux:false SelinuxCategoryRange:1024 SandboxImage:registry.k8s.io/pause:3.7 StatsCollectPeriod:10 SystemdCgroup:false EnableTLSStreaming:false X509KeyPairStreaming:{TLSCertFile: TLSKeyFile:} MaxContainerLogLineSize:16384 DisableCgroup:false DisableApparmor:false RestrictOOMScoreAdj:false MaxConcurrentDownloads:3 DisableProcMount:false UnsetSeccompProfile: TolerateMissingHugetlbController:true DisableHugetlbController:true DeviceOwnershipFromSecurityContext:false IgnoreImageDefinedVolumes:false NetNSMountsUnderStateDir:false EnableUnprivilegedPorts:false EnableUnprivilegedICMP:false} ContainerdRootDir:/var/lib/containerd ContainerdEndpoint:/run/containerd/containerd.sock RootDir:/var/lib/containerd/io.containerd.grpc.v1.cri StateDir:/run/containerd/io.containerd.grpc.v1.cri}"
Sep 16 19:28:00 kind-control-plane containerd[105]: time="2023-09-16T19:28:00.689773864Z" level=info msg="Connect containerd service"
Sep 16 19:28:00 kind-control-plane containerd[105]: time="2023-09-16T19:28:00.689865771Z" level=info msg="Get image filesystem path \"/var/lib/containerd/io.containerd.snapshotter.v1.overlayfs\""
Sep 16 19:28:00 kind-control-plane containerd[105]: time="2023-09-16T19:28:00.690300204Z" level=error msg="failed to load cni during init, please check CRI plugin status before setting up network for pods" error="cni config load failed: no network config found in /etc/cni/net.d: cni plugin not initialized: failed to load cni config"
Sep 16 19:28:00 kind-control-plane containerd[105]: time="2023-09-16T19:28:00.691120266Z" level=info msg=serving... address=/run/containerd/containerd.sock.ttrpc
Sep 16 19:28:00 kind-control-plane containerd[105]: time="2023-09-16T19:28:00.691216673Z" level=info msg=serving... address=/run/containerd/containerd.sock
Sep 16 19:28:00 kind-control-plane containerd[105]: time="2023-09-16T19:28:00.691264277Z" level=info msg="containerd successfully booted in 0.027980s"
Sep 16 19:28:00 kind-control-plane containerd[105]: time="2023-09-16T19:28:00.692839796Z" level=info msg="Start subscribing containerd event"
Sep 16 19:28:00 kind-control-plane containerd[105]: time="2023-09-16T19:28:00.692975706Z" level=info msg="Start recovering state"
Sep 16 19:28:00 kind-control-plane containerd[105]: time="2023-09-16T19:28:00.694570727Z" level=warning msg="The image docker.io/kindest/kindnetd:v20221004-44d545d1 is not unpacked."
Sep 16 19:28:00 kind-control-plane containerd[105]: time="2023-09-16T19:28:00.698644334Z" level=warning msg="The image docker.io/kindest/local-path-helper:v20220607-9a4d8d2a is not unpacked."
Sep 16 19:28:00 kind-control-plane containerd[105]: time="2023-09-16T19:28:00.699283783Z" level=warning msg="The image docker.io/kindest/local-path-provisioner:v0.0.22-kind.0 is not unpacked."
Sep 16 19:28:00 kind-control-plane containerd[105]: time="2023-09-16T19:28:00.699818123Z" level=warning msg="The image import-2022-10-25@sha256:0dae4b69c2aa90e6c24691ebbe2e860e2a1ae68463a622c627fb58110153d950 is not unpacked."
Sep 16 19:28:00 kind-control-plane containerd[105]: time="2023-09-16T19:28:00.700217653Z" level=warning msg="The image import-2022-10-25@sha256:1c35781a4b6011d5c27bedbba7ca130db72c4aaf74d108c60bc77ae49130e5e4 is not unpacked."
Sep 16 19:28:00 kind-control-plane containerd[105]: time="2023-09-16T19:28:00.700891304Z" level=warning msg="The image import-2022-10-25@sha256:4002c19dafb94b1995fc598fae590f70cac10135f61ca2551bd97aae37ed9c4a is not unpacked."
Sep 16 19:28:00 kind-control-plane containerd[105]: time="2023-09-16T19:28:00.701438146Z" level=warning msg="The image import-2022-10-25@sha256:409b0e81d9aecf59df96df445a3171f43e2ae834ef6c9e77b1492c4d19bfd78d is not unpacked."
Sep 16 19:28:00 kind-control-plane containerd[105]: time="2023-09-16T19:28:00.702173001Z" level=warning msg="The image registry.k8s.io/coredns/coredns:v1.9.3 is not unpacked."
Sep 16 19:28:00 kind-control-plane containerd[105]: time="2023-09-16T19:28:00.703244482Z" level=warning msg="The image registry.k8s.io/etcd:3.5.4-0 is not unpacked."
Sep 16 19:28:00 kind-control-plane containerd[105]: time="2023-09-16T19:28:00.703984538Z" level=warning msg="The image registry.k8s.io/kube-apiserver:v1.25.3 is not unpacked."
Sep 16 19:28:00 kind-control-plane containerd[105]: time="2023-09-16T19:28:00.704508378Z" level=warning msg="The image registry.k8s.io/kube-controller-manager:v1.25.3 is not unpacked."
Sep 16 19:28:00 kind-control-plane containerd[105]: time="2023-09-16T19:28:00.705056919Z" level=warning msg="The image registry.k8s.io/kube-proxy:v1.25.3 is not unpacked."
Sep 16 19:28:00 kind-control-plane containerd[105]: time="2023-09-16T19:28:00.705492652Z" level=warning msg="The image registry.k8s.io/kube-scheduler:v1.25.3 is not unpacked."
Sep 16 19:28:00 kind-control-plane containerd[105]: time="2023-09-16T19:28:00.706098498Z" level=warning msg="The image registry.k8s.io/pause:3.7 is not unpacked."
Sep 16 19:28:00 kind-control-plane containerd[105]: time="2023-09-16T19:28:00.706855355Z" level=warning msg="The image sha256:221177c6082a88ea4f6240ab2450d540955ac6f4d5454f0e15751b653ebda165 is not unpacked."
Sep 16 19:28:00 kind-control-plane containerd[105]: time="2023-09-16T19:28:00.707766624Z" level=warning msg="The image sha256:4bc1b1e750e34e3fbb542febefe990232575c949ccc07836125e23f3b1881a56 is not unpacked."
Sep 16 19:28:00 kind-control-plane containerd[105]: time="2023-09-16T19:28:00.708698194Z" level=warning msg="The image sha256:4c1e997385b8fb4ad4d1d3c7e5af7ff3f882e94d07cf5b78de9e889bc60830e6 is not unpacked."
Sep 16 19:28:00 kind-control-plane containerd[105]: time="2023-09-16T19:28:00.709536558Z" level=warning msg="The image sha256:5185b96f0becf59032b8e3646e99f84d9655dff3ac9e2605e0dc77f9c441ae4a is not unpacked."
Sep 16 19:28:00 kind-control-plane containerd[105]: time="2023-09-16T19:28:00.710591437Z" level=warning msg="The image sha256:5225724a11400a83db6efe486e37aeaec871f0e15b19e82c9160b7c3de880875 is not unpacked."
Sep 16 19:28:00 kind-control-plane containerd[105]: time="2023-09-16T19:28:00.711914137Z" level=warning msg="The image sha256:580dca99efc3bb79350e610acca6242f13442633087f3187f7264adbddfbda07 is not unpacked."
Sep 16 19:28:00 kind-control-plane containerd[105]: time="2023-09-16T19:28:00.712537385Z" level=warning msg="The image sha256:86063cd68dfc91a931a6e095a0f796643990ce18d7edf0bbc3385c85bc95c1ab is not unpacked."
Sep 16 19:28:00 kind-control-plane containerd[105]: time="2023-09-16T19:28:00.719903441Z" level=warning msg="The image sha256:a8a176a5d5d698f9409dc246f81fa69d37d4a2f4132ba5e62e72a78476b27f66 is not unpacked."
Sep 16 19:28:00 kind-control-plane containerd[105]: time="2023-09-16T19:28:00.721522764Z" level=warning msg="The image sha256:d2f902e939cc38784e56ec30c102ef01a019e13a3b31d4c23332ffdd0244a632 is not unpacked."
Sep 16 19:28:00 kind-control-plane containerd[105]: time="2023-09-16T19:28:00.722299022Z" level=warning msg="The image sha256:d6e3e26021b60c625f0ef5b2dd3f9e22d2d398e05bccc4fdd7d59fbbb6a04d3f is not unpacked."
Sep 16 19:28:00 kind-control-plane containerd[105]: time="2023-09-16T19:28:00.722795560Z" level=info msg="Start event monitor"
Sep 16 19:28:00 kind-control-plane containerd[105]: time="2023-09-16T19:28:00.722872366Z" level=info msg="Start snapshots syncer"
Sep 16 19:28:00 kind-control-plane containerd[105]: time="2023-09-16T19:28:00.722914869Z" level=info msg="Start cni network conf syncer for default"
Sep 16 19:28:00 kind-control-plane containerd[105]: time="2023-09-16T19:28:00.722953072Z" level=info msg="Start streaming server"
Sep 16 19:28:06 kind-control-plane containerd[105]: time="2023-09-16T19:28:06.494649063Z" level=info msg="RunPodSandbox for &PodSandboxMetadata{Name:kube-apiserver-kind-control-plane,Uid:9d154d94c881e34144512156e922afea,Namespace:kube-system,Attempt:0,}"
Sep 16 19:28:06 kind-control-plane containerd[105]: time="2023-09-16T19:28:06.504286885Z" level=info msg="RunPodSandbox for &PodSandboxMetadata{Name:kube-scheduler-kind-control-plane,Uid:6d3dda2cad9846e0d48dbd5d5b9f59fc,Namespace:kube-system,Attempt:0,}"
Sep 16 19:28:06 kind-control-plane containerd[105]: time="2023-09-16T19:28:06.504459498Z" level=info msg="RunPodSandbox for &PodSandboxMetadata{Name:etcd-kind-control-plane,Uid:0656ab70da313d6449b17f099a2a3110,Namespace:kube-system,Attempt:0,}"
Sep 16 19:28:06 kind-control-plane containerd[105]: time="2023-09-16T19:28:06.523149699Z" level=info msg="RunPodSandbox for &PodSandboxMetadata{Name:kube-controller-manager-kind-control-plane,Uid:aaff90ec64f346d418f0a93d766752c5,Namespace:kube-system,Attempt:0,}"
Sep 16 19:28:06 kind-control-plane containerd[105]: time="2023-09-16T19:28:06.545960508Z" level=info msg="loading plugin \"io.containerd.event.v1.publisher\"..." runtime=io.containerd.runc.v2 type=io.containerd.event.v1
Sep 16 19:28:06 kind-control-plane containerd[105]: time="2023-09-16T19:28:06.545998610Z" level=info msg="loading plugin \"io.containerd.internal.v1.shutdown\"..." runtime=io.containerd.runc.v2 type=io.containerd.internal.v1
Sep 16 19:28:06 kind-control-plane containerd[105]: time="2023-09-16T19:28:06.546009911Z" level=info msg="loading plugin \"io.containerd.ttrpc.v1.task\"..." runtime=io.containerd.runc.v2 type=io.containerd.ttrpc.v1
Sep 16 19:28:06 kind-control-plane containerd[105]: time="2023-09-16T19:28:06.546645359Z" level=info msg="starting signal loop" namespace=k8s.io path=/run/containerd/io.containerd.runtime.v2.task/k8s.io/4a5fac38e6ee4ce3491ecd5d5aed7fcde2065013d5417881b31a1b7685a80ba7 pid=327 runtime=io.containerd.runc.v2
Sep 16 19:28:06 kind-control-plane containerd[105]: time="2023-09-16T19:28:06.556941530Z" level=info msg="loading plugin \"io.containerd.event.v1.publisher\"..." runtime=io.containerd.runc.v2 type=io.containerd.event.v1
Sep 16 19:28:06 kind-control-plane containerd[105]: time="2023-09-16T19:28:06.556971232Z" level=info msg="loading plugin \"io.containerd.internal.v1.shutdown\"..." runtime=io.containerd.runc.v2 type=io.containerd.internal.v1
Sep 16 19:28:06 kind-control-plane containerd[105]: time="2023-09-16T19:28:06.556979933Z" level=info msg="loading plugin \"io.containerd.ttrpc.v1.task\"..." runtime=io.containerd.runc.v2 type=io.containerd.ttrpc.v1
Sep 16 19:28:06 kind-control-plane containerd[105]: time="2023-09-16T19:28:06.557235652Z" level=info msg="starting signal loop" namespace=k8s.io path=/run/containerd/io.containerd.runtime.v2.task/k8s.io/338e43460fd87d591230327ad0348ef14e13969f5b4bfb890d0102ad82466464 pid=342 runtime=io.containerd.runc.v2
Sep 16 19:28:06 kind-control-plane containerd[105]: time="2023-09-16T19:28:06.565304557Z" level=info msg="loading plugin \"io.containerd.event.v1.publisher\"..." runtime=io.containerd.runc.v2 type=io.containerd.event.v1
Sep 16 19:28:06 kind-control-plane containerd[105]: time="2023-09-16T19:28:06.565444067Z" level=info msg="loading plugin \"io.containerd.internal.v1.shutdown\"..." runtime=io.containerd.runc.v2 type=io.containerd.internal.v1
Sep 16 19:28:06 kind-control-plane containerd[105]: time="2023-09-16T19:28:06.565535774Z" level=info msg="loading plugin \"io.containerd.ttrpc.v1.task\"..." runtime=io.containerd.runc.v2 type=io.containerd.ttrpc.v1
Sep 16 19:28:06 kind-control-plane containerd[105]: time="2023-09-16T19:28:06.565720888Z" level=info msg="starting signal loop" namespace=k8s.io path=/run/containerd/io.containerd.runtime.v2.task/k8s.io/458fd5b0de1f95788df19808e43041ecddc9d63ddca5ad34fb3c620c5da22cec pid=365 runtime=io.containerd.runc.v2
Sep 16 19:28:06 kind-control-plane containerd[105]: time="2023-09-16T19:28:06.567752040Z" level=info msg="loading plugin \"io.containerd.event.v1.publisher\"..." runtime=io.containerd.runc.v2 type=io.containerd.event.v1
Sep 16 19:28:06 kind-control-plane containerd[105]: time="2023-09-16T19:28:06.568567101Z" level=info msg="loading plugin \"io.containerd.internal.v1.shutdown\"..." runtime=io.containerd.runc.v2 type=io.containerd.internal.v1
Sep 16 19:28:06 kind-control-plane containerd[105]: time="2023-09-16T19:28:06.568716512Z" level=info msg="loading plugin \"io.containerd.ttrpc.v1.task\"..." runtime=io.containerd.runc.v2 type=io.containerd.ttrpc.v1
Sep 16 19:28:06 kind-control-plane containerd[105]: time="2023-09-16T19:28:06.569158245Z" level=info msg="starting signal loop" namespace=k8s.io path=/run/containerd/io.containerd.runtime.v2.task/k8s.io/ac32415745d57ae82a9bd236fa7ca89ca25a1ab66c7bf533dcddc61bf689147d pid=388 runtime=io.containerd.runc.v2
Sep 16 19:28:06 kind-control-plane containerd[105]: time="2023-09-16T19:28:06.651858241Z" level=info msg="RunPodSandbox for &PodSandboxMetadata{Name:kube-controller-manager-kind-control-plane,Uid:aaff90ec64f346d418f0a93d766752c5,Namespace:kube-system,Attempt:0,} returns sandbox id \"4a5fac38e6ee4ce3491ecd5d5aed7fcde2065013d5417881b31a1b7685a80ba7\""
Sep 16 19:28:06 kind-control-plane containerd[105]: time="2023-09-16T19:28:06.654928471Z" level=info msg="CreateContainer within sandbox \"4a5fac38e6ee4ce3491ecd5d5aed7fcde2065013d5417881b31a1b7685a80ba7\" for container &ContainerMetadata{Name:kube-controller-manager,Attempt:0,}"
Sep 16 19:28:06 kind-control-plane containerd[105]: time="2023-09-16T19:28:06.707641720Z" level=info msg="RunPodSandbox for &PodSandboxMetadata{Name:kube-scheduler-kind-control-plane,Uid:6d3dda2cad9846e0d48dbd5d5b9f59fc,Namespace:kube-system,Attempt:0,} returns sandbox id \"ac32415745d57ae82a9bd236fa7ca89ca25a1ab66c7bf533dcddc61bf689147d\""
Sep 16 19:28:06 kind-control-plane containerd[105]: time="2023-09-16T19:28:06.731091977Z" level=info msg="CreateContainer within sandbox \"ac32415745d57ae82a9bd236fa7ca89ca25a1ab66c7bf533dcddc61bf689147d\" for container &ContainerMetadata{Name:kube-scheduler,Attempt:0,}"
Sep 16 19:28:06 kind-control-plane containerd[105]: time="2023-09-16T19:28:06.759998943Z" level=info msg="RunPodSandbox for &PodSandboxMetadata{Name:etcd-kind-control-plane,Uid:0656ab70da313d6449b17f099a2a3110,Namespace:kube-system,Attempt:0,} returns sandbox id \"458fd5b0de1f95788df19808e43041ecddc9d63ddca5ad34fb3c620c5da22cec\""
Sep 16 19:28:06 kind-control-plane containerd[105]: time="2023-09-16T19:28:06.760239661Z" level=info msg="RunPodSandbox for &PodSandboxMetadata{Name:kube-apiserver-kind-control-plane,Uid:9d154d94c881e34144512156e922afea,Namespace:kube-system,Attempt:0,} returns sandbox id \"338e43460fd87d591230327ad0348ef14e13969f5b4bfb890d0102ad82466464\""
Sep 16 19:28:06 kind-control-plane containerd[105]: time="2023-09-16T19:28:06.830071393Z" level=info msg="CreateContainer within sandbox \"338e43460fd87d591230327ad0348ef14e13969f5b4bfb890d0102ad82466464\" for container &ContainerMetadata{Name:kube-apiserver,Attempt:0,}"
Sep 16 19:28:06 kind-control-plane containerd[105]: time="2023-09-16T19:28:06.839764719Z" level=info msg="CreateContainer within sandbox \"458fd5b0de1f95788df19808e43041ecddc9d63ddca5ad34fb3c620c5da22cec\" for container &ContainerMetadata{Name:etcd,Attempt:0,}"
Sep 16 19:28:07 kind-control-plane containerd[105]: time="2023-09-16T19:28:07.464966758Z" level=info msg="CreateContainer within sandbox \"ac32415745d57ae82a9bd236fa7ca89ca25a1ab66c7bf533dcddc61bf689147d\" for &ContainerMetadata{Name:kube-scheduler,Attempt:0,} returns container id \"0aeffde00c567eaf590f8d783c4607e9593687eef0dd4f052a3997c248a641e8\""
Sep 16 19:28:07 kind-control-plane containerd[105]: time="2023-09-16T19:28:07.486201949Z" level=info msg="StartContainer for \"0aeffde00c567eaf590f8d783c4607e9593687eef0dd4f052a3997c248a641e8\""
Sep 16 19:28:07 kind-control-plane containerd[105]: time="2023-09-16T19:28:07.495971281Z" level=info msg="CreateContainer within sandbox \"4a5fac38e6ee4ce3491ecd5d5aed7fcde2065013d5417881b31a1b7685a80ba7\" for &ContainerMetadata{Name:kube-controller-manager,Attempt:0,} returns container id \"49be2b9a635d81ab3fdd689d347face766353ccab1c65ee78e13604fc3de4102\""
Sep 16 19:28:07 kind-control-plane containerd[105]: time="2023-09-16T19:28:07.499047511Z" level=info msg="StartContainer for \"49be2b9a635d81ab3fdd689d347face766353ccab1c65ee78e13604fc3de4102\""
Sep 16 19:28:07 kind-control-plane containerd[105]: time="2023-09-16T19:28:07.632389501Z" level=info msg="CreateContainer within sandbox \"338e43460fd87d591230327ad0348ef14e13969f5b4bfb890d0102ad82466464\" for &ContainerMetadata{Name:kube-apiserver,Attempt:0,} returns container id \"9201a9cf45d75c91c65093ae1e8a3200f8e4b457bdd2f23d826da9995f92c46b\""
Sep 16 19:28:07 kind-control-plane containerd[105]: time="2023-09-16T19:28:07.636835934Z" level=info msg="StartContainer for \"9201a9cf45d75c91c65093ae1e8a3200f8e4b457bdd2f23d826da9995f92c46b\""
Sep 16 19:28:07 kind-control-plane containerd[105]: time="2023-09-16T19:28:07.728909032Z" level=info msg="StartContainer for \"49be2b9a635d81ab3fdd689d347face766353ccab1c65ee78e13604fc3de4102\" returns successfully"
Sep 16 19:28:07 kind-control-plane containerd[105]: time="2023-09-16T19:28:07.770554952Z" level=info msg="StartContainer for \"0aeffde00c567eaf590f8d783c4607e9593687eef0dd4f052a3997c248a641e8\" returns successfully"
Sep 16 19:28:07 kind-control-plane containerd[105]: time="2023-09-16T19:28:07.866416934Z" level=info msg="StartContainer for \"9201a9cf45d75c91c65093ae1e8a3200f8e4b457bdd2f23d826da9995f92c46b\" returns successfully"
Sep 16 19:28:10 kind-control-plane containerd[105]: time="2023-09-16T19:28:10.733245412Z" level=info msg="CreateContainer within sandbox \"458fd5b0de1f95788df19808e43041ecddc9d63ddca5ad34fb3c620c5da22cec\" for &ContainerMetadata{Name:etcd,Attempt:0,} returns container id \"c51715acc26e5192e2b25a2b9e59656f957cf605af1956d322ac0e796c1757ea\""
Sep 16 19:28:10 kind-control-plane containerd[105]: time="2023-09-16T19:28:10.733714548Z" level=info msg="StartContainer for \"c51715acc26e5192e2b25a2b9e59656f957cf605af1956d322ac0e796c1757ea\""
Sep 16 19:28:10 kind-control-plane containerd[105]: time="2023-09-16T19:28:10.856234427Z" level=info msg="StartContainer for \"c51715acc26e5192e2b25a2b9e59656f957cf605af1956d322ac0e796c1757ea\" returns successfully"
Sep 16 19:28:31 kind-control-plane containerd[105]: time="2023-09-16T19:28:31.887004609Z" level=info msg="No cni config template is specified, wait for other system components to drop the config."
Sep 16 19:28:32 kind-control-plane containerd[105]: time="2023-09-16T19:28:32.533610430Z" level=info msg="RunPodSandbox for &PodSandboxMetadata{Name:kindnet-7wlnl,Uid:f74c40d5-8300-4c77-9cec-ef9a3251b46e,Namespace:kube-system,Attempt:0,}"
Sep 16 19:28:32 kind-control-plane containerd[105]: time="2023-09-16T19:28:32.551550368Z" level=info msg="loading plugin \"io.containerd.event.v1.publisher\"..." runtime=io.containerd.runc.v2 type=io.containerd.event.v1
Sep 16 19:28:32 kind-control-plane containerd[105]: time="2023-09-16T19:28:32.551878292Z" level=info msg="loading plugin \"io.containerd.internal.v1.shutdown\"..." runtime=io.containerd.runc.v2 type=io.containerd.internal.v1
Sep 16 19:28:32 kind-control-plane containerd[105]: time="2023-09-16T19:28:32.551999501Z" level=info msg="loading plugin \"io.containerd.ttrpc.v1.task\"..." runtime=io.containerd.runc.v2 type=io.containerd.ttrpc.v1
Sep 16 19:28:32 kind-control-plane containerd[105]: time="2023-09-16T19:28:32.552181115Z" level=info msg="starting signal loop" namespace=k8s.io path=/run/containerd/io.containerd.runtime.v2.task/k8s.io/64b4913ca720fe5d1c2141659e09e3b90cbffe7b0dcbb0485b8133a7f0fcf56c pid=844 runtime=io.containerd.runc.v2
Sep 16 19:28:32 kind-control-plane containerd[105]: time="2023-09-16T19:28:32.575530856Z" level=info msg="RunPodSandbox for &PodSandboxMetadata{Name:kube-proxy-ttcqq,Uid:385fd6d1-ba9a-430c-9a72-396d7333f746,Namespace:kube-system,Attempt:0,}"
Sep 16 19:28:32 kind-control-plane containerd[105]: time="2023-09-16T19:28:32.602393760Z" level=info msg="loading plugin \"io.containerd.event.v1.publisher\"..." runtime=io.containerd.runc.v2 type=io.containerd.event.v1
Sep 16 19:28:32 kind-control-plane containerd[105]: time="2023-09-16T19:28:32.602605575Z" level=info msg="loading plugin \"io.containerd.internal.v1.shutdown\"..." runtime=io.containerd.runc.v2 type=io.containerd.internal.v1
Sep 16 19:28:32 kind-control-plane containerd[105]: time="2023-09-16T19:28:32.602716584Z" level=info msg="loading plugin \"io.containerd.ttrpc.v1.task\"..." runtime=io.containerd.runc.v2 type=io.containerd.ttrpc.v1
Sep 16 19:28:32 kind-control-plane containerd[105]: time="2023-09-16T19:28:32.602947801Z" level=info msg="starting signal loop" namespace=k8s.io path=/run/containerd/io.containerd.runtime.v2.task/k8s.io/f65dbc386d504caa2660040aca0adcef454fd85850a6afad4e98d973cd2b2af3 pid=869 runtime=io.containerd.runc.v2
Sep 16 19:28:32 kind-control-plane containerd[105]: time="2023-09-16T19:28:32.643130798Z" level=info msg="RunPodSandbox for &PodSandboxMetadata{Name:kube-proxy-ttcqq,Uid:385fd6d1-ba9a-430c-9a72-396d7333f746,Namespace:kube-system,Attempt:0,} returns sandbox id \"f65dbc386d504caa2660040aca0adcef454fd85850a6afad4e98d973cd2b2af3\""
Sep 16 19:28:32 kind-control-plane containerd[105]: time="2023-09-16T19:28:32.646111220Z" level=info msg="CreateContainer within sandbox \"f65dbc386d504caa2660040aca0adcef454fd85850a6afad4e98d973cd2b2af3\" for container &ContainerMetadata{Name:kube-proxy,Attempt:0,}"
Sep 16 19:28:32 kind-control-plane containerd[105]: time="2023-09-16T19:28:32.832608628Z" level=info msg="RunPodSandbox for &PodSandboxMetadata{Name:kindnet-7wlnl,Uid:f74c40d5-8300-4c77-9cec-ef9a3251b46e,Namespace:kube-system,Attempt:0,} returns sandbox id \"64b4913ca720fe5d1c2141659e09e3b90cbffe7b0dcbb0485b8133a7f0fcf56c\""
Sep 16 19:28:32 kind-control-plane containerd[105]: time="2023-09-16T19:28:32.835124916Z" level=info msg="CreateContainer within sandbox \"64b4913ca720fe5d1c2141659e09e3b90cbffe7b0dcbb0485b8133a7f0fcf56c\" for container &ContainerMetadata{Name:kindnet-cni,Attempt:0,}"
Sep 16 19:28:33 kind-control-plane containerd[105]: time="2023-09-16T19:28:33.553434085Z" level=info msg="CreateContainer within sandbox \"f65dbc386d504caa2660040aca0adcef454fd85850a6afad4e98d973cd2b2af3\" for &ContainerMetadata{Name:kube-proxy,Attempt:0,} returns container id \"cbe33d914ef281e2a4612dfe33b69d5970b6999790114603c9565f7fc41202dd\""
Sep 16 19:28:33 kind-control-plane containerd[105]: time="2023-09-16T19:28:33.563129008Z" level=info msg="StartContainer for \"cbe33d914ef281e2a4612dfe33b69d5970b6999790114603c9565f7fc41202dd\""
Sep 16 19:28:33 kind-control-plane containerd[105]: time="2023-09-16T19:28:33.929848656Z" level=info msg="StartContainer for \"cbe33d914ef281e2a4612dfe33b69d5970b6999790114603c9565f7fc41202dd\" returns successfully"
Sep 16 19:28:34 kind-control-plane containerd[105]: time="2023-09-16T19:28:34.234593783Z" level=info msg="CreateContainer within sandbox \"64b4913ca720fe5d1c2141659e09e3b90cbffe7b0dcbb0485b8133a7f0fcf56c\" for &ContainerMetadata{Name:kindnet-cni,Attempt:0,} returns container id \"6aeb9259bc571bccc57e59956051636ca9439b85bfa5d307ad1fbee93be0a81b\""
Sep 16 19:28:34 kind-control-plane containerd[105]: time="2023-09-16T19:28:34.235298535Z" level=info msg="StartContainer for \"6aeb9259bc571bccc57e59956051636ca9439b85bfa5d307ad1fbee93be0a81b\""
Sep 16 19:28:34 kind-control-plane containerd[105]: time="2023-09-16T19:28:34.686764904Z" level=info msg="StartContainer for \"6aeb9259bc571bccc57e59956051636ca9439b85bfa5d307ad1fbee93be0a81b\" returns successfully"
Sep 16 19:28:35 kind-control-plane containerd[105]: time="2023-09-16T19:28:35.275338898Z" level=error msg="failed to reload cni configuration after receiving fs change event(\"/etc/cni/net.d/10-kindnet.conflist.temp\": WRITE)" error="cni config load failed: no network config found in /etc/cni/net.d: cni plugin not initialized: failed to load cni config"
Sep 16 19:28:35 kind-control-plane containerd[105]: time="2023-09-16T19:28:35.275503610Z" level=error msg="failed to reload cni configuration after receiving fs change event(\"/etc/cni/net.d/10-kindnet.conflist.temp\": WRITE)" error="cni config load failed: no network config found in /etc/cni/net.d: cni plugin not initialized: failed to load cni config"
Sep 16 19:28:39 kind-control-plane containerd[105]: time="2023-09-16T19:28:39.581468101Z" level=info msg="RunPodSandbox for &PodSandboxMetadata{Name:coredns-565d847f94-dglpd,Uid:df958567-0ae5-4d5f-84c5-19028856c4da,Namespace:kube-system,Attempt:0,}"
Sep 16 19:28:39 kind-control-plane containerd[105]: time="2023-09-16T19:28:39.604770945Z" level=info msg="RunPodSandbox for &PodSandboxMetadata{Name:crossplane-959448d58-kpxwg,Uid:134cbce9-6010-4578-ace8-f3b93cd6452d,Namespace:crossplane-system,Attempt:0,}"
Sep 16 19:28:39 kind-control-plane containerd[105]: time="2023-09-16T19:28:39.606481973Z" level=info msg="loading plugin \"io.containerd.event.v1.publisher\"..." runtime=io.containerd.runc.v2 type=io.containerd.event.v1
Sep 16 19:28:39 kind-control-plane containerd[105]: time="2023-09-16T19:28:39.606533277Z" level=info msg="loading plugin \"io.containerd.internal.v1.shutdown\"..." runtime=io.containerd.runc.v2 type=io.containerd.internal.v1
Sep 16 19:28:39 kind-control-plane containerd[105]: time="2023-09-16T19:28:39.606545178Z" level=info msg="loading plugin \"io.containerd.ttrpc.v1.task\"..." runtime=io.containerd.runc.v2 type=io.containerd.ttrpc.v1
Sep 16 19:28:39 kind-control-plane containerd[105]: time="2023-09-16T19:28:39.608030089Z" level=info msg="starting signal loop" namespace=k8s.io path=/run/containerd/io.containerd.runtime.v2.task/k8s.io/800f6eb397066b368495f69db09939fa956ffedbf4c27c03642eaeebcfdb138e pid=1176 runtime=io.containerd.runc.v2
Sep 16 19:28:39 kind-control-plane containerd[105]: time="2023-09-16T19:28:39.642084538Z" level=info msg="loading plugin \"io.containerd.event.v1.publisher\"..." runtime=io.containerd.runc.v2 type=io.containerd.event.v1
Sep 16 19:28:39 kind-control-plane containerd[105]: time="2023-09-16T19:28:39.642116941Z" level=info msg="loading plugin \"io.containerd.internal.v1.shutdown\"..." runtime=io.containerd.runc.v2 type=io.containerd.internal.v1
Sep 16 19:28:39 kind-control-plane containerd[105]: time="2023-09-16T19:28:39.642135642Z" level=info msg="loading plugin \"io.containerd.ttrpc.v1.task\"..." runtime=io.containerd.runc.v2 type=io.containerd.ttrpc.v1
Sep 16 19:28:39 kind-control-plane containerd[105]: time="2023-09-16T19:28:39.642441565Z" level=info msg="starting signal loop" namespace=k8s.io path=/run/containerd/io.containerd.runtime.v2.task/k8s.io/73f0f44e41100a614e09793ca5c92746dd7a19730d291c1de089ac84a9c23fce pid=1226 runtime=io.containerd.runc.v2
Sep 16 19:28:39 kind-control-plane containerd[105]: time="2023-09-16T19:28:39.689775108Z" level=info msg="RunPodSandbox for &PodSandboxMetadata{Name:coredns-565d847f94-dglpd,Uid:df958567-0ae5-4d5f-84c5-19028856c4da,Namespace:kube-system,Attempt:0,} returns sandbox id \"800f6eb397066b368495f69db09939fa956ffedbf4c27c03642eaeebcfdb138e\""
Sep 16 19:28:39 kind-control-plane containerd[105]: time="2023-09-16T19:28:39.691857264Z" level=info msg="CreateContainer within sandbox \"800f6eb397066b368495f69db09939fa956ffedbf4c27c03642eaeebcfdb138e\" for container &ContainerMetadata{Name:coredns,Attempt:0,}"
Sep 16 19:28:39 kind-control-plane containerd[105]: time="2023-09-16T19:28:39.786961082Z" level=info msg="RunPodSandbox for &PodSandboxMetadata{Name:crossplane-959448d58-kpxwg,Uid:134cbce9-6010-4578-ace8-f3b93cd6452d,Namespace:crossplane-system,Attempt:0,} returns sandbox id \"73f0f44e41100a614e09793ca5c92746dd7a19730d291c1de089ac84a9c23fce\""
Sep 16 19:28:39 kind-control-plane containerd[105]: time="2023-09-16T19:28:39.791600629Z" level=info msg="PullImage \"crossplane/crossplane:v1.13.2\""
Sep 16 19:28:39 kind-control-plane containerd[105]: time="2023-09-16T19:28:39.894142604Z" level=info msg="RunPodSandbox for &PodSandboxMetadata{Name:crossplane-rbac-manager-6994f54b46-kjvnq,Uid:1295e0fd-c09c-476c-8e11-22e40a3c3e54,Namespace:crossplane-system,Attempt:0,}"
Sep 16 19:28:39 kind-control-plane containerd[105]: time="2023-09-16T19:28:39.963345684Z" level=info msg="loading plugin \"io.containerd.event.v1.publisher\"..." runtime=io.containerd.runc.v2 type=io.containerd.event.v1
Sep 16 19:28:39 kind-control-plane containerd[105]: time="2023-09-16T19:28:39.963385087Z" level=info msg="loading plugin \"io.containerd.internal.v1.shutdown\"..." runtime=io.containerd.runc.v2 type=io.containerd.internal.v1
Sep 16 19:28:39 kind-control-plane containerd[105]: time="2023-09-16T19:28:39.963394887Z" level=info msg="loading plugin \"io.containerd.ttrpc.v1.task\"..." runtime=io.containerd.runc.v2 type=io.containerd.ttrpc.v1
Sep 16 19:28:39 kind-control-plane containerd[105]: time="2023-09-16T19:28:39.963504696Z" level=info msg="starting signal loop" namespace=k8s.io path=/run/containerd/io.containerd.runtime.v2.task/k8s.io/d917fe2699ec000c9ec6ef63e9e0b93556fb306a92e81b2a3589c4df72ae5263 pid=1312 runtime=io.containerd.runc.v2
Sep 16 19:28:40 kind-control-plane containerd[105]: time="2023-09-16T19:28:40.183015725Z" level=info msg="RunPodSandbox for &PodSandboxMetadata{Name:crossplane-rbac-manager-6994f54b46-kjvnq,Uid:1295e0fd-c09c-476c-8e11-22e40a3c3e54,Namespace:crossplane-system,Attempt:0,} returns sandbox id \"d917fe2699ec000c9ec6ef63e9e0b93556fb306a92e81b2a3589c4df72ae5263\""
Sep 16 19:28:40 kind-control-plane containerd[105]: time="2023-09-16T19:28:40.184463334Z" level=info msg="RunPodSandbox for &PodSandboxMetadata{Name:local-path-provisioner-684f458cdd-p4qsz,Uid:19fea907-ddfb-4f18-9272-72673e371244,Namespace:local-path-storage,Attempt:0,}"
Sep 16 19:28:40 kind-control-plane containerd[105]: time="2023-09-16T19:28:40.201097479Z" level=info msg="CreateContainer within sandbox \"800f6eb397066b368495f69db09939fa956ffedbf4c27c03642eaeebcfdb138e\" for &ContainerMetadata{Name:coredns,Attempt:0,} returns container id \"41b2beb4b15f7b66db320bdf64870930f31e32b467632ff0d6d20ffcbfd98bbf\""
Sep 16 19:28:40 kind-control-plane containerd[105]: time="2023-09-16T19:28:40.204242514Z" level=info msg="StartContainer for \"41b2beb4b15f7b66db320bdf64870930f31e32b467632ff0d6d20ffcbfd98bbf\""
Sep 16 19:28:40 kind-control-plane containerd[105]: time="2023-09-16T19:28:40.207162133Z" level=info msg="RunPodSandbox for &PodSandboxMetadata{Name:coredns-565d847f94-4x7pb,Uid:ebd3bbee-f7fb-429e-b12b-eaff9bab0125,Namespace:kube-system,Attempt:0,}"
Sep 16 19:28:40 kind-control-plane containerd[105]: time="2023-09-16T19:28:40.223789477Z" level=info msg="loading plugin \"io.containerd.event.v1.publisher\"..." runtime=io.containerd.runc.v2 type=io.containerd.event.v1
Sep 16 19:28:40 kind-control-plane containerd[105]: time="2023-09-16T19:28:40.223822580Z" level=info msg="loading plugin \"io.containerd.internal.v1.shutdown\"..." runtime=io.containerd.runc.v2 type=io.containerd.internal.v1
Sep 16 19:28:40 kind-control-plane containerd[105]: time="2023-09-16T19:28:40.223834080Z" level=info msg="loading plugin \"io.containerd.ttrpc.v1.task\"..." runtime=io.containerd.runc.v2 type=io.containerd.ttrpc.v1
Sep 16 19:28:40 kind-control-plane containerd[105]: time="2023-09-16T19:28:40.223946689Z" level=info msg="starting signal loop" namespace=k8s.io path=/run/containerd/io.containerd.runtime.v2.task/k8s.io/82ca230c43b8404363bdbed01aa4a014d820beba8ddf7bf6bc0b5f3e7b2d263e pid=1393 runtime=io.containerd.runc.v2
Sep 16 19:28:40 kind-control-plane containerd[105]: time="2023-09-16T19:28:40.245507403Z" level=info msg="loading plugin \"io.containerd.event.v1.publisher\"..." runtime=io.containerd.runc.v2 type=io.containerd.event.v1
Sep 16 19:28:40 kind-control-plane containerd[105]: time="2023-09-16T19:28:40.245543805Z" level=info msg="loading plugin \"io.containerd.internal.v1.shutdown\"..." runtime=io.containerd.runc.v2 type=io.containerd.internal.v1
Sep 16 19:28:40 kind-control-plane containerd[105]: time="2023-09-16T19:28:40.245577708Z" level=info msg="loading plugin \"io.containerd.ttrpc.v1.task\"..." runtime=io.containerd.runc.v2 type=io.containerd.ttrpc.v1
Sep 16 19:28:40 kind-control-plane containerd[105]: time="2023-09-16T19:28:40.245741320Z" level=info msg="starting signal loop" namespace=k8s.io path=/run/containerd/io.containerd.runtime.v2.task/k8s.io/7afe41b5d392ababa57779a6620c6046087d1e1c4e4fbfa12aed39e734c9c9a0 pid=1446 runtime=io.containerd.runc.v2
Sep 16 19:28:40 kind-control-plane containerd[105]: time="2023-09-16T19:28:40.307310128Z" level=info msg="RunPodSandbox for &PodSandboxMetadata{Name:local-path-provisioner-684f458cdd-p4qsz,Uid:19fea907-ddfb-4f18-9272-72673e371244,Namespace:local-path-storage,Attempt:0,} returns sandbox id \"82ca230c43b8404363bdbed01aa4a014d820beba8ddf7bf6bc0b5f3e7b2d263e\""
Sep 16 19:28:40 kind-control-plane containerd[105]: time="2023-09-16T19:28:40.314393859Z" level=info msg="CreateContainer within sandbox \"82ca230c43b8404363bdbed01aa4a014d820beba8ddf7bf6bc0b5f3e7b2d263e\" for container &ContainerMetadata{Name:local-path-provisioner,Attempt:0,}"
Sep 16 19:28:40 kind-control-plane containerd[105]: time="2023-09-16T19:28:40.379458329Z" level=info msg="StartContainer for \"41b2beb4b15f7b66db320bdf64870930f31e32b467632ff0d6d20ffcbfd98bbf\" returns successfully"
Sep 16 19:28:40 kind-control-plane containerd[105]: time="2023-09-16T19:28:40.404458000Z" level=info msg="RunPodSandbox for &PodSandboxMetadata{Name:coredns-565d847f94-4x7pb,Uid:ebd3bbee-f7fb-429e-b12b-eaff9bab0125,Namespace:kube-system,Attempt:0,} returns sandbox id \"7afe41b5d392ababa57779a6620c6046087d1e1c4e4fbfa12aed39e734c9c9a0\""
Sep 16 19:28:40 kind-control-plane containerd[105]: time="2023-09-16T19:28:40.408214281Z" level=info msg="CreateContainer within sandbox \"7afe41b5d392ababa57779a6620c6046087d1e1c4e4fbfa12aed39e734c9c9a0\" for container &ContainerMetadata{Name:coredns,Attempt:0,}"
Sep 16 19:28:40 kind-control-plane containerd[105]: time="2023-09-16T19:28:40.417833901Z" level=info msg="CreateContainer within sandbox \"7afe41b5d392ababa57779a6620c6046087d1e1c4e4fbfa12aed39e734c9c9a0\" for &ContainerMetadata{Name:coredns,Attempt:0,} returns container id \"98ed667797b1b5cf7e18e017de555e00aaaa9e5c60d11db859b7a5d22185fd92\""
Sep 16 19:28:40 kind-control-plane containerd[105]: time="2023-09-16T19:28:40.418396643Z" level=info msg="StartContainer for \"98ed667797b1b5cf7e18e017de555e00aaaa9e5c60d11db859b7a5d22185fd92\""
Sep 16 19:28:40 kind-control-plane containerd[105]: time="2023-09-16T19:28:40.549333043Z" level=info msg="StartContainer for \"98ed667797b1b5cf7e18e017de555e00aaaa9e5c60d11db859b7a5d22185fd92\" returns successfully"
Sep 16 19:28:40 kind-control-plane containerd[105]: time="2023-09-16T19:28:40.816057707Z" level=info msg="CreateContainer within sandbox \"82ca230c43b8404363bdbed01aa4a014d820beba8ddf7bf6bc0b5f3e7b2d263e\" for &ContainerMetadata{Name:local-path-provisioner,Attempt:0,} returns container id \"a9cc763ae55c200238c86626cd9dd69f9b544d32902fd362981da04f5db635f2\""
Sep 16 19:28:40 kind-control-plane containerd[105]: time="2023-09-16T19:28:40.816796762Z" level=info msg="StartContainer for \"a9cc763ae55c200238c86626cd9dd69f9b544d32902fd362981da04f5db635f2\""
Sep 16 19:28:40 kind-control-plane containerd[105]: time="2023-09-16T19:28:40.929699213Z" level=info msg="StartContainer for \"a9cc763ae55c200238c86626cd9dd69f9b544d32902fd362981da04f5db635f2\" returns successfully"
Sep 16 19:28:42 kind-control-plane containerd[105]: time="2023-09-16T19:28:42.352207383Z" level=info msg="ImageCreate event &ImageCreate{Name:docker.io/crossplane/crossplane:v1.13.2,Labels:map[string]string{io.cri-containerd.image: managed,},XXX_unrecognized:[],}"
Sep 16 19:28:42 kind-control-plane containerd[105]: time="2023-09-16T19:28:42.354139328Z" level=info msg="ImageCreate event &ImageCreate{Name:sha256:2e6447e9860118a2be8b4cada6a2437196408616f1e309552f9e633ef490eda7,Labels:map[string]string{io.cri-containerd.image: managed,},XXX_unrecognized:[],}"
Sep 16 19:28:42 kind-control-plane containerd[105]: time="2023-09-16T19:28:42.362321540Z" level=info msg="ImageUpdate event &ImageUpdate{Name:docker.io/crossplane/crossplane:v1.13.2,Labels:map[string]string{io.cri-containerd.image: managed,},XXX_unrecognized:[],}"
Sep 16 19:28:42 kind-control-plane containerd[105]: time="2023-09-16T19:28:42.363693043Z" level=info msg="ImageCreate event &ImageCreate{Name:docker.io/crossplane/crossplane@sha256:c3fe9fa1480a180e7a9e3246ba644a844bc438f12c472cf30d4b03b3b9edde78,Labels:map[string]string{io.cri-containerd.image: managed,},XXX_unrecognized:[],}"
Sep 16 19:28:42 kind-control-plane containerd[105]: time="2023-09-16T19:28:42.364843929Z" level=info msg="PullImage \"crossplane/crossplane:v1.13.2\" returns image reference \"sha256:2e6447e9860118a2be8b4cada6a2437196408616f1e309552f9e633ef490eda7\""
Sep 16 19:28:42 kind-control-plane containerd[105]: time="2023-09-16T19:28:42.367857755Z" level=info msg="PullImage \"crossplane/crossplane:v1.13.2\""
Sep 16 19:28:42 kind-control-plane containerd[105]: time="2023-09-16T19:28:42.372731919Z" level=info msg="CreateContainer within sandbox \"73f0f44e41100a614e09793ca5c92746dd7a19730d291c1de089ac84a9c23fce\" for container &ContainerMetadata{Name:crossplane-init,Attempt:0,}"
Sep 16 19:28:42 kind-control-plane containerd[105]: time="2023-09-16T19:28:42.394992886Z" level=info msg="CreateContainer within sandbox \"73f0f44e41100a614e09793ca5c92746dd7a19730d291c1de089ac84a9c23fce\" for &ContainerMetadata{Name:crossplane-init,Attempt:0,} returns container id \"1f56689943ae791184405680703ee51510562aac0a7ba5ef85a172de1a165753\""
Sep 16 19:28:42 kind-control-plane containerd[105]: time="2023-09-16T19:28:42.395573129Z" level=info msg="StartContainer for \"1f56689943ae791184405680703ee51510562aac0a7ba5ef85a172de1a165753\""
Sep 16 19:28:42 kind-control-plane containerd[105]: time="2023-09-16T19:28:42.786602396Z" level=info msg="StartContainer for \"1f56689943ae791184405680703ee51510562aac0a7ba5ef85a172de1a165753\" returns successfully"
Sep 16 19:28:42 kind-control-plane containerd[105]: time="2023-09-16T19:28:42.927762062Z" level=info msg="ImageUpdate event &ImageUpdate{Name:docker.io/crossplane/crossplane:v1.13.2,Labels:map[string]string{io.cri-containerd.image: managed,},XXX_unrecognized:[],}"
Sep 16 19:28:42 kind-control-plane containerd[105]: time="2023-09-16T19:28:42.928862344Z" level=info msg="ImageUpdate event &ImageUpdate{Name:sha256:2e6447e9860118a2be8b4cada6a2437196408616f1e309552f9e633ef490eda7,Labels:map[string]string{io.cri-containerd.image: managed,},XXX_unrecognized:[],}"
Sep 16 19:28:42 kind-control-plane containerd[105]: time="2023-09-16T19:28:42.930809790Z" level=info msg="ImageUpdate event &ImageUpdate{Name:docker.io/crossplane/crossplane:v1.13.2,Labels:map[string]string{io.cri-containerd.image: managed,},XXX_unrecognized:[],}"
Sep 16 19:28:42 kind-control-plane containerd[105]: time="2023-09-16T19:28:42.932657728Z" level=info msg="ImageUpdate event &ImageUpdate{Name:docker.io/crossplane/crossplane@sha256:c3fe9fa1480a180e7a9e3246ba644a844bc438f12c472cf30d4b03b3b9edde78,Labels:map[string]string{io.cri-containerd.image: managed,},XXX_unrecognized:[],}"
Sep 16 19:28:42 kind-control-plane containerd[105]: time="2023-09-16T19:28:42.933505292Z" level=info msg="PullImage \"crossplane/crossplane:v1.13.2\" returns image reference \"sha256:2e6447e9860118a2be8b4cada6a2437196408616f1e309552f9e633ef490eda7\""
Sep 16 19:28:42 kind-control-plane containerd[105]: time="2023-09-16T19:28:42.935690755Z" level=info msg="CreateContainer within sandbox \"d917fe2699ec000c9ec6ef63e9e0b93556fb306a92e81b2a3589c4df72ae5263\" for container &ContainerMetadata{Name:crossplane-init,Attempt:0,}"
Sep 16 19:28:42 kind-control-plane containerd[105]: time="2023-09-16T19:28:42.959203715Z" level=info msg="CreateContainer within sandbox \"d917fe2699ec000c9ec6ef63e9e0b93556fb306a92e81b2a3589c4df72ae5263\" for &ContainerMetadata{Name:crossplane-init,Attempt:0,} returns container id \"26ad69ffd974d7f4c723ce78f50b12a9a8ae244988730568adff0ed642ca0eab\""
Sep 16 19:28:42 kind-control-plane containerd[105]: time="2023-09-16T19:28:42.959726054Z" level=info msg="StartContainer for \"26ad69ffd974d7f4c723ce78f50b12a9a8ae244988730568adff0ed642ca0eab\""
Sep 16 19:28:43 kind-control-plane containerd[105]: time="2023-09-16T19:28:43.392833071Z" level=info msg="StartContainer for \"26ad69ffd974d7f4c723ce78f50b12a9a8ae244988730568adff0ed642ca0eab\" returns successfully"
Sep 16 19:28:50 kind-control-plane containerd[105]: time="2023-09-16T19:28:50.793624412Z" level=info msg="shim disconnected" id=26ad69ffd974d7f4c723ce78f50b12a9a8ae244988730568adff0ed642ca0eab
Sep 16 19:28:50 kind-control-plane containerd[105]: time="2023-09-16T19:28:50.794185154Z" level=warning msg="cleaning up after shim disconnected" id=26ad69ffd974d7f4c723ce78f50b12a9a8ae244988730568adff0ed642ca0eab namespace=k8s.io
Sep 16 19:28:50 kind-control-plane containerd[105]: time="2023-09-16T19:28:50.794281261Z" level=info msg="cleaning up dead shim"
Sep 16 19:28:50 kind-control-plane containerd[105]: time="2023-09-16T19:28:50.803705464Z" level=warning msg="cleanup warnings time=\"2023-09-16T19:28:50Z\" level=info msg=\"starting signal loop\" namespace=k8s.io pid=1863 runtime=io.containerd.runc.v2\n"
Sep 16 19:28:51 kind-control-plane containerd[105]: time="2023-09-16T19:28:51.377334561Z" level=info msg="CreateContainer within sandbox \"d917fe2699ec000c9ec6ef63e9e0b93556fb306a92e81b2a3589c4df72ae5263\" for container &ContainerMetadata{Name:crossplane,Attempt:0,}"
Sep 16 19:28:51 kind-control-plane containerd[105]: time="2023-09-16T19:28:51.387478617Z" level=info msg="CreateContainer within sandbox \"d917fe2699ec000c9ec6ef63e9e0b93556fb306a92e81b2a3589c4df72ae5263\" for &ContainerMetadata{Name:crossplane,Attempt:0,} returns container id \"9e05d051a2e4415e3ffc18281d484553aec4c838ee0be1f29bb23d218a491f79\""
Sep 16 19:28:51 kind-control-plane containerd[105]: time="2023-09-16T19:28:51.388587700Z" level=info msg="StartContainer for \"9e05d051a2e4415e3ffc18281d484553aec4c838ee0be1f29bb23d218a491f79\""
Sep 16 19:28:51 kind-control-plane containerd[105]: time="2023-09-16T19:28:51.973706454Z" level=info msg="StartContainer for \"9e05d051a2e4415e3ffc18281d484553aec4c838ee0be1f29bb23d218a491f79\" returns successfully"
Sep 16 19:28:52 kind-control-plane containerd[105]: time="2023-09-16T19:28:52.692366870Z" level=info msg="shim disconnected" id=1f56689943ae791184405680703ee51510562aac0a7ba5ef85a172de1a165753
Sep 16 19:28:52 kind-control-plane containerd[105]: time="2023-09-16T19:28:52.692415174Z" level=warning msg="cleaning up after shim disconnected" id=1f56689943ae791184405680703ee51510562aac0a7ba5ef85a172de1a165753 namespace=k8s.io
Sep 16 19:28:52 kind-control-plane containerd[105]: time="2023-09-16T19:28:52.692425775Z" level=info msg="cleaning up dead shim"
Sep 16 19:28:52 kind-control-plane containerd[105]: time="2023-09-16T19:28:52.701638462Z" level=warning msg="cleanup warnings time=\"2023-09-16T19:28:52Z\" level=info msg=\"starting signal loop\" namespace=k8s.io pid=1930 runtime=io.containerd.runc.v2\n"
Sep 16 19:28:53 kind-control-plane containerd[105]: time="2023-09-16T19:28:53.383759953Z" level=info msg="CreateContainer within sandbox \"73f0f44e41100a614e09793ca5c92746dd7a19730d291c1de089ac84a9c23fce\" for container &ContainerMetadata{Name:crossplane,Attempt:0,}"
Sep 16 19:28:53 kind-control-plane containerd[105]: time="2023-09-16T19:28:53.396011967Z" level=info msg="CreateContainer within sandbox \"73f0f44e41100a614e09793ca5c92746dd7a19730d291c1de089ac84a9c23fce\" for &ContainerMetadata{Name:crossplane,Attempt:0,} returns container id \"76a182b91f282c7871fb9e5c7374179f1a69c8fb6ccd0cf9466c325489e7ae49\""
Sep 16 19:28:53 kind-control-plane containerd[105]: time="2023-09-16T19:28:53.396796025Z" level=info msg="StartContainer for \"76a182b91f282c7871fb9e5c7374179f1a69c8fb6ccd0cf9466c325489e7ae49\""
Sep 16 19:28:53 kind-control-plane containerd[105]: time="2023-09-16T19:28:53.887964368Z" level=info msg="StartContainer for \"76a182b91f282c7871fb9e5c7374179f1a69c8fb6ccd0cf9466c325489e7ae49\" returns successfully"
Sep 16 19:29:05 kind-control-plane containerd[105]: time="2023-09-16T19:29:05.738642327Z" level=info msg="RunPodSandbox for &PodSandboxMetadata{Name:crossplane-provider-helm-503c3591121b-56db69cb7b-f55wh,Uid:000f4412-38de-43a6-a050-cc4a5a63c015,Namespace:crossplane-system,Attempt:0,}"
Sep 16 19:29:05 kind-control-plane containerd[105]: time="2023-09-16T19:29:05.744846790Z" level=info msg="RunPodSandbox for &PodSandboxMetadata{Name:provider-civo-9dbccd3c9470-6975576b8b-6fdg7,Uid:cba970ef-2c58-4e67-8948-12ba7a51b480,Namespace:crossplane-system,Attempt:0,}"
Sep 16 19:29:05 kind-control-plane containerd[105]: time="2023-09-16T19:29:05.772200830Z" level=info msg="loading plugin \"io.containerd.event.v1.publisher\"..." runtime=io.containerd.runc.v2 type=io.containerd.event.v1
Sep 16 19:29:05 kind-control-plane containerd[105]: time="2023-09-16T19:29:05.772436248Z" level=info msg="loading plugin \"io.containerd.internal.v1.shutdown\"..." runtime=io.containerd.runc.v2 type=io.containerd.internal.v1
Sep 16 19:29:05 kind-control-plane containerd[105]: time="2023-09-16T19:29:05.772583559Z" level=info msg="loading plugin \"io.containerd.ttrpc.v1.task\"..." runtime=io.containerd.runc.v2 type=io.containerd.ttrpc.v1
Sep 16 19:29:05 kind-control-plane containerd[105]: time="2023-09-16T19:29:05.772804375Z" level=info msg="starting signal loop" namespace=k8s.io path=/run/containerd/io.containerd.runtime.v2.task/k8s.io/c6b35bfc95c5fe6698c3a918bc838385410f4b691592a8aa5a309b9f7db701f0 pid=2066 runtime=io.containerd.runc.v2
Sep 16 19:29:05 kind-control-plane containerd[105]: time="2023-09-16T19:29:05.796150916Z" level=info msg="loading plugin \"io.containerd.event.v1.publisher\"..." runtime=io.containerd.runc.v2 type=io.containerd.event.v1
Sep 16 19:29:05 kind-control-plane containerd[105]: time="2023-09-16T19:29:05.796188619Z" level=info msg="loading plugin \"io.containerd.internal.v1.shutdown\"..." runtime=io.containerd.runc.v2 type=io.containerd.internal.v1
Sep 16 19:29:05 kind-control-plane containerd[105]: time="2023-09-16T19:29:05.796369833Z" level=info msg="loading plugin \"io.containerd.ttrpc.v1.task\"..." runtime=io.containerd.runc.v2 type=io.containerd.ttrpc.v1
Sep 16 19:29:05 kind-control-plane containerd[105]: time="2023-09-16T19:29:05.796752161Z" level=info msg="starting signal loop" namespace=k8s.io path=/run/containerd/io.containerd.runtime.v2.task/k8s.io/cf178552f0a8cd435d07b5874b3fb5b74dc6aced478023b4b4ad85794ee9f26b pid=2099 runtime=io.containerd.runc.v2
Sep 16 19:29:05 kind-control-plane containerd[105]: time="2023-09-16T19:29:05.885381771Z" level=info msg="RunPodSandbox for &PodSandboxMetadata{Name:crossplane-provider-helm-503c3591121b-56db69cb7b-f55wh,Uid:000f4412-38de-43a6-a050-cc4a5a63c015,Namespace:crossplane-system,Attempt:0,} returns sandbox id \"c6b35bfc95c5fe6698c3a918bc838385410f4b691592a8aa5a309b9f7db701f0\""
Sep 16 19:29:05 kind-control-plane containerd[105]: time="2023-09-16T19:29:05.888422698Z" level=info msg="PullImage \"xpkg.upbound.io/crossplane-contrib/provider-helm:v0.15.0\""
Sep 16 19:29:05 kind-control-plane containerd[105]: time="2023-09-16T19:29:05.896553404Z" level=info msg="RunPodSandbox for &PodSandboxMetadata{Name:provider-civo-9dbccd3c9470-6975576b8b-6fdg7,Uid:cba970ef-2c58-4e67-8948-12ba7a51b480,Namespace:crossplane-system,Attempt:0,} returns sandbox id \"cf178552f0a8cd435d07b5874b3fb5b74dc6aced478023b4b4ad85794ee9f26b\""
Sep 16 19:29:07 kind-control-plane containerd[105]: time="2023-09-16T19:29:07.347695527Z" level=info msg="ImageCreate event &ImageCreate{Name:xpkg.upbound.io/crossplane-contrib/provider-helm:v0.15.0,Labels:map[string]string{io.cri-containerd.image: managed,},XXX_unrecognized:[],}"
Sep 16 19:29:07 kind-control-plane containerd[105]: time="2023-09-16T19:29:07.349901192Z" level=info msg="ImageCreate event &ImageCreate{Name:sha256:e881fd0d52c20d6dc7a37dbc7ded38806c442a6ac83238ed28dca5f12efd0e2c,Labels:map[string]string{io.cri-containerd.image: managed,},XXX_unrecognized:[],}"
Sep 16 19:29:07 kind-control-plane containerd[105]: time="2023-09-16T19:29:07.351663923Z" level=info msg="ImageUpdate event &ImageUpdate{Name:xpkg.upbound.io/crossplane-contrib/provider-helm:v0.15.0,Labels:map[string]string{io.cri-containerd.image: managed,},XXX_unrecognized:[],}"
Sep 16 19:29:07 kind-control-plane containerd[105]: time="2023-09-16T19:29:07.353052127Z" level=info msg="ImageCreate event &ImageCreate{Name:xpkg.upbound.io/crossplane-contrib/provider-helm@sha256:503c3591121b949504d7a9f1c25abb2d77d0d2cd9fc6c023557430c7da0b1fbc,Labels:map[string]string{io.cri-containerd.image: managed,},XXX_unrecognized:[],}"
Sep 16 19:29:07 kind-control-plane containerd[105]: time="2023-09-16T19:29:07.353871988Z" level=info msg="PullImage \"xpkg.upbound.io/crossplane-contrib/provider-helm:v0.15.0\" returns image reference \"sha256:e881fd0d52c20d6dc7a37dbc7ded38806c442a6ac83238ed28dca5f12efd0e2c\""
Sep 16 19:29:07 kind-control-plane containerd[105]: time="2023-09-16T19:29:07.355386801Z" level=info msg="PullImage \"xpkg.upbound.io/civo/provider-civo:v0.1\""
Sep 16 19:29:07 kind-control-plane containerd[105]: time="2023-09-16T19:29:07.358155507Z" level=info msg="CreateContainer within sandbox \"c6b35bfc95c5fe6698c3a918bc838385410f4b691592a8aa5a309b9f7db701f0\" for container &ContainerMetadata{Name:provider-helm,Attempt:0,}"
Sep 16 19:29:07 kind-control-plane containerd[105]: time="2023-09-16T19:29:07.368146953Z" level=info msg="CreateContainer within sandbox \"c6b35bfc95c5fe6698c3a918bc838385410f4b691592a8aa5a309b9f7db701f0\" for &ContainerMetadata{Name:provider-helm,Attempt:0,} returns container id \"81cae5218de317e187fa11a948a647d8cf9caf6c6ea0945ab37e2cda7b083c2d\""
Sep 16 19:29:07 kind-control-plane containerd[105]: time="2023-09-16T19:29:07.368590486Z" level=info msg="StartContainer for \"81cae5218de317e187fa11a948a647d8cf9caf6c6ea0945ab37e2cda7b083c2d\""
Sep 16 19:29:07 kind-control-plane containerd[105]: time="2023-09-16T19:29:07.487891583Z" level=info msg="StartContainer for \"81cae5218de317e187fa11a948a647d8cf9caf6c6ea0945ab37e2cda7b083c2d\" returns successfully"
Sep 16 19:29:08 kind-control-plane containerd[105]: time="2023-09-16T19:29:08.582183893Z" level=info msg="ImageCreate event &ImageCreate{Name:xpkg.upbound.io/civo/provider-civo:v0.1,Labels:map[string]string{io.cri-containerd.image: managed,},XXX_unrecognized:[],}"
Sep 16 19:29:08 kind-control-plane containerd[105]: time="2023-09-16T19:29:08.583302376Z" level=info msg="ImageCreate event &ImageCreate{Name:sha256:0908e924573691a9924ca9e88cab8638329feacf2658882a528998eb0f44d6c5,Labels:map[string]string{io.cri-containerd.image: managed,},XXX_unrecognized:[],}"
Sep 16 19:29:08 kind-control-plane containerd[105]: time="2023-09-16T19:29:08.584671779Z" level=info msg="ImageUpdate event &ImageUpdate{Name:xpkg.upbound.io/civo/provider-civo:v0.1,Labels:map[string]string{io.cri-containerd.image: managed,},XXX_unrecognized:[],}"
Sep 16 19:29:08 kind-control-plane containerd[105]: time="2023-09-16T19:29:08.585654552Z" level=info msg="ImageCreate event &ImageCreate{Name:xpkg.upbound.io/civo/provider-civo@sha256:9dbccd3c9470f3d7aad95b1b74f72578e1f8c13a9b2c1a0af8c08e1f5bbe04c4,Labels:map[string]string{io.cri-containerd.image: managed,},XXX_unrecognized:[],}"
Sep 16 19:29:08 kind-control-plane containerd[105]: time="2023-09-16T19:29:08.586255697Z" level=info msg="PullImage \"xpkg.upbound.io/civo/provider-civo:v0.1\" returns image reference \"sha256:0908e924573691a9924ca9e88cab8638329feacf2658882a528998eb0f44d6c5\""
Sep 16 19:29:08 kind-control-plane containerd[105]: time="2023-09-16T19:29:08.587879018Z" level=info msg="CreateContainer within sandbox \"cf178552f0a8cd435d07b5874b3fb5b74dc6aced478023b4b4ad85794ee9f26b\" for container &ContainerMetadata{Name:provider-civo,Attempt:0,}"
Sep 16 19:29:08 kind-control-plane containerd[105]: time="2023-09-16T19:29:08.610418199Z" level=info msg="CreateContainer within sandbox \"cf178552f0a8cd435d07b5874b3fb5b74dc6aced478023b4b4ad85794ee9f26b\" for &ContainerMetadata{Name:provider-civo,Attempt:0,} returns container id \"d14a4ac01c74a63063373e53f5148c716c19152ee44d915d00f69f914e3d9cfb\""
Sep 16 19:29:08 kind-control-plane containerd[105]: time="2023-09-16T19:29:08.611122751Z" level=info msg="StartContainer for \"d14a4ac01c74a63063373e53f5148c716c19152ee44d915d00f69f914e3d9cfb\""
Sep 16 19:29:08 kind-control-plane containerd[105]: time="2023-09-16T19:29:08.737740094Z" level=info msg="StartContainer for \"d14a4ac01c74a63063373e53f5148c716c19152ee44d915d00f69f914e3d9cfb\" returns successfully"
Sep 16 19:29:15 kind-control-plane containerd[105]: time="2023-09-16T19:29:15.469735698Z" level=info msg="RunPodSandbox for &PodSandboxMetadata{Name:crossplane-provider-kubernetes-fd7ab5be249e-7b66cb845b-stwd6,Uid:bf7678bb-37de-450f-9c15-4e2f05124402,Namespace:crossplane-system,Attempt:0,}"
Sep 16 19:29:15 kind-control-plane containerd[105]: time="2023-09-16T19:29:15.514218215Z" level=info msg="loading plugin \"io.containerd.event.v1.publisher\"..." runtime=io.containerd.runc.v2 type=io.containerd.event.v1
Sep 16 19:29:15 kind-control-plane containerd[105]: time="2023-09-16T19:29:15.514286120Z" level=info msg="loading plugin \"io.containerd.internal.v1.shutdown\"..." runtime=io.containerd.runc.v2 type=io.containerd.internal.v1
Sep 16 19:29:15 kind-control-plane containerd[105]: time="2023-09-16T19:29:15.514315122Z" level=info msg="loading plugin \"io.containerd.ttrpc.v1.task\"..." runtime=io.containerd.runc.v2 type=io.containerd.ttrpc.v1
Sep 16 19:29:15 kind-control-plane containerd[105]: time="2023-09-16T19:29:15.514423730Z" level=info msg="starting signal loop" namespace=k8s.io path=/run/containerd/io.containerd.runtime.v2.task/k8s.io/18e11d9cf8d50f932fd9b2efa77ddc99d161ad01d22746c4ca348f4deabe985c pid=2390 runtime=io.containerd.runc.v2
Sep 16 19:29:15 kind-control-plane containerd[105]: time="2023-09-16T19:29:15.597500525Z" level=info msg="RunPodSandbox for &PodSandboxMetadata{Name:crossplane-provider-kubernetes-fd7ab5be249e-7b66cb845b-stwd6,Uid:bf7678bb-37de-450f-9c15-4e2f05124402,Namespace:crossplane-system,Attempt:0,} returns sandbox id \"18e11d9cf8d50f932fd9b2efa77ddc99d161ad01d22746c4ca348f4deabe985c\""
Sep 16 19:29:15 kind-control-plane containerd[105]: time="2023-09-16T19:29:15.599259256Z" level=info msg="PullImage \"xpkg.upbound.io/crossplane-contrib/provider-kubernetes:v0.9.0\""
Sep 16 19:29:16 kind-control-plane containerd[105]: time="2023-09-16T19:29:16.258561719Z" level=info msg="RunPodSandbox for &PodSandboxMetadata{Name:upbound-provider-family-aws-710d8cfe9f53-6455458768-wpnq2,Uid:2d78f277-7013-4dd6-8679-7035000b083c,Namespace:crossplane-system,Attempt:0,}"
Sep 16 19:29:16 kind-control-plane containerd[105]: time="2023-09-16T19:29:16.323339749Z" level=info msg="loading plugin \"io.containerd.event.v1.publisher\"..." runtime=io.containerd.runc.v2 type=io.containerd.event.v1
Sep 16 19:29:16 kind-control-plane containerd[105]: time="2023-09-16T19:29:16.323375152Z" level=info msg="loading plugin \"io.containerd.internal.v1.shutdown\"..." runtime=io.containerd.runc.v2 type=io.containerd.internal.v1
Sep 16 19:29:16 kind-control-plane containerd[105]: time="2023-09-16T19:29:16.323385453Z" level=info msg="loading plugin \"io.containerd.ttrpc.v1.task\"..." runtime=io.containerd.runc.v2 type=io.containerd.ttrpc.v1
Sep 16 19:29:16 kind-control-plane containerd[105]: time="2023-09-16T19:29:16.323608569Z" level=info msg="starting signal loop" namespace=k8s.io path=/run/containerd/io.containerd.runtime.v2.task/k8s.io/dd21f39bce799f89fb50b1be6ce8563ed9748db0eb8d28a3937e82a1d32a82e8 pid=2507 runtime=io.containerd.runc.v2
Sep 16 19:29:17 kind-control-plane containerd[105]: time="2023-09-16T19:29:17.058988605Z" level=info msg="ImageCreate event &ImageCreate{Name:xpkg.upbound.io/crossplane-contrib/provider-kubernetes:v0.9.0,Labels:map[string]string{io.cri-containerd.image: managed,},XXX_unrecognized:[],}"
Sep 16 19:29:17 kind-control-plane containerd[105]: time="2023-09-16T19:29:17.060905948Z" level=info msg="ImageCreate event &ImageCreate{Name:sha256:cda9c4e58353238eaea383e6a9dba50166910d471225de702abc729286275114,Labels:map[string]string{io.cri-containerd.image: managed,},XXX_unrecognized:[],}"
Sep 16 19:29:17 kind-control-plane containerd[105]: time="2023-09-16T19:29:17.062546371Z" level=info msg="ImageUpdate event &ImageUpdate{Name:xpkg.upbound.io/crossplane-contrib/provider-kubernetes:v0.9.0,Labels:map[string]string{io.cri-containerd.image: managed,},XXX_unrecognized:[],}"
Sep 16 19:29:17 kind-control-plane containerd[105]: time="2023-09-16T19:29:17.064167091Z" level=info msg="ImageCreate event &ImageCreate{Name:xpkg.upbound.io/crossplane-contrib/provider-kubernetes@sha256:fd7ab5be249eae5458263ce4716925b0f25b93bba58abaa3088dc314aedd547c,Labels:map[string]string{io.cri-containerd.image: managed,},XXX_unrecognized:[],}"
Sep 16 19:29:17 kind-control-plane containerd[105]: time="2023-09-16T19:29:17.064419810Z" level=info msg="PullImage \"xpkg.upbound.io/crossplane-contrib/provider-kubernetes:v0.9.0\" returns image reference \"sha256:cda9c4e58353238eaea383e6a9dba50166910d471225de702abc729286275114\""
Sep 16 19:29:17 kind-control-plane containerd[105]: time="2023-09-16T19:29:17.066231245Z" level=info msg="CreateContainer within sandbox \"18e11d9cf8d50f932fd9b2efa77ddc99d161ad01d22746c4ca348f4deabe985c\" for container &ContainerMetadata{Name:provider-kubernetes,Attempt:0,}"
Sep 16 19:29:17 kind-control-plane containerd[105]: time="2023-09-16T19:29:17.078611969Z" level=info msg="CreateContainer within sandbox \"18e11d9cf8d50f932fd9b2efa77ddc99d161ad01d22746c4ca348f4deabe985c\" for &ContainerMetadata{Name:provider-kubernetes,Attempt:0,} returns container id \"30a1ef18f16dd6be0eaf90ec5c9e9ee1b1a57d40123d673cdd8b252f79849031\""
Sep 16 19:29:17 kind-control-plane containerd[105]: time="2023-09-16T19:29:17.079609843Z" level=info msg="StartContainer for \"30a1ef18f16dd6be0eaf90ec5c9e9ee1b1a57d40123d673cdd8b252f79849031\""
Sep 16 19:29:17 kind-control-plane containerd[105]: time="2023-09-16T19:29:17.618059294Z" level=info msg="RunPodSandbox for &PodSandboxMetadata{Name:upbound-provider-family-aws-710d8cfe9f53-6455458768-wpnq2,Uid:2d78f277-7013-4dd6-8679-7035000b083c,Namespace:crossplane-system,Attempt:0,} returns sandbox id \"dd21f39bce799f89fb50b1be6ce8563ed9748db0eb8d28a3937e82a1d32a82e8\""
Sep 16 19:29:17 kind-control-plane containerd[105]: time="2023-09-16T19:29:17.619691816Z" level=info msg="PullImage \"xpkg.upbound.io/upbound/provider-family-aws:v0.40.0\""
Sep 16 19:29:17 kind-control-plane containerd[105]: time="2023-09-16T19:29:17.747121118Z" level=info msg="StartContainer for \"30a1ef18f16dd6be0eaf90ec5c9e9ee1b1a57d40123d673cdd8b252f79849031\" returns successfully"
Sep 16 19:29:17 kind-control-plane containerd[105]: time="2023-09-16T19:29:17.809593476Z" level=info msg="RunPodSandbox for &PodSandboxMetadata{Name:provider-aws-eks-511855a80bcd-fbfb78b56-9ppw7,Uid:def0d2cd-6b9b-4742-aecd-25733c1d3ffa,Namespace:crossplane-system,Attempt:0,}"
Sep 16 19:29:17 kind-control-plane containerd[105]: time="2023-09-16T19:29:17.848685191Z" level=info msg="loading plugin \"io.containerd.event.v1.publisher\"..." runtime=io.containerd.runc.v2 type=io.containerd.event.v1
Sep 16 19:29:17 kind-control-plane containerd[105]: time="2023-09-16T19:29:17.848837703Z" level=info msg="loading plugin \"io.containerd.internal.v1.shutdown\"..." runtime=io.containerd.runc.v2 type=io.containerd.internal.v1
Sep 16 19:29:17 kind-control-plane containerd[105]: time="2023-09-16T19:29:17.848909508Z" level=info msg="loading plugin \"io.containerd.ttrpc.v1.task\"..." runtime=io.containerd.runc.v2 type=io.containerd.ttrpc.v1
Sep 16 19:29:17 kind-control-plane containerd[105]: time="2023-09-16T19:29:17.849078521Z" level=info msg="starting signal loop" namespace=k8s.io path=/run/containerd/io.containerd.runtime.v2.task/k8s.io/4ebda5748d1687705904d3d3b9540933a1b5458a5a2a82f2652d63b3d2ed35f8 pid=2651 runtime=io.containerd.runc.v2
Sep 16 19:29:17 kind-control-plane containerd[105]: time="2023-09-16T19:29:17.990030532Z" level=info msg="RunPodSandbox for &PodSandboxMetadata{Name:provider-aws-eks-511855a80bcd-fbfb78b56-9ppw7,Uid:def0d2cd-6b9b-4742-aecd-25733c1d3ffa,Namespace:crossplane-system,Attempt:0,} returns sandbox id \"4ebda5748d1687705904d3d3b9540933a1b5458a5a2a82f2652d63b3d2ed35f8\""
Sep 16 19:29:18 kind-control-plane containerd[105]: time="2023-09-16T19:29:18.166384585Z" level=info msg="RunPodSandbox for &PodSandboxMetadata{Name:provider-aws-iam-09f2fb02dd6e-79f9f8d5ff-45646,Uid:1ea14b3d-0507-418c-8985-a2406bda1cbd,Namespace:crossplane-system,Attempt:0,}"
Sep 16 19:29:18 kind-control-plane containerd[105]: time="2023-09-16T19:29:18.213423094Z" level=info msg="loading plugin \"io.containerd.event.v1.publisher\"..." runtime=io.containerd.runc.v2 type=io.containerd.event.v1
Sep 16 19:29:18 kind-control-plane containerd[105]: time="2023-09-16T19:29:18.213609607Z" level=info msg="loading plugin \"io.containerd.internal.v1.shutdown\"..." runtime=io.containerd.runc.v2 type=io.containerd.internal.v1
Sep 16 19:29:18 kind-control-plane containerd[105]: time="2023-09-16T19:29:18.213683513Z" level=info msg="loading plugin \"io.containerd.ttrpc.v1.task\"..." runtime=io.containerd.runc.v2 type=io.containerd.ttrpc.v1
Sep 16 19:29:18 kind-control-plane containerd[105]: time="2023-09-16T19:29:18.213876127Z" level=info msg="starting signal loop" namespace=k8s.io path=/run/containerd/io.containerd.runtime.v2.task/k8s.io/43a18623fd714029b8ad688f8d986e20f3802137048ed83ce7a52812d5db091b pid=2743 runtime=io.containerd.runc.v2
Sep 16 19:29:18 kind-control-plane containerd[105]: time="2023-09-16T19:29:18.307489709Z" level=info msg="RunPodSandbox for &PodSandboxMetadata{Name:provider-aws-iam-09f2fb02dd6e-79f9f8d5ff-45646,Uid:1ea14b3d-0507-418c-8985-a2406bda1cbd,Namespace:crossplane-system,Attempt:0,} returns sandbox id \"43a18623fd714029b8ad688f8d986e20f3802137048ed83ce7a52812d5db091b\""
Sep 16 19:29:27 kind-control-plane containerd[105]: time="2023-09-16T19:29:27.150003673Z" level=info msg="ImageCreate event &ImageCreate{Name:xpkg.upbound.io/upbound/provider-family-aws:v0.40.0,Labels:map[string]string{io.cri-containerd.image: managed,},XXX_unrecognized:[],}"
Sep 16 19:29:27 kind-control-plane containerd[105]: time="2023-09-16T19:29:27.151431080Z" level=info msg="ImageCreate event &ImageCreate{Name:sha256:d5d52e5654fe65ed6a854bcee9043c58217c6cb4eb5e7101abd101fa6a8da668,Labels:map[string]string{io.cri-containerd.image: managed,},XXX_unrecognized:[],}"
Sep 16 19:29:27 kind-control-plane containerd[105]: time="2023-09-16T19:29:27.153211613Z" level=info msg="ImageUpdate event &ImageUpdate{Name:xpkg.upbound.io/upbound/provider-family-aws:v0.40.0,Labels:map[string]string{io.cri-containerd.image: managed,},XXX_unrecognized:[],}"
Sep 16 19:29:27 kind-control-plane containerd[105]: time="2023-09-16T19:29:27.155596191Z" level=info msg="ImageCreate event &ImageCreate{Name:xpkg.upbound.io/upbound/provider-family-aws@sha256:710d8cfe9f535488c9fd97a3976c7453be740ccdb5324b6329d7744cb4b7b8df,Labels:map[string]string{io.cri-containerd.image: managed,},XXX_unrecognized:[],}"
Sep 16 19:29:27 kind-control-plane containerd[105]: time="2023-09-16T19:29:27.156668672Z" level=info msg="PullImage \"xpkg.upbound.io/upbound/provider-family-aws:v0.40.0\" returns image reference \"sha256:d5d52e5654fe65ed6a854bcee9043c58217c6cb4eb5e7101abd101fa6a8da668\""
Sep 16 19:29:27 kind-control-plane containerd[105]: time="2023-09-16T19:29:27.158387800Z" level=info msg="PullImage \"xpkg.upbound.io/upbound/provider-aws-eks:v0.36.0\""
Sep 16 19:29:27 kind-control-plane containerd[105]: time="2023-09-16T19:29:27.159372474Z" level=info msg="CreateContainer within sandbox \"dd21f39bce799f89fb50b1be6ce8563ed9748db0eb8d28a3937e82a1d32a82e8\" for container &ContainerMetadata{Name:provider-family-aws,Attempt:0,}"
Sep 16 19:29:27 kind-control-plane containerd[105]: time="2023-09-16T19:29:27.171907211Z" level=info msg="CreateContainer within sandbox \"dd21f39bce799f89fb50b1be6ce8563ed9748db0eb8d28a3937e82a1d32a82e8\" for &ContainerMetadata{Name:provider-family-aws,Attempt:0,} returns container id \"2042646060641e4f930abd66ab0c373ccfd8175621974e10a216452cbf297d94\""
Sep 16 19:29:27 kind-control-plane containerd[105]: time="2023-09-16T19:29:27.172320342Z" level=info msg="StartContainer for \"2042646060641e4f930abd66ab0c373ccfd8175621974e10a216452cbf297d94\""
Sep 16 19:29:27 kind-control-plane containerd[105]: time="2023-09-16T19:29:27.289458104Z" level=info msg="StartContainer for \"2042646060641e4f930abd66ab0c373ccfd8175621974e10a216452cbf297d94\" returns successfully"
Sep 16 19:29:35 kind-control-plane containerd[105]: time="2023-09-16T19:29:35.109299474Z" level=info msg="ImageCreate event &ImageCreate{Name:xpkg.upbound.io/upbound/provider-aws-eks:v0.36.0,Labels:map[string]string{io.cri-containerd.image: managed,},XXX_unrecognized:[],}"
Sep 16 19:29:35 kind-control-plane containerd[105]: time="2023-09-16T19:29:35.112390605Z" level=info msg="ImageCreate event &ImageCreate{Name:sha256:ea6488e478fc00f6ce2d5efea0a939743a4cced676eb2bab743a8bc9474659ac,Labels:map[string]string{io.cri-containerd.image: managed,},XXX_unrecognized:[],}"
Sep 16 19:29:35 kind-control-plane containerd[105]: time="2023-09-16T19:29:35.114319749Z" level=info msg="ImageUpdate event &ImageUpdate{Name:xpkg.upbound.io/upbound/provider-aws-eks:v0.36.0,Labels:map[string]string{io.cri-containerd.image: managed,},XXX_unrecognized:[],}"
Sep 16 19:29:35 kind-control-plane containerd[105]: time="2023-09-16T19:29:35.115932669Z" level=info msg="ImageCreate event &ImageCreate{Name:xpkg.upbound.io/upbound/provider-aws-eks@sha256:511855a80bcd77b7f2eec1523a3bafed18414b61973c7d16c04958b0cbf72bb0,Labels:map[string]string{io.cri-containerd.image: managed,},XXX_unrecognized:[],}"
Sep 16 19:29:35 kind-control-plane containerd[105]: time="2023-09-16T19:29:35.116936944Z" level=info msg="PullImage \"xpkg.upbound.io/upbound/provider-aws-eks:v0.36.0\" returns image reference \"sha256:ea6488e478fc00f6ce2d5efea0a939743a4cced676eb2bab743a8bc9474659ac\""
Sep 16 19:29:35 kind-control-plane containerd[105]: time="2023-09-16T19:29:35.118753879Z" level=info msg="PullImage \"xpkg.upbound.io/upbound/provider-aws-iam:v0.36.0\""
Sep 16 19:29:35 kind-control-plane containerd[105]: time="2023-09-16T19:29:35.120999647Z" level=info msg="CreateContainer within sandbox \"4ebda5748d1687705904d3d3b9540933a1b5458a5a2a82f2652d63b3d2ed35f8\" for container &ContainerMetadata{Name:provider-aws-eks,Attempt:0,}"
Sep 16 19:29:35 kind-control-plane containerd[105]: time="2023-09-16T19:29:35.129783102Z" level=info msg="CreateContainer within sandbox \"4ebda5748d1687705904d3d3b9540933a1b5458a5a2a82f2652d63b3d2ed35f8\" for &ContainerMetadata{Name:provider-aws-eks,Attempt:0,} returns container id \"9c5da45b0ed04e7de5a5f77041f3424ed4932cbf7fffcd05a75084eefd269d10\""
Sep 16 19:29:35 kind-control-plane containerd[105]: time="2023-09-16T19:29:35.130380946Z" level=info msg="StartContainer for \"9c5da45b0ed04e7de5a5f77041f3424ed4932cbf7fffcd05a75084eefd269d10\""
Sep 16 19:29:35 kind-control-plane containerd[105]: time="2023-09-16T19:29:35.344705031Z" level=info msg="StartContainer for \"9c5da45b0ed04e7de5a5f77041f3424ed4932cbf7fffcd05a75084eefd269d10\" returns successfully"
Sep 16 19:29:45 kind-control-plane containerd[105]: time="2023-09-16T19:29:45.079466311Z" level=info msg="ImageCreate event &ImageCreate{Name:xpkg.upbound.io/upbound/provider-aws-iam:v0.36.0,Labels:map[string]string{io.cri-containerd.image: managed,},XXX_unrecognized:[],}"
Sep 16 19:29:45 kind-control-plane containerd[105]: time="2023-09-16T19:29:45.082270422Z" level=info msg="ImageCreate event &ImageCreate{Name:sha256:24b63bf9ddb279624bfbabd38afb764861c4ec0b3399d4b322544534718fecf0,Labels:map[string]string{io.cri-containerd.image: managed,},XXX_unrecognized:[],}"
Sep 16 19:29:45 kind-control-plane containerd[105]: time="2023-09-16T19:29:45.084405382Z" level=info msg="ImageUpdate event &ImageUpdate{Name:xpkg.upbound.io/upbound/provider-aws-iam:v0.36.0,Labels:map[string]string{io.cri-containerd.image: managed,},XXX_unrecognized:[],}"
Sep 16 19:29:45 kind-control-plane containerd[105]: time="2023-09-16T19:29:45.099339002Z" level=info msg="ImageCreate event &ImageCreate{Name:xpkg.upbound.io/upbound/provider-aws-iam@sha256:09f2fb02dd6e382096689693a8af5462e2f714285234f20f9e137c5c90300f87,Labels:map[string]string{io.cri-containerd.image: managed,},XXX_unrecognized:[],}"
Sep 16 19:29:45 kind-control-plane containerd[105]: time="2023-09-16T19:29:45.100212068Z" level=info msg="PullImage \"xpkg.upbound.io/upbound/provider-aws-iam:v0.36.0\" returns image reference \"sha256:24b63bf9ddb279624bfbabd38afb764861c4ec0b3399d4b322544534718fecf0\""
Sep 16 19:29:45 kind-control-plane containerd[105]: time="2023-09-16T19:29:45.102758359Z" level=info msg="CreateContainer within sandbox \"43a18623fd714029b8ad688f8d986e20f3802137048ed83ce7a52812d5db091b\" for container &ContainerMetadata{Name:provider-aws-iam,Attempt:0,}"
Sep 16 19:29:45 kind-control-plane containerd[105]: time="2023-09-16T19:29:45.123729232Z" level=info msg="CreateContainer within sandbox \"43a18623fd714029b8ad688f8d986e20f3802137048ed83ce7a52812d5db091b\" for &ContainerMetadata{Name:provider-aws-iam,Attempt:0,} returns container id \"87b521687e9f75465296c98f6ed1e8789679497dd80b197b30c79f41df91d3d2\""
Sep 16 19:29:45 kind-control-plane containerd[105]: time="2023-09-16T19:29:45.124112660Z" level=info msg="StartContainer for \"87b521687e9f75465296c98f6ed1e8789679497dd80b197b30c79f41df91d3d2\""
Sep 16 19:29:45 kind-control-plane containerd[105]: time="2023-09-16T19:29:45.547119790Z" level=info msg="StartContainer for \"87b521687e9f75465296c98f6ed1e8789679497dd80b197b30c79f41df91d3d2\" returns successfully"
Sep 16 19:29:51 kind-control-plane containerd[105]: time="2023-09-16T19:29:51.300355604Z" level=info msg="RunPodSandbox for &PodSandboxMetadata{Name:provider-aws-ec2-783e13654b20-64ff5957d6-7f8hj,Uid:eea285fd-1c4d-4874-86b9-9a1022510538,Namespace:crossplane-system,Attempt:0,}"
Sep 16 19:29:51 kind-control-plane containerd[105]: time="2023-09-16T19:29:51.352071370Z" level=info msg="loading plugin \"io.containerd.event.v1.publisher\"..." runtime=io.containerd.runc.v2 type=io.containerd.event.v1
Sep 16 19:29:51 kind-control-plane containerd[105]: time="2023-09-16T19:29:51.352267384Z" level=info msg="loading plugin \"io.containerd.internal.v1.shutdown\"..." runtime=io.containerd.runc.v2 type=io.containerd.internal.v1
Sep 16 19:29:51 kind-control-plane containerd[105]: time="2023-09-16T19:29:51.352367892Z" level=info msg="loading plugin \"io.containerd.ttrpc.v1.task\"..." runtime=io.containerd.runc.v2 type=io.containerd.ttrpc.v1
Sep 16 19:29:51 kind-control-plane containerd[105]: time="2023-09-16T19:29:51.352606710Z" level=info msg="starting signal loop" namespace=k8s.io path=/run/containerd/io.containerd.runtime.v2.task/k8s.io/09a889e9f80901bd502ac72d81b8d5fa569fc194c1ff3279500683d2775b1eb0 pid=3142 runtime=io.containerd.runc.v2
Sep 16 19:29:51 kind-control-plane containerd[105]: time="2023-09-16T19:29:51.729948720Z" level=info msg="RunPodSandbox for &PodSandboxMetadata{Name:provider-aws-ec2-783e13654b20-64ff5957d6-7f8hj,Uid:eea285fd-1c4d-4874-86b9-9a1022510538,Namespace:crossplane-system,Attempt:0,} returns sandbox id \"09a889e9f80901bd502ac72d81b8d5fa569fc194c1ff3279500683d2775b1eb0\""
Sep 16 19:29:51 kind-control-plane containerd[105]: time="2023-09-16T19:29:51.734660172Z" level=info msg="PullImage \"xpkg.upbound.io/upbound/provider-aws-ec2:v0.36.0\""
Sep 16 19:29:54 kind-control-plane containerd[105]: time="2023-09-16T19:29:54.179087420Z" level=info msg="ImageCreate event &ImageCreate{Name:xpkg.upbound.io/upbound/provider-aws-ec2:v0.36.0,Labels:map[string]string{io.cri-containerd.image: managed,},XXX_unrecognized:[],}"
Sep 16 19:29:54 kind-control-plane containerd[105]: time="2023-09-16T19:29:54.181917131Z" level=info msg="ImageCreate event &ImageCreate{Name:sha256:9d590525071ac488876fe73eb7be768ee79cbf90eae4a423fb7945351dcbaa8b,Labels:map[string]string{io.cri-containerd.image: managed,},XXX_unrecognized:[],}"
Sep 16 19:29:54 kind-control-plane containerd[105]: time="2023-09-16T19:29:54.183989086Z" level=info msg="ImageUpdate event &ImageUpdate{Name:xpkg.upbound.io/upbound/provider-aws-ec2:v0.36.0,Labels:map[string]string{io.cri-containerd.image: managed,},XXX_unrecognized:[],}"
Sep 16 19:29:54 kind-control-plane containerd[105]: time="2023-09-16T19:29:54.190265155Z" level=info msg="ImageCreate event &ImageCreate{Name:xpkg.upbound.io/upbound/provider-aws-ec2@sha256:783e13654b20200aeb90c41833c2f59dfd78408f2da51cd59702ee794a94478a,Labels:map[string]string{io.cri-containerd.image: managed,},XXX_unrecognized:[],}"
Sep 16 19:29:54 kind-control-plane containerd[105]: time="2023-09-16T19:29:54.190665985Z" level=info msg="PullImage \"xpkg.upbound.io/upbound/provider-aws-ec2:v0.36.0\" returns image reference \"sha256:9d590525071ac488876fe73eb7be768ee79cbf90eae4a423fb7945351dcbaa8b\""
Sep 16 19:29:54 kind-control-plane containerd[105]: time="2023-09-16T19:29:54.193010461Z" level=info msg="CreateContainer within sandbox \"09a889e9f80901bd502ac72d81b8d5fa569fc194c1ff3279500683d2775b1eb0\" for container &ContainerMetadata{Name:provider-aws-ec2,Attempt:0,}"
Sep 16 19:29:54 kind-control-plane containerd[105]: time="2023-09-16T19:29:54.217858118Z" level=info msg="CreateContainer within sandbox \"09a889e9f80901bd502ac72d81b8d5fa569fc194c1ff3279500683d2775b1eb0\" for &ContainerMetadata{Name:provider-aws-ec2,Attempt:0,} returns container id \"eec525ecac077b881c878f00a0530f6bb8b2edab9109d4506dd01623d1768ace\""
Sep 16 19:29:54 kind-control-plane containerd[105]: time="2023-09-16T19:29:54.218442262Z" level=info msg="StartContainer for \"eec525ecac077b881c878f00a0530f6bb8b2edab9109d4506dd01623d1768ace\""
Sep 16 19:29:54 kind-control-plane containerd[105]: time="2023-09-16T19:29:54.635973277Z" level=info msg="StartContainer for \"eec525ecac077b881c878f00a0530f6bb8b2edab9109d4506dd01623d1768ace\" returns successfully"
